308817559
75076414
113992910
834123470
186334204
306749407
623190545
270127004
298270684
142444958
541087597
163540880
478011756
372321211
323241992
585763865
567113704
51292095
468194994
911585499
878927945
566213675
933392027
787932575
390339180
354553271
529604699
41299552
973548910
273099824
675765235
220286292
49518281
612822358
668985162
918167656
762389921
655000051
611146064
746016459
3577833
148130612
3006
151936363
811659640
227454751
348553828
341516831
69687067
674900689
506965516
679154544
194965309
281707240
920368974
837765646
284100664
638494769
115898595
395347287
902759931
356791789
766045030
600012622
807248509
644770281
199311145
698153029
502588348
429292207
204006626
548884425
638559675
843767927
539617667
678814243
593748885
390803181
430354729
178123
487930685
868883602
49186801
914126051
344678078
842777934
846130354
354287815
653753117
577067758
308805853
564754838
9
942770957
245295473
234979415
755997331
5015015
11552031
752443034
45952839
733451045
21895778
363716145
162935942
889165570
822760199
873342404
548371168
42358865
671596551
760552512
612391619
876688796
930517809
209895516
163594074
555561834
222530805
347971285
577246697
55498957
348906067
826074742
196469761
653035774
85920673
928791662
504248343
59058687
130221181
537570288
95922302
511136580
121995429
90251987
503385917
775019873
207104886
188811917
26720224
544661821
33423854
217104451
722186867
10020
353914928
12093229
9027027
641387119
986027767
841638203
836269566
947496762
739774913
22259381
655132877
155578619
845087380
520702839
819819819
107892524
664167910
764442287
157579322
601593025
736292284
497027450
178613603
641650119
139611066
849096119
690755414
202447234
372755322
3
418592955
645521060
264979285
84416904
270886298
972337582
509535889
78898238
131686433
534242458
781370934
119295785
12456943
487915865
414782095
461158119
207455687
263095144
52438439
269731310
426568627
337833280
985533186
100771079
774403590
170263826
674353853
93272360
356749736
665080169
955580370
607246426
538463488
985812887
574593910
887559106
751888605
75015040
28494738
997888115
157041903
153012029
268839143
691982049
965397341
926106178
236581902
692429204
17283951
147990592
254928104
173416664
153010221
308843184
605316246
756710805
53871805
965315828
439120694
829082667
799297803
760843670
226026830
844898802
404596965
308562050
585763865
84416904
134865655
918247585
858839444
804110749
979832701
778411946
655950962
712599015
482160189
342988385
645697171
12093229
827714449
692356423
753925104
896948909
273099824
529123965
707052239
188323212
269731310
90353009
937105016
888005307
540981644
119680945
630862999
14534448
943801641
488173064
521005921
206168426
877972740
907672830
13530269
143631537
827428481
427406940
170337014
536474713
304590507
388496160
716482361
813545698
452763704
561861437
607160115
580251193
421589554
688284716
711039664
478771790
278832587
169548159
180207213
859348928
274294957
451562137
473274349
408858920
511164566
330412515
638494769
946271394
160450503
394615627
443786581
192461077
854397046
697777325
59124637
48479536
584734195
318531329
450432982
939464373
683734133
181132707
846032607
354553271
365480777
861339889
702152458
802989058
41978955
331243044
432801044
850922318
35830578
180636156
650114122
213314511
854814751
983894541
34288280
954015042
89602496
806563491
964642067
962729375
467897634
319656781
434869817
332261598
80027461
113742639
281848102
411809992
466216430
284135596
574479666
67610075
496657525
58670719
488457855
874721844
226681044
508786496
95533793
262557606
977046530
788137008
596074969
503551791
214442251
943501647
946300977
876714937
774198399
451618672
617972238
585315160
28808255
399079332
44651026
789786909
945966511
678498679
668433543
393351714
445455084
328516186
369829850
601372687
609977145
479580987
669400550
23046604
563799206
310809554
793772900
916534598
474813054
628675990
243076760
663136295
610315927
883662986
992318407
945518140
126818748
70715584
423318434
356158496
303534973
894534625
69340862
824895030
790873973
516358808
372290743
625285318
864845295
353520563
3006
19696733
55074003
831187219
238821759
180752805
643959501
318310983
847088555
835745553
668325405
304911278
921715974
776856799
123873287
533695335
859818936
959903700
201974311
610210173
603671809
878350359
252647238
28534642
934097585
4012012
689128968
852063470
820510751
269731310
219931973
444671643
354287815
28494738
16313213
867592856
350119569
779496098
165779827
127922255
7021021
897507616
324692049
471285085
678722532
955895178
709510750
400763566
582378851
626148899
183169360
930850851
432145166
15744005
413055446
443590001
28241537
94573220
348471450
767155594
445259102
253359268
496657525
395360178
997406627
197347321
884099515
732729853
91088347
556477563
397679876
386421888
352806785
251709996
261232854
865563432
318917387
532671872
626581341
899218722
797180993
271753780
31074902
441969068
957367106
799540234
798540536
631357021
395149022
386611480
531127849
239144443
792886906
310013321
935363397
368412706
580157969
771935585
64958586
699887339
242758179
808061695
4421649
195908387
562485258
10030030
960015251
40331557
904594010
107892524
774198399
417819822
501899146
977349143
134714908
90197711
810439122
628454300
832945536
446074690
489241400
269731310
928629391
547086850
93698781
85777540
51854859
111749876
201778885
807917953
3
991207934
641650119
631611819
971905000
331429679
995717876
852424745
735931107
617114994
315864419
143630535
521968899
153213029
555032266
634873820
238715831
329165814
73219121
104596001
756766497
482636337
810428111
560689765
409282712
579594850
978620095
258987159
250011033
808117394
486236178
452764706
556064089
456399103
991877169
389738564
93884716
702367573
684553044
164052780
91354884
210037185
434430242
207596175
927415924
664497527
288135923
253171215
731202604
186819539
966928152
910398000
985469337
136154749
616349519
572390861
90585955
106847087
160665469
986113375
198484727
849096119
606597023
980177390
695674241
520858264
710589875
757050226
452608100
326400033
889999815
977241967
411700241
522365048
716051499
98869622
461529416
95187184
107957226
427459983
803031129
590335923
199928928
160110189
586232139
444088956
360273323
920087149
281654148
77921868
268063918
192851367
581829559
531625300
598177201
865847699
210198442
2004
463862945
729669299
958345751
972820818
872007809
395360178
663038728
10
832711576
434869817
908058794
31956337
511819903
755476029
335486646
41928927
742086142
668581757
543768305
911643320
120706037
875643497
649003562
81069517
351803782
693232959
203539548
378290717
287597586
737603533
773332429
788608572
329165814
952205385
991750769
234762200
653916051
748640501
189992465
87022982
494823367
361886949
122828285
316432950
356683458
5001805
126560693
536718523
262774661
720605990
905059640
235986260
768092229
400330086
796481648
834571694
589872326
570027730
370926552
173369896
887045591
319116111
341516831
563010826
759667945
334310072
335765295
615479179
856557279
765793157
772248020
596430242
220476443
979494726
229961704
56115910
774198399
540781594
449745688
719713092
937878542
355530260
963207863
92964831
701625075
639670348
688141303
501899146
249954941
648795256
614724000
721906309
170013900
28691323
262292255
850491811
742790996
913826791
342147002
4008
812552241
749237094
928356275
91317405
163594073
847980083
773519479
184987394
465364629
461018003
964936
28823207
759222175
2004
601402649
187745000
610061062
737319039
311222996
4881410
477877481
31962950
382996387
775406107
944210950
3224154
565968819
546309443
852215464
992192887
134479756
851351143
332216446
139232271
333494278
334996852
288844959
670370073
653639574
514892893
445835267
538151006
128887919
41057623
527955593
482481416
361908860
817566041
914126051
424699116
983450279
197472631
452882205
454302440
427559409
317975321
926106178
858632424
926966356
341702046
178959198
730867772
189399389
834952529
478518341
261405986
290774330
206712399
95816691
577733062
157170617
508368716
895513097
476268113
696356868
710927114
275949251
411727702
463859969
275822119
936607321
730756934
997444027
452283808
58311921
385048409
3009009
527607159
309760434
601295224
400667566
508943646
615001815
726473413
792081743
718608601
786341489
299639644
692149961
388717627
663949943
105167660
578402787
670928186
770086526
681074528
90197385
918942744
123876487
667950735
641703577
350178285
18721844
665231147
481605405
114950256
503906523
550240919
109278318
376763992
899121444
709594060
401168641
634873820
455861104
452136745
564968942
65415460
361886949
635508841
310729924
595568784
966594334
588587726
224011820
807397605
367565448
223308719
972779470
57171287
198640174
153163069
887891382
406723426
935905323
978229290
543770930
420473511
887787825
886372219
9161372
442267248
533846220
153967389
910260966
384723777
265780467
598324292
415337510
131134194
591958413
435300301
547592216
845163286
990819829
543904626
13596903
9
542975416
547822334
110738911
382782504
140966041
79189766
33015033
83945124
251709996
712578120
225956094
368709226
344245414
452598425
68120594
981669065
487040017
232523824
845348737
101585939
556110530
226533534
301895394
700790108
50685873
952310730
278199793
397397963
122828285
933267980
228233791
297653653
735931107
851475107
228165132
168995510
182265554
285571939
392116113
343226622
911960471
389136109
910749863
35381689
313767487
12793324
716352259
432236367
439270726
869948527
905136519
265777971
824608860
65223423
385199160
780040530
850898798
794112640
882154172
305011996
710764764
862960984
184240984
392651214
791531516
75189888
12456941
153495667
201092140
873121844
809072027
56234786
937582269
342101413
51822761
370613120
474504672
761020347
477411678
446451886
160983764
971241375
612186128
390167564
176860009
520426597
187229992
245581176
163052676
199859329
920113563
485423978
910283708
540101444
427097349
913521810
516071803
51164190
157041903
912724849
779709698
160983764
349879430
937117294
907628340
599030108
603120630
432039568
122355882
403431321
709495248
248400392
535776613
195836593
684607676
284937960
478551578
163736918
617756262
637282004
676117785
908561146
15
264081867
88853170
31692966
624615735
40869219
35945975
45594192
160200494
134692899
715076584
166358139
926529552
101494935
335890900
351136017
674808312
452316754
990884204
922497785
709441801
302484673
656687208
236629360
451975217
72236227
137729918
602068679
65033474
283132744
434719210
717989189
621598752
141566372
616872120
572646141
338667928
829946910
939814717
75015040
453084299
759021944
43192192
503661783
109991255
269731310
491948393
543519503
882018754
905434139
245284876
790565997
509568920
767842813
576667421
397366512
957117261
625292022
207184582
944456917
459021743
433933515
222981221
658906089
57616510
412914686
345396849
268043504
718916662
9075681
709510750
854198400
331478851
602530704
132014440
408662012
736639617
541767592
890963363
538082770
749536713
780745440
299863609
192340233
328626095
10415329
365320696
593715622
395682109
165413582
247623833
488457855
972430366
7021021
516213166
133260259
287344819
263770719
190026404
273305124
736292285
503334177
437010906
570840249
423519672
749148148
281932082
324244781
40192744
554957977
637048674
326692693
991954054
126234481
868883602
787393310
13039039
222098473
190922216
993738140
420251793
355968076
130365472
857130186
662722098
458365148
638559675
225535201
25776313
272886793
531484673
409802403
724047712
352029697
973381421
837814261
632968657
293500552
118777113
954439376
4212937
425164252
34518388
985838552
684273250
40805100
798463748
858632424
937927977
472130093
34375670
408884975
372037298
876999479
557479428
75189888
487915865
451399534
767935708
895704654
716474871
252962015
580336360
372321211
934798319
346989631
265357510
923669234
869080821
618450406
691324975
553904853
630120731
943801641
338470727
254001168
313847408
325386264
927378063
603331069
608182526
13
138625829
30717910
274849426
325298830
900189461
824149005
59493406
174193183
879064546
875847284
13039039
54183590
671806024
499751305
248308696
241396718
181169640
585937146
850768283
97456874
123785355
239892065
633882145
198235933
599852992
956487653
439102636
411596138
445294683
833387185
495246970
485886152
246445381
395041117
927461653
56916492
545971567
29178344
625177883
465468939
160983764
586539639
34790916
551240154
478589377
864845295
71925146
9027027
912152263
242758179
129823983
88990646
150372893
306313428
982026282
48705242
754954316
7223675
157579322
500381170
860014736
734691396
95291222
15030
25445344
502214548
993137966
113463246
970626875
72454239
415843541
472801423
661668880
140034225
305746415
833904221
207184582
707626236
427265153
733385065
567370479
74412406
129029691
447583596
67332197
310848187
335921665
813481623
457101078
964015409
31994093
10
10466016
635272259
566220516
762368026
523996161
729250512
380193663
10020
472517348
583140499
925849366
433595837
380738497
349785876
701840467
147945026
483752738
808680860
705435152
619802684
437332499
613639268
209844603
952310730
527622211
70370861
822802919
332427620
857452428
426849699
383611576
889999815
837610332
497086529
742176565
817709462
365413424
441260027
422107327
550562827
4697298
642777149
62993064
319118718
427406940
812274386
366941461
244921544
654047355
737603533
14324850
307876467
944566280
802634921
376763992
550565025
388474963
834605189
645486628
368271181
957944384
973624107
89984395
529211253
247186900
298885121
751909994
169698601
259216872
882362122
235166548
663452935
451301118
924968984
181361287
638323356
158987571
18348276
585525962
711440478
972701385
255651394
452673188
721563954
681943365
205079289
513486417
8386609
673349441
845187704
970727391
478021691
847088555
412082292
60176002
547594220
755185521
355358357
69539157
163540880
724104837
578610891
70769694
41340768
955074450
507076625
619797079
152991450
501254254
115766251
936683603
362265414
127213363
848213169
830070330
905388719
187771884
423021271
585259375
799224120
380193663
934410925
526895077
556698781
45266624
537288172
723324676
352688316
763048762
120498195
363822426
10020
335027837
773572259
812272738
485674489
981095047
727416515
845706020
842278732
289958529
228986544
821504398
51854859
734659531
457672884
527488436
615237867
797055827
853310576
402071485
154837146
506931283
521396539
875257444
762244744
902654259
364959094
119324966
310589666
186102193
853722994
153803898
641486726
865847699
779653437
990591350
54013456
234574250
315438071
257028132
212853225
176013118
958650546
311145076
426187867
441665680
32606325
798024943
841447043
962310667
971164111
410575742
928356275
347969621
571844798
894480458
932682418
45952839
375357161
322644397
211914012
779458306
451940553
207184582
958208168
22935190
507132872
9018
247652534
594992524
321848764
585763865
60547201
383101937
921913377
866813422
48391249
484610107
626813967
281505412
652883531
813302708
199596158
108593445
460969066
979353744
990193956
851475107
692094359
531933149
920831028
286895980
254246811
887715063
614233144
753773569
580251193
787812860
778218027
548989002
862479555
685181778
973588109
270330893
549153292
77918982
824444824
774198399
675754665
808024455
841130247
153379762
594992524
126731221
313212683
343365568
454302440
346144772
68431593
522392747
782557446
953284706
463383665
356438493
808427442
763158714
43793417
806343080
333683394
9097938
73969564
332392624
613964913
608860870
723164068
565190504
248993076
475066010
111878306
637048674
2
567841782
113026833
583469222
482481416
538463488
707831860
332083955
821988194
973818536
851566007
372323175
486557204
718916662
707626236
898761297
151929343
622911345
195339309
348496447
203382761
351625835
527147190
544521448
954439376
739417717
359970941
392026254
495510245
703524577
270807218
69129496
969237599
700286660
6236484
274145578
862056437
855900529
719157490
236631846
187514883
925696792
97220688
114845209
996965662
490805382
881045377
646626276
844488054
653889244
56421459
702494056
205470840
157387145
334705344
165024069
213387612
156125438
192527757
819831685
797674594
678137136
328343780
356749736
393614147
256202984
841989076
895729708
431823711
241083934
44795641
911670296
9
131933026
140266342
272825893
12838703
536353520
10958956
784776193
970381691
305746415
772307151
310568871
585315160
97978832
589430741
469206257
501899146
971299872
807459011
454699164
577700297
932020679
591410390
224942936
321469154
328626095
896033843
307451445
164045524
553647944
596924762
128916928
376338594
299761283
524151749
759546328
376515844
832842438
93698781
146512349
212349558
578946951
414710734
102386118
57616510
986741891
921386562
708330067
648349712
466507367
978099847
434199049
19220522
160930505
683597630
825055940
280502410
875562725
748041048
312850037
926397718
526500915
374367932
996809838
334310072
432039568
374367932
98542469
930833108
9
650595365
993964111
390799863
611124619
832679190
536579061
262228840
855097308
34569906
700920516
445965169
347437642
354553271
885894142
380193663
140966041
631491776
269731310
890514297
30129954
167421867
74343333
776775196
822802511
605351734
64754645
163711956
835525175
54350892
940274768
107525765
4381102
457829086
849260942
955754962
314916389
782472549
215125513
243817717
59027480
695288897
292746858
349879430
183284264
2668496
871601187
294957066
930789282
547379479
694789100
268839143
835538588
5010
486303439
906012813
741949977
914951342
123400636
593558298
678959837
40579781
256685647
859458737
502266118
302972859
601295224
427757971
464642154
263637562
336779194
170013900
90870855
247898553
466989655
749983716
176158082
4850804
490597439
241258060
181169640
489304681
851475107
132149607
4008
196313399
454491847
716447930
585762307
777184083
566220516
490198344
495482302
308091782
729541088
424933448
74343333
954439283
740344334
478518341
899279044
936683603
951250660
615538213
309617645
283804300
478059298
196469761
771537347
262292255
575411114
56438717
596473971
560553852
142912903
716289319
148741259
302960075
707831860
372323175
180281576
325549370
52020227
669409
875127850
51854859
647072940
683116588
74998919
247290438
339584419
261290358
180568337
317808763
400667566
609279575
422898123
103850482
735931107
628567823
157579322
114952260
101054811
594066203
717794558
697960181
693224292
550072732
492150327
236874377
12953923
623393106
574391528
422898123
659822472
907110930
24833611
545809649
232523824
957569272
566220516
895532314
295678126
539009330
589196504
64502279
875030557
633882145
469291565
12093229
912718459
430253714
512633209
502401804
566143044
667165414
806488235
356683458
478765050
641650119
555354751
424109143
411925876
900439637
846115438
385958455
236612998
923670236
86424765
340056217
897088523
604740620
126731221
564127156
14293555
145106908
612337567
75189888
60176002
461209858
454146652
563449039
772167495
50545270
843785889
162001915
168533924
468525777
500047833
525434345
461163227
736292285
741423655
404455789
872959893
868179479
797307536
849625354
245648862
89882614
480896905
449713957
351738106
831187219
116482680
517432348
67784110
615448008
616393883
933901853
799650871
405420721
433924904
576086812
301509086
940304816
164797231
923632061
958304603
766293501
866143137
774403590
104424810
467043414
570716515
600403105
492348679
652529657
613610039
874302864
952314430
376710219
866748586
496657525
332617499
454038295
599851990
941116853
735931107
630817307
350992856
812552241
959889827
83945124
175869053
216682731
608872393
474021830
75083969
939222542
173941474
133470479
419013836
234350499
945077522
765568752
334309070
666303628
925849366
931297417
501622473
9
7021021
707831860
943300567
941116853
725251288
102491237
442469388
834549194
993137966
776857388
320587682
466962627
65767657
354287815
930256129
573636083
269755906
121834949
758605860
80225737
528365415
934104725
815635631
151237671
952606006
243817717
254434123
628910423
261232854
764376328
884616220
663208101
482171574
978193356
638895720
415843541
249736292
939936621
500956767
427265153
736663010
638859901
101033227
578643070
163052676
803825325
84086669
947530212
553299696
283132744
411680266
439270726
791155427
849096119
647785864
539951295
774198399
332427620
661678051
618397101
894298435
826509970
837172225
665696305
747705027
630862999
448937080
914126049
433214934
610076359
202431387
349401940
487915865
189540045
333726027
704213208
353915930
402809329
743591089
748732935
325298830
114952260
243990858
545665980
607599814
615538213
433557627
305636159
833814437
475066010
803427908
305950182
273099824
66391372
824149005
363716145
673980626
539551818
906395741
589241426
182109490
822772571
648970433
885086281
415318589
978633347
311802698
176282489
851044487
60408500
498124999
362208502
452595204
664754196
609142996
41709100
578615962
213839744
838477945
321848764
626326976
573345194
489801317
269731310
712269083
421639715
668581757
195987951
160983764
368539355
413337205
913811586
324244781
661524601
240601669
716488642
984226263
610857556
350354511
519356090
702367573
142468980
112254481
277144826
325434820
352806785
198591940
12093229
202440386
117499862
303785416
420194212
462045781
540221830
466528958
582049253
391770668
176013118
46835000
522458371
867447225
782367886
964650323
284937960
160983764
117499862
930065218
724047712
136142102
354287815
363996407
864845295
947138914
927733244
331694515
126459446
860503108
65182086
868447380
781391032
769926734
229126747
255566705
815412543
506883209
140833766
27873448
575968053
817701230
3009009
11033033
350334209
615782970
776963246
251117683
855710154
954607447
702256032
639376814
617714988
196815562
525472289
638559675
137660929
128271942
868677344
719157490
808726601
900083977
885218373
953556385
321097613
319915504
492111758
257327298
487915865
994498816
163212682
363716145
494542848
807459011
660484078
449175310
923354041
776877216
696762787
344678078
176543481
459523231
758826761
448402208
696674358
617478801
946772190
900484377
186852928
940268700
550631648
226327299
91317405
665231147
868400323
354014825
163351484
113532905
806703415
836659626
135751866
586231558
687537024
507988842
450271561
272051043
293409485
769998263
793360169
326795782
197907192
573981971
419315714
334705344
157579322
822351622
708159740
848606660
876330831
665272699
732720458
365320696
580241541
474812988
867846231
256276964
555870608
766350495
742566317
848585221
365986287
76129686
448402208
739124448
526533243
494768303
560953662
756042882
641942242
854656289
703239904
117499862
773750289
774198399
57023278
811565552
270058189
804953418
634872818
535576058
843542172
952971911
434079797
802979972
630862999
142519803
861093296
647907660
93272360
456642978
410183163
262243595
79320707
395682109
344754696
474515074
605012888
805531435
269111674
89394854
431280713
477877481
404455791
800411364
626060424
591242295
239456762
775312290
983276876
665273701
696855423
310647525
971057965
558969797
375943148
511852963
241420109
506902644
838282213
909603479
548633090
187263046
663914493
480492066
32102780
233572561
666198139
59416228
47585572
834571694
140992244
151416737
569471149
435036065
502806657
83945124
62904074
357719374
711571618
103882587
716008398
308668950
275001669
301204951
393237865
696089319
615654338
421391793
349883687
348757442
237317973
154261890
188811917
610817350
363949559
829016239
192590447
741460412
673665316
758605860
784445593
896425345
254456084
366931023
895949445
928629391
423318434
851918950
995395350
412034554
870225964
550337285
709510750
16382792
502238122
409282712
339776368
482176777
440463275
595463868
902095057
452447562
175646960
932497476
245310369
36285839
538708018
475066010
491030870
331768910
480604088
595963162
668150504
377808221
331018475
927100053
40512512
645697171
1
13092232
128271942
61588242
404398721
186098207
292922100
311560797
440070627
640153618
333753658
740715787
563697443
53534667
518500365
739140720
918335353
285189003
167515613
275951965
461488891
630862999
757007914
811127125
49988363
162938337
907682308
880074880
582525417
400330086
687325203
638559675
817543108
427265153
731168995
674675795
512743480
400081921
928629391
447473345
5010
769926734
911918750
744281102
475066010
495482302
696394160
652484172
529020068
665511433
518799468
577582036
410708634
546752382
690586665
84185120
487915865
645697171
107645617
412314856
481061241
296520593
7
681597257
965857705
657711716
911569842
348998083
734086067
396751420
849056646
985018929
997467085
421391793
752640376
141634475
822772571
828276683
960317338
298533278
411809992
788762217
119558864
831930785
449838568
282529925
291939831
124260856
479024111
219438820
30924801
308817559
930777259
943501648
135846455
804961547
410086275
204621569
269731310
830040907
196072387
464137157
259216872
486851503
349050977
757563956
82506981
165633139
949495116
209303916
369444051
13746530
930835957
277112839
705615004
31074902
872386718
990794505
447896559
497443316
41735154
112667400
398023412
716141377
570810402
361147096
588602540
382114451
567526338
913975831
948245230
547745334
495482302
975735333
5
585315160
661250003
629471290
497192403
395159105
376624532
659889307
849096119
39839567
904830827
2957338
380668188
221728574
983612897
302278787
380856145
573561510
751280884
602076811
900736940
154972052
978148584
56598497
918396752
416246969
838494065
255379765
235963208
219009987
683726800
207645022
387795776
127390354
656644035
728542637
196469761
571646415
628454300
665696305
238565964
580336360
925849366
479797286
753773569
182869841
243990858
513891258
51501939
730883423
57718602
278714354
233644569
893156320
725630515
973127000
961779206
38442251
596031415
593558298
550003337
408170156
485603961
121995429
216703582
948245230
160543310
336871753
956526751
315273064
84108761
547804210
670266943
718916662
601593025
459794844
838261633
688984159
644221098
83945124
288225389
709394079
906436120
85920673
638302206
821529034
585937146
707831860
30590520
945830149
436339232
900439637
276385953
645521060
508502742
126264278
315764201
568707080
568204575
77445929
334979481
896738397
345738272
481723245
998128016
823873405
622675419
851475107
726739946
428872800
413947536
767935708
192527757
855840255
332546207
104052158
66391372
915818480
934574646
154540987
663592425
621173411
321848764
591151972
922734383
804721619
452019939
806018144
879015382
906436120
673619523
439270726
9730533
695248944
443170980
712153531
812272738
709394079
908291136
768498504
826961101
4331606
817380781
411689798
87445436
220973181
991537437
107892524
787116424
518498161
418692085
871950181
242758179
860420399
325552396
162462192
277533580
141943460
762845605
555561834
901612090
128856935
478771790
529903425
379140809
984393018
377599751
104233658
101548344
167133453
425706450
8593726
841774321
51854859
844751329
965537418
791457511
186379262
282535759
812552241
96658024
657380044
780519638
31621353
558969797
443557514
769926734
40331557
684862460
367617507
860750857
267651843
31080215
810205763
759024391
653735589
221437439
869099689
670168587
551919081
922138480
855128446
351738106
181489882
442114444
196466265
726200016
981365451
666234361
808216003
85530293
188995900
956806133
36771167
798540536
131080258
558698456
184543955
261232854
785613687
411809992
768810578
687462542
815925741
851475107
63245248
804110749
253375762
919596655
89962515
484404893
88369187
964538169
511852772
203848363
161787927
436356175
295160948
816966365
142519803
117499862
794755656
623416143
480860181
840393063
961398253
286556567
437434874
734930538
492559224
472914705
680703994
506868461
295182272
887566137
45137341
711669850
45490743
181422186
815622345
268323970
460785528
936683603
114952260
587758039
474179713
752692970
659822472
256877858
906436120
260607155
181687799
571928124
75832755
823610551
741460412
138840624
219216117
627624395
224201024
704520804
717432267
477969236
907165277
813125995
369732041
957922855
455851943
398606237
43028622
78225942
50622685
362345125
509453819
957348384
111053757
9018
24790939
198649259
7014
868344018
950489176
910512815
911569843
572390861
415843541
817701230
562878354
57616510
732818520
97180004
124084861
740291828
253295814
344678078
769998263
175430798
776580244
159087718
276724412
298486313
187477947
15639663
432410111
333802739
244254302
155165116
557893591
332546207
10020
11523302
68313899
396702474
544966553
264623980
316197960
623432900
400763566
553652716
647937116
348744015
376124292
390799863
725461896
379069990
921739667
804110749
94979320
205196601
669990686
566220516
524413634
475066010
401420067
93698781
117587937
903832955
75015040
820168729
135674715
457611244
523327309
585315160
305950182
523685019
463383665
66085522
955754962
305746415
807459011
725325802
510604338
275372270
324076275
281382350
811874927
219635363
454220695
100487659
596939688
795912410
551680295
347671942
51854859
406065
6018018
712599015
923158926
934649235
847405258
958937772
5
7594452
16282423
960637334
66391372
273099824
794553043
964342610
347429570
860420399
764535630
680093308
366341379
408653140
766369226
653684732
31074902
397587297
542571329
876413126
262292255
927461653
58847827
904168786
339509366
532081148
962745127
291316315
760177402
272161557
418450249
894830900
996251865
666611917
560751533
517879757
32762062
67394706
273439052
65290652
738043570
717809713
652032717
214594680
455384158
44177683
272784356
860420399
69094176
612253790
957759092
329163810
688772199
505938265
609711205
12456943
580251193
990591350
305746415
89839979
26354372
529937714
769926734
603430912
779319295
331200768
488951255
459500764
565307278
736230402
665425371
802690596
898747199
691523848
604740620
898862533
674389750
927084746
16958677
942613051
479205093
414318307
344678078
630862999
783419993
103592291
403477887
875990596
521375469
697408134
193407457
418982542
301520867
301335767
35405483
427105172
54973459
753629541
374774619
273254711
12515433
351738106
74846730
473447538
701976171
44048358
729766386
736417831
957988399
407663010
337076216
146137465
858024445
687676666
324244781
818212458
45269467
670078412
236847789
684616633
945830149
210938173
341187411
460984854
168090575
769926734
704510894
96477646
960168303
967085892
142543518
576321581
557949725
414786712
376763992
278210680
647982346
421678208
424191491
420876776
337464487
87077618
952948436
800174390
830070787
82506981
332427620
684697699
634783482
831669562
554517777
84707173
623052203
154261890
68313899
674245095
899649148
882584099
49405666
288110766
838844629
35645856
785901020
776190887
28808255
552751693
428201431
990817904
84375637
600060238
883133418
947570244
806504907
991306713
151264887
236581904
447146759
160401969
873080871
309397147
160983764
807185264
576333810
672367635
736292285
890260005
452227182
906336543
309893424
323172956
581433731
834549194
280035842
84108761
582486364
951164652
822122481
88612813
136062786
679924531
426593338
785698413
472517348
974322815
37958902
353915930
218148657
423327382
517362664
100220903
393749259
474364033
814072926
214078665
552981242
510161513
399393643
134399379
952310730
877527345
224150703
599416891
585190850
916925238
768982202
379140809
964334280
594992524
537786373
544355548
707304028
933809432
350523268
300227498
136554467
481815321
52020227
16382792
359834457
805825469
52813761
625454982
609977145
151569075
821385742
220233701
458779114
684282267
253435594
847212377
514708868
679042373
678770969
5227273
422563192
646439964
968233962
839920385
945128566
825408590
422269667
35790670
604278103
853980650
236549843
501899146
924968984
104233658
442027555
549784257
37208711
908921293
817701230
895520659
509725107
256649816
952682552
722985485
698757582
502946866
944402829
997320839
80535146
479451647
140242591
240655251
428669189
6077584
403414578
259362410
65638841
851475107
218889909
733772448
833718184
899327051
849260942
239419106
594992524
685924501
782940670
842400593
335364902
769916604
264979285
621026746
249556469
544266558
619879911
412920025
332048128
936296415
692560895
706663428
10020
515069770
247240546
79882251
505062282
287344819
375924828
414204631
148029146
42363021
475980818
248675894
415595882
652527589
128916928
446293078
435388090
844102758
852215464
468612597
150315419
794953008
267586918
323635510
550562827
165705366
57616510
402424353
307876467
182706019
543781758
77561959
208549786
11523302
71696972
907561783
733451045
99646751
132200847
686192387
767652182
262879452
732121295
448888766
665785783
619114495
442974069
604790757
436167934
840352963
58615117
477183785
366314912
667763184
838163610
224736865
90592499
577700297
415602781
480486781
1338818
484039704
414373170
553299696
232286253
272392755
132884136
106143004
794187118
575851907
113438497
57862818
978410509
5015015
765793157
824197879
126234481
111762985
176430058
66391372
321097613
581833927
198346704
437994166
636847849
691350808
96509356
362208502
808864443
833560489
251011954
422898123
864845295
33017457
116556422
219196615
639978348
228189654
34256392
619116144
110550043
923632061
549286846
852501298
221188004
617963316
276245950
495347349
907628341
43834226
793360169
778615046
572390861
838688033
443835078
814328099
700602767
105935711
669417354
659513209
70573045
744743351
553623440
125126458
710483750
440332514
441898830
914056445
490633123
804003081
777715382
335140253
528477872
683597630
593558298
784627955
68899
822129364
132046264
996251865
188811917
905531416
891392218
57222615
811874927
709394079
433400488
648795256
356717865
886790483
26057518
798540536
47664863
236015098
292216907
661524601
67529584
889528371
262139032
244951135
201891497
302406289
594992524
54350892
130635457
147573797
477877481
96565089
737715432
60331232
54817443
847405258
134194268
863861830
948245230
43752356
229470627
57616510
21885009
382421490
599641497
666804300
39478284
774407477
767939204
685172059
74343333
960294395
253068508
486989830
398710828
904187741
227952512
901601491
420841517
23252656
284937960
126886728
290306536
305916067
514495174
728217513
729997922
977299885
795661737
163180888
387144553
119978709
376763992
123230392
603671809
450045296
74016482
840488718
815147585
550411562
564829416
767384461
737633209
162051872
468525777
288472246
23046604
380193663
877368374
105801211
337483481
253273175
463526647
907960484
527853171
617190011
463383665
578443559
720305965
399095159
970626875
220476443
701166984
170689843
97461983
688814969
859348928
149557060
622591438
845687265
78620987
251709996
934583428
991065569
676322925
522757250
236581902
3347045
772515996
346647883
521228014
971905000
520782989
535027578
641828115
786573681
218649208
990591350
929387174
269720678
297972938
117700275
672576635
788992395
569543818
801458110
705400864
105723737
157538822
403089911
707836273
735481163
56421459
319209385
614328828
138079075
305067162
501705641
427265153
996542224
178359528
233222331
782234738
937927977
528907541
867084336
208989469
367106809
189278943
273099824
918335353
77368327
899706290
312642659
104233658
707831860
128916928
284992188
904594010
67456621
21151610
971178859
295160948
533891755
927856226
710662654
822790633
669294233
91433922
476441544
1967169
430042842
605316246
942920208
469590339
29875030
854380144
505047617
341792453
385502669
413776563
343157689
679874130
422575486
550562827
147450188
256189236
639221400
610083949
603446859
93272360
405541042
849220314
782758554
628454300
911624680
145687652
505010626
102152233
990591350
85475972
972323278
2270953
94979320
725816329
663686032
310647525
5211462
956526703
134865655
980944381
883348215
93549444
972934333
160983764
436477538
104553719
806292041
514667638
906346417
749129070
946271394
10241930
297626897
137660929
380548519
509080608
411600940
841264946
242548950
710386644
463457689
505623484
199640680
332504575
851464095
476434634
332392624
125051694
751445246
487707768
78882756
464642154
588324994
9051364
122788670
673558388
7014
513249579
964456158
88831472
913021062
440793620
440333399
756841790
707831860
341516831
679713678
100794531
978827760
538133711
10030030
320434329
423224670
270453116
696067913
791175618
624966267
827698270
22312932
979958004
786854977
429128847
59373748
29294160
180403155
802634921
283804300
198235933
86074208
662175422
607277077
657009304
203427404
426187867
532743256
256877858
331478851
272258703
439966140
172077908
620427442
333878071
588255899
720992258
546384655
890780439
466873688
452764706
532640388
178980093
266227522
434067995
538464503
427406940
210090221
258439384
622167874
196313399
944761947
398797391
449902575
80225737
30859047
499022787
342116180
306704116
310448322
828371658
793360169
380193663
21992412
452764706
959550239
63342043
693494659
603430912
673558388
660759793
875445158
958589399
239539743
857560686
831613924
73532459
505047617
754680780
451960027
947755523
810039568
479364287
350119569
202666939
638494769
451467609
342921054
187458762
384034605
930610017
906244653
219963312
664413248
925849366
392505695
595568784
324580553
578309950
94333420
804714440
588892502
713579685
993137966
945830149
541176557
441501657
693848891
158287157
951520494
769926734
207184582
462088996
686775457
225065224
70853990
607386960
284845915
813333464
572688896
625692954
939037157
726593160
306735920
378916106
668581757
423318434
72489114
505047617
236985421
19677747
97001010
750427024
302011699
255287167
647038281
349031714
249690497
745927001
434940889
843917060
404779563
329346783
977152935
157387145
601295224
871902706
629573261
441836833
820510751
349612628
356213132
585820882
575269061
606267750
880439326
116652391
936378367
25686606
915978797
211736667
786956098
439859736
298661176
106263894
617187369
40704836
512463756
529484503
262557606
828276683
50107312
719889004
775518946
773785944
325240442
514358229
489120080
500984154
611626831
585315160
835678917
157134755
5481679
192363495
899605365
972085309
653579657
706472215
411809992
915844028
575800428
575870756
340508117
840213664
323355640
886221376
981523045
933267980
537235276
482481416
875512775
490916336
712690132
336975965
773027330
171930726
205788566
509287685
883027586
735617706
672970069
729835806
106435042
98464425
6943080
601593025
854814751
698017758
40331557
747932808
342496388
997222480
65415460
243609438
85276683
507043130
254652923
629691324
195339309
512658893
341959211
699879898
302062031
522386260
932042995
118898253
828916494
66824703
986588639
807917952
408858920
257592027
393002133
125002348
622882648
863549915
368803704
365303
269656996
117533552
858094365
119698720
107645617
589389406
193656860
500162581
443835078
294490377
562950297
855455999
288811301
560206959
927537029
347613156
17347971
206997378
535484653
843916103
825005007
287783399
121634024
164797231
267884861
595257311
949056039
101585939
87827215
84108761
328926591
535413509
81293931
875566411
859548351
784044155
834992052
580862230
997501402
860503108
850643599
987011279
809215384
623337327
908100745
362844372
537150910
609977145
272323400
423133479
959310834
640872839
113862314
212364981
533017859
851464095
308064632
68483561
782859728
898210023
12456943
492815408
709510750
693963287
696862891
641185951
402837577
551296292
991844274
161296148
845216100
136878586
262763002
922138480
651476614
464685243
446278231
373711038
953418728
113142625
219395296
330126145
749536713
645245512
823050407
540643138
583958071
438736833
486712211
384672521
850552264
392510780
277282224
13954130
297409083
175954502
128916928
121162546
272323400
525421100
745425142
439270726
583232769
788283361
68554507
319827029
487552598
444424890
826169044
843342544
573917760
532122242
490020743
490008548
255644789
501289279
707831860
897495365
945904508
804229884
160376932
113015659
404069259
174155236
720476071
163587433
266512455
564827449
193966874
684618118
617610650
989228269
11477504
925944341
305005375
434027794
799478866
985838552
10041747
203561525
421524983
615862792
324003247
666611917
578739809
145175487
449807065
430793608
518462932
677952641
127013029
208581431
972326621
736151923
520478955
73952469
335586996
767411707
10012549
160401969
595381846
420650144
103592291
126818748
708425529
670338954
91228850
750159801
263802846
533279126
986153773
653889244
449177128
719015087
96509356
532901721
194993412
578615962
173638232
382889281
481980038
194258374
724033361
530650495
667506256
728112659
173451451
175869053
910975930
16382792
442538933
193828805
679245742
457101078
273099824
175218765
427559409
67394706
550562827
593109088
480503366
363596179
587734463
758452767
981727350
877120842
474491194
702152458
527316653
140838224
732444363
178160443
771259051
884380168
811169787
433242297
824136025
694434170
74663152
609248883
918335353
638737046
691374663
268839143
262292255
45137341
60578603
7021021
838465375
730886225
507051867
993757337
107362006
82506981
239025991
936683603
480856465
670452520
242242936
212853225
683116588
404872941
291980215
680168832
633069028
680653105
716082856
89839979
161826078
507404308
606395468
272046698
384189841
246086972
854734335
868883602
802469826
844766730
522458665
439270726
434440453
935048240
38872265
67656632
377623768
782373504
427272047
574021521
73548401
731231240
800924759
332917136
379491044
909478881
480639083
243990858
590110752
133608113
377253024
55697665
208581431
626764550
487764819
265357510
61694406
203495838
970626875
604740620
11084265
970381691
74343333
787320271
712601202
824014797
905470721
221401302
855128446
291355216
309185241
326376881
842858584
971434113
311161767
321889539
419684859
139596489
7223675
661102283
390799863
438540258
367359465
23179719
596031415
940496422
620358868
160123250
534086320
269135673
762138771
326795782
380312467
245836665
365985285
285412850
70370861
802634921
593177895
139232271
400734722
325549366
289297642
995638077
261232854
953647043
106575104
869964095
363781949
9018
198744684
825005007
268687725
762409439
831697958
31683698
365944550
68388355
263167489
755185521
397712754
455602841
46359438
988245275
88914126
859586657
120565991
203601958
888553313
189118893
685957878
327706517
471721809
471085136
452764706
348303058
625285318
109926770
37281872
569946644
907954098
201585130
161838786
185844314
126390002
995288414
767858307
224725186
222673029
163711956
977299832
3
864713862
496424304
154689921
774407477
79882251
516213166
468025431
668523634
475875086
448959101
811257127
2580880
856700277
77009288
406123482
936683603
195462582
733385065
176066626
889684935
925849366
326895348
471184943
317660718
886477123
716645990
906436120
846408727
336975965
242758179
444286358
443704687
545168218
426328629
948369598
961769794
949001937
143768930
398089046
401300805
702446087
139668993
247263666
831967268
928629391
505642560
906436120
774082413
875643497
74170526
80190535
857688954
775721474
725393494
94713019
189676158
378039865
330049024
160209706
661524601
974906331
10020
665946418
544745752
843274499
458779114
700134399
513210045
830309609
236134597
825556369
441729163
30774009
652280467
235578901
256208948
714284709
906738140
859348928
382797838
927461653
774198399
255644789
163540880
170207116
470089943
511666464
902332640
226584728
346008806
982974701
115867397
379410791
393691401
192527757
779335179
661668880
527114904
363491822
264979285
14293555
707831860
157952851
545971567
100280385
188811917
464743197
365986287
38136786
884380168
496260081
232286253
7262116
242638516
427265153
14293555
277127073
981388578
993625209
152991450
717955189
593559479
444594070
592473983
689983859
652379323
829226144
573636083
75676811
396751420
332546207
410421138
920831028
499466330
853819216
495509680
396780314
170013900
91811356
767881374
609703494
839724660
75589840
354287815
807310122
59493406
110101634
140036325
323542046
281749004
264925324
380193663
24261982
819904140
280412780
973860399
65386080
900493114
758521420
358347908
254719587
947299529
16382792
675567683
6437344
879045216
626074165
341912471
587668989
324504052
276766041
664515773
13263165
746775367
62848958
702948668
862823680
904435798
737715432
580804677
332546207
718283481
19220522
957868410
843274499
344678078
161971645
996172144
152998194
800494860
926105176
656482583
849824480
645869630
914602582
551964702
597179918
262557606
779467059
474896600
297535820
35315216
57812607
619597565
96509356
10020
567002011
899644511
415337510
451561469
678581295
799643830
634873820
466395800
183905975
630582424
12456943
37252064
24736214
329261226
402580131
464642154
418719665
715987188
337736221
753629541
488163930
911172888
239888263
950142887
382223046
126390002
864918123
225548466
925388167
879266864
10020
736020940
943600962
802634921
596707143
171878175
915255336
855694999
29200611
166972310
718672328
245524674
850735933
223830723
498934052
127014975
547086850
282894953
616355765
427559409
920046955
495030427
885406869
670957166
939877699
426825557
54350891
607180518
521437758
532081148
534366263
335760843
284937960
585763865
996457056
521433954
505107496
648769880
504195689
891344973
919978179
338443669
419692197
380193663
426051783
655950962
383148927
865970079
19220522
640507564
893921665
218148657
777662266
859210456
209993249
196469761
844365196
597501836
100254642
221206262
12870779
150744618
694280755
737167477
961355254
363128701
72339858
13797102
774803079
573486004
553661696
892631716
824726817
709434063
352076921
483845835
609264682
306535702
798272478
16282423
939454713
533344579
597335748
821977701
231066500
149117416
315001538
7014
710305010
395682109
557262523
175976038
236902938
252562101
896050736
644872678
837123448
468762880
668581757
741121886
490326693
125940245
70479217
267077345
60176002
221728574
316605391
408850615
572243017
502030146
318279283
661244567
543826365
301228333
749982714
766925333
302062031
350119569
601555175
945128566
186334204
586972184
993137966
394326607
158975145
527186937
200236507
503014217
674282282
142519803
12756199
342219857
820501565
35078467
619596676
993137966
626159972
331543868
494610507
184461094
601793539
53267848
261532622
417409351
169089334
568679865
716105931
679608639
743197871
65248734
163540880
351738106
393369852
398155370
970626875
736830688
239025991
53143445
573471632
701800322
881813485
806660488
553842582
964117545
382550309
166642073
429945975
608196505
206181579
745285025
83881764
472564283
798349098
147801905
865583682
212879969
30774009
135653466
961596661
521681075
737005049
782188374
553647944
231203910
463646438
275746716
603900676
43679619
700267371
754703382
188811917
343182690
319656323
891344973
155074391
222413916
872523497
204272684
111003530
928057186
710927114
697632236
435388090
716082856
302062031
900140103
934664502
747355108
467972052
848585221
240648609
246455457
502625476
370544197
176197202
77601334
494542848
638559675
700004476
811874927
327080492
813758220
953647808
532884134
215395346
347909582
918335353
248349853
646584611
545971567
956387145
180137074
494967123
565945413
547409374
359810675
659822472
650140605
334310072
947558834
284135596
300868417
517156164
908069691
386078090
817701230
638555764
262746280
590497755
45490743
925102960
836888532
677916906
88938731
955991046
642777149
585937146
818033944
914395687
994712009
915012237
170168625
73927625
669904706
648514406
86272134
576923845
563010826
420202557
843785889
180261044
320473683
858581740
926468960
659375729
843274499
301006813
831937774
725317034
845190711
591151972
549525206
321122276
771935585
825624143
729835806
956209728
495428572
771337450
355052255
933804453
749940617
272890381
441022008
31251603
350340392
709394079
423318434
719151445
301294802
746006849
336316114
2
151419202
403795400
773852933
377396465
269326276
738385334
813864655
749416460
417008251
171747346
10934296
841200040
595815129
652398928
71148871
783792709
359426644
846240699
923172012
966442583
2006006
564473426
147689324
601304956
241240708
376082496
567449500
237128383
124577094
866652832
762823163
457867048
168090706
455851943
242111794
93705057
625285318
638559675
352042833
61804027
188598211
284135596
365611025
440070627
277658454
168420485
280035842
473652537
480505960
225260955
932184688
671709196
847432150
287449316
235982529
386803583
626506458
675767701
615186707
265317177
828824060
975093517
347337937
355277275
708319951
349958276
969237599
47309469
707974
326610283
444522840
804110749
291169438
342752831
310828211
774407477
626460938
476427422
2239089
647237286
726055881
131438101
6515615
551846062
455799539
251506208
511967786
380406550
795043274
914663337
783413394
435388090
658906089
242521909
192527757
684864820
257612178
850643599
4
312678390
919989893
709394079
474436064
406559547
605408521
141496806
952310730
996867470
977015915
781579563
296385789
473538070
742445512
346989631
368944786
341326636
788149419
597928114
596263856
9027027
549216657
18308006
962904214
232523824
39245331
611510348
981572296
732549819
852215464
536300458
440332514
483845835
232886451
786362217
957555244
632403627
515386883
106092377
262568919
804400428
997888115
862992390
363128701
352806785
964419970
301601377
666730444
718597053
21746816
956806133
889659703
707834016
851351143
212349558
918018390
774403590
175743466
782143441
661524601
990310203
195343986
802528084
9540005
265769443
207473589
140477300
13478667
326795782
191835807
966466704
546458823
24041459
188381996
970326879
59118853
808975954
978566412
52020227
648349712
742258972
804833367
325986025
995216739
328067398
161838786
608938606
948502825
269731310
28808255
480816152
554504145
532328967
496509499
226086069
560846528
533891755
468211724
795079694
3
544266558
710063708
802634921
502171288
243990858
631341549
319137436
813098274
127094783
11393993
970848426
462060661
226953800
892131878
569750548
621087137
490428058
566195804
88843184
874738219
523648828
27981708
259683369
997467085
807853381
594465567
849209399
827185094
776112313
269731310
93459440
75015040
504062042
283548928
427265153
477877481
983362479
901066539
928629391
278014317
303415540
649570975
481270572
679530833
694802649
368603684
474896600
261232854
390171619
101585939
929002459
481023088
622045521
862371565
547084846
699064870
9161372
556109338
428770212
692931493
133451773
655776693
57461989
499170828
325986025
607655449
574139344
883662986
12793034
823594213
426262424
619718466
781401764
787607958
148139111
881916742
402541965
79829861
871935598
393460270
919323596
132569039
98741842
760926428
988950358
816627651
363716145
248075011
392505695
933103300
238988649
627734359
550732903
913811586
397795641
245400590
494843814
684607676
963342973
759428090
780401187
469134949
978123254
350492488
809640514
268385180
285039606
15729871
762648190
513700137
483932131
66347481
349260132
602068679
301001754
269731310
756356445
768641939
12093229
72246784
3215447
537663429
492652243
52558467
220225520
152884225
460984854
733425933
775755201
966122466
936299731
553647944
403082527
849096119
773861772
970804830
12456943
241669822
887995974
260587044
82165696
868883602
882652213
418711117
242802386
670968612
381724948
447260301
139186081
991665692
482481416
202865634
884020384
173451451
788863000
139107876
451740011
123811497
490275887
651334935
207184582
684383743
875643497
394334496
423318434
271717342
43251617
419329577
208093519
336922713
426602934
734461567
995693352
237442686
384159060
557888021
774198399
707831860
94569346
452136745
404635608
231562801
127749114
59933733
222133045
491898022
427406940
506965516
654540379
463383665
50758741
398278207
248814090
824149005
164731306
705760712
256320860
565833439
881805416
824149005
849019769
54384834
833368178
517751234
732626104
659822472
891798336
51059633
849678030
528907541
809760273
327593544
276097312
658149120
96279220
617154886
911432806
930940470
50545270
34256392
952310730
594150599
637329182
673347099
156187458
886221376
218018663
613780862
118832648
458528459
311267857
877465
797004232
145740166
993300020
666213923
254365281
735583403
168796302
439902751
357965970
26233850
46765838
3
261186719
369177660
452145006
96509356
884676463
228234675
408170156
408341864
876999479
77318684
424376337
192880860
767411707
68646780
398679084
80222990
793306500
591118148
487074479
577254554
207184582
517882768
971590179
521705425
359663361
398959752
877972740
161838786
275397179
693097268
76600923
490467714
675765235
987804411
586679168
443086583
346316229
279458970
505047617
231482341
638317703
759924915
671582174
603677391
774198399
532791083
258012825
501899146
201680435
502073732
772352407
722357275
439099183
976028548
633792674
862830772
160401969
4399435
14814587
696048120
231740203
325378108
255743157
645391427
75293854
297767752
781168055
894298435
261157104
487915865
461214100
952310730
977851855
558969797
253273175
337958907
517197069
659822472
445995464
143920408
564653469
840677930
954875216
885638597
964811907
525976596
397911628
499751305
302370310
67656632
440332514
844268757
9027027
197240294
996478181
36192787
672329743
427265153
874016978
555999555
471998047
733900238
455433685
726579059
266887581
865847699
442114444
507159031
114151567
324244781
785898120
974619012
277464384
707981792
610014917
83945124
30774009
900692503
968778334
801437250
597832302
122828285
617214319
149451218
876999479
978425981
247104059
980167968
774407477
620376901
518676006
430354729
467792825
283154608
144947010
833126880
689936107
207839480
925575103
7014
69691086
797132232
946271394
390339180
128916928
904869074
738904576
415376811
815622345
324529559
703896955
261687038
628454300
232745646
40869219
823165111
301605936
596473971
106671428
524382819
238821759
519525101
855128446
960354342
380734794
547086850
338197655
7021021
329543230
258109222
507568306
371855016
366971198
690551230
822430786
136110474
955754962
334310072
272692989
917766040
612916148
872330949
763893651
585315160
866888074
149600946
268839143
834872462
418165652
284135596
820300070
243990858
126390002
586161287
192743913
714100767
713544981
853543826
126390002
369287441
909892616
934235829
392963220
705786472
103592290
909452439
687629361
573561510
830706097
167118237
644884315
255583282
784254774
865953066
458791863
377539052
506144796
666039670
264877927
392505695
34581300
563264720
671892082
689330249
541990349
737603533
851475107
245309367
850182714
275907967
222879340
232877520
905272128
451301118
333629952
207184582
344235572
773027330
560602666
263439593
971038700
410532691
684946733
186810270
230867097
940913553
20837868
112212024
43118653
311052867
203146888
4
538516514
44423578
826371109
11523302
786259877
509391782
773027330
56421459
225993412
868883602
628454300
933995
150772698
497260133
423733504
814668788
683223716
149100750
165413582
9
690193715
660649515
84930943
376475768
379197687
341516831
820510751
593258226
789242362
433631424
946969759
224805770
471804219
253273175
894958584
237128383
755113078
205616652
237194222
768501601
5010
743156280
543035784
85734296
256877858
188577234
594992524
56844978
830555634
934643219
900936838
83482691
328728678
10874671
289438533
226082937
232523824
241124319
484885093
236985421
235491951
506287208
788791583
262675919
700600481
909039562
121929470
531990884
722523273
388185395
291587340
516213166
502306942
440883456
636450094
573636083
592905804
57323208
10902855
209844603
411809992
157041903
195339309
315603274
258025080
579215190
76363264
349153359
5015015
865635836
290626716
83945124
928261873
769743251
977591421
369325
416005116
324647097
614724000
735029986
613636990
409802403
710974458
853116352
443315107
520107769
273099824
790845741
451301118
239773414
930835957
333882078
398238038
774198399
923670236
159965712
867268319
15729871
492391171
190134188
240306870
130424715
434010894
433159116
552125432
2
154628631
797699363
612762699
785626995
598547819
697426544
737224343
829942761
121750721
814514048
573356706
704246401
968147687
440332514
401073885
496657525
547086850
759404115
263721039
837814261
543910477
767449827
945943356
214849872
688961745
15800500
405236815
497725876
731569392
907597123
268003598
320473683
448164369
781652823
15729871
290643808
424625986
525379564
612284451
722276007
996478181
440332514
122828285
220538121
152540958
798998197
900066679
368344901
637048674
883662986
471048869
753773569
674126776
107645617
156347674
487915865
423864180
995400621
528756897
232046610
51996980
720014534
733451045
217226814
915255336
774403590
114090882
265167726
750463131
772392966
925643080
365794418
914126051
834464346
454854056
81934108
541522028
90154328
83945124
860750857
698727300
67657731
574240563
198271625
134567915
163540880
727719449
554504301
888997522
281654148
519676240
17284952
985242015
465340035
162567021
757774569
35470504
454231990
139850426
220199090
564127156
776190887
890627433
17843129
262209333
266953478
751318070
767935708
142370626
48471410
776652375
674675795
121277098
7021021
40331557
979602482
57010242
421812174
765793157
13746530
22781839
471115382
420261012
682293544
635035836
252102927
733010845
332083955
621364819
9988345
126390002
471040336
402112196
716994386
222276149
294869182
302011699
114922420
365175254
982780087
218483112
635924077
628454300
283132744
303552261
356094498
262774661
877972740
642052327
602148029
516225183
89394854
633832891
449069507
895436913
131176311
609374941
689626180
867328417
785724939
782467166
550562827
781997615
71278636
604740620
151560968
452673188
545971567
576249383
894994875
528350555
247104059
677546213
263707691
126658199
575026081
404803086
498240291
918335353
14814587
445779494
128916928
826619041
931727569
835540934
857452428
413106975
31797000
112398805
684618118
174155236
70857490
545971567
63983287
33695381
32106706
506528260
396999472
282608526
410459348
343977118
896421580
81985559
817981210
970848426
195689577
720994207
871593661
34569906
600421793
471150490
318151011
458779114
516912149
803085748
822772571
944745812
94537103
87055440
968234596
408362228
792059316
737190302
217011518
782143441
940745100
173345452
763098270
111356173
140309553
330182813
55404644
615538213
180166637
691166734
3006
475177155
457607553
761849722
487450641
4
15166505
993152111
49221076
357492265
896716504
475891064
664515773
949250211
404455791
729230715
728375822
212349558
215729866
891344973
400378500
690594550
486146769
238271034
501899146
228411342
758366134
422089744
261428149
715963345
398733319
305746415
531691462
669409
103816766
737368780
3006
12093229
868612703
845190711
333204878
838596813
114952260
995958408
902759931
469748608
103151161
545900697
139232271
11561275
321551419
487340488
474217932
255364083
229532040
838923017
73969564
436890701
300703649
852381245
233187139
625285318
891277629
716082856
808957154
15729871
991294091
260607155
346989631
478248286
353807496
648433720
737059177
154016503
695732314
832158918
551812455
987328078
349298031
735071009
516213166
655751756
529211253
494318427
909540804
894206184
707628790
143005577
907195137
856479579
435036065
724300662
886945973
357719374
212853225
501899146
691065914
198198334
925068657
671073547
328626095
905959129
8268599
638494769
596477183
970428005
88758674
238142487
370360539
827300620
920894756
685309801
648069501
379491733
52869430
5359212
473355806
84945068
467744239
865847699
725516069
293588301
119887495
71683755
529212699
487915865
123550944
596283922
484550367
256575797
509951280
121079836
302062031
960738761
378290717
315752247
281654148
723026135
628454300
249979042
459173638
826395534
528252045
82493272
475891064
605316246
420650144
751592697
115898595
302735087
778618845
661707764
464685243
230520714
928629391
12093229
899597217
501661221
522471578
733451045
255566705
783619772
215003323
542869525
924968984
506931283
861921799
684607676
775106784
474353397
781913414
704121848
22603943
712796402
112398805
118719828
925133251
611448482
564968942
101407251
743207566
444754316
856994619
978175441
637856736
445289986
188370700
52468442
160983764
917776663
29446764
393958044
744949606
63913565
528052056
346201293
260072962
47114068
799908850
586905188
528383447
661524601
286889790
423882781
325549370
333753658
821150048
469579564
768641939
52322535
32597330
594577797
856210360
670957166
419448502
7014
517879757
990591350
663226730
31074902
348303058
93272360
409396054
440031039
755185521
699996757
724276679
502431782
853713095
869667627
224689293
913811586
411680266
566694613
568359659
429444
628445180
171242626
323642797
487930685
65214460
971373252
935041093
553134418
655701221
967231421
484184495
917879847
702576250
923461376
714673804
94026931
11393993
196534895
808840528
876637906
667072371
279458970
8798334
715942578
69626968
881813485
907829919
924897870
680604775
790962165
225703661
898668715
725141787
852215464
838844629
778615046
961917814
780519638
616736286
139611066
816966365
603883580
294281313
13746530
321365783
770799889
568928842
805825469
746828893
796123261
479157453
856407192
96181212
17284953
922621449
659433633
674623423
232523824
578316579
9052028
645620541
7014
357915655
415506001
777435381
929095381
725747167
625285318
363257916
213120383
588695355
412356378
486476793
864525306
554137421
751211910
969237599
783099950
152817126
127353507
982407968
611310343
770670669
33290648
977580959
278137976
249805789
835994835
41498816
332546207
176543481
45724847
976072436
212707662
610850176
591413087
403994185
23668962
525182819
407169454
795827902
221206262
988935935
546781764
798540536
667410845
332546207
338226665
118442223
545471714
710946788
153461557
354754373
845163286
414978556
977226196
400875864
744580975
57419416
422527708
552514584
9
928327186
911690327
906349672
873873695
17284953
87315437
265357510
482481416
903134434
98465212
854527659
922052832
65500591
755997331
220199090
781561849
553778305
181169640
815533974
476322342
295897547
274585299
295114625
273099824
724047712
549268539
307673772
897371993
267467763
101494935
55368599
333345864
182897688
163711956
683223716
809473392
317920245
563131865
409282712
832463386
383926403
873331957
276318043
590399060
341030431
425808887
62254355
580251193
921107984
118967068
97193018
631355417
54350892
207237047
45594192
739471763
354368931
589389406
337857124
411365585
245738109
474896600
582647897
362736329
689113098
141393203
883226429
666226640
468525777
324574466
976641959
267870175
724807657
474565578
84465898
442914191
479364159
564572413
534965931
5015015
489144198
7
326349891
500047833
802634921
204306108
905531416
590964871
783544736
596473971
328291448
156885089
16282423
204398688
340523200
777794368
826057243
356244619
941483235
803937505
105739996
929049804
410610282
667836362
163540880
832341109
895677644
202443226
898966029
885849034
835898628
939858177
804824243
995531284
806442117
877056654
547086850
721986468
218276632
739946273
661524601
724484752
463225690
201796893
418256852
941029733
881986863
253678204
641970176
187207703
575578170
63383960
342224584
855840255
185271418
996478181
742707002
84911025
807917953
783099950
96853177
501723079
103592291
937916810
661848980
353361716
961708938
632601262
165413582
394199313
423877010
613916424
24248573
302062031
83587660
615214268
126352521
698757582
552151071
361146094
730990886
605408521
302278787
992468852
486727024
354373068
14814587
473830373
75189888
703896955
499688665
847140639
896015495
216773400
127729903
227674895
817981210
3009009
790077286
190165318
174381955
802873320
965920711
814836732
490467714
27108510
3009009
736721236
960949955
573981971
611983836
410828454
348692577
861339889
324244781
835451611
794342983
411809992
617686368
294516914
910489807
727276351
64523935
486048271
776190887
997620405
615448008
280391648
83579857
411809992
500935069
487072970
802634921
123569532
497099252
159666600
598936002
975030288
749920627
70652144
604740620
968093264
598140296
84108761
539213038
929974676
173883709
186123519
597798571
305852260
713544981
567002011
853080803
242758179
406284708
213839744
85920673
221067135
120047268
504178749
849095117
737603533
344981560
76808846
104233658
492140667
343425855
95013202
244926729
411809992
191153341
867494367
544808032
596098925
117499862
773750289
363761823
516211162
952593617
161127638
6
776612674
585441595
755997331
962091109
238821759
223302308
275056586
591470094
694938175
917316333
903118388
373316498
186334204
939930642
988036551
447586351
431698950
805704532
14224663
945128566
535418256
298678801
889723073
719157490
119095613
176268553
613611927
837315028
235272211
684616633
142519803
126133716
549967540
505623484
603671809
220657035
911858409
531873442
615082598
307845789
505677372
268660121
374771903
902324330
596031415
83372464
468211724
15089001
174155236
892958179
216632189
74818559
363716145
749536713
716082856
232886451
100864298
895117649
196617730
532968324
231236106
702152458
839115563
446604616
218132109
144460978
586708052
547086850
820300070
493396541
469980201
123471257
474097391
911569843
304434891
169344720
726596423
155248608
148783787
395621929
112639234
721906309
54424877
696674358
247730802
155829583
937927977
352838514
725325802
677272849
817549165
490017778
832019547
931399101
436674779
155585662
118692356
706752538
473311160
789966005
370727774
174235898
478125981
707831860
445341278
459150620
232286253
356683458
111673656
929932653
454302440
17282949
334310072
648479732
659589730
952647571
200011346
941849318
707831860
434309242
209814594
518413397
159651931
585691779
897588809
287810763
569529491
96559505
656077508
23668962
603419269
29294160
75452831
338725694
13152455
861339889
860750857
9027027
964341483
659822472
181033548
737603533
422431454
13746528
715350603
10
639272147
945830149
682836311
173451451
639003143
563035796
56626192
330178609
881820018
724545462
39769095
728533615
908322642
337391233
682107974
10
520429131
281654148
501899146
990591350
646008655
536632822
402046227
627944900
687185329
237426563
765303946
817218503
811048674
150296528
986630887
552786800
209844603
718232515
359238760
817166387
712712585
162379940
9
644822422
230831813
403414578
607246426
79241561
525152614
104735789
520610
704830205
262292255
933515151
588906733
162476569
253273175
750321118
38598809
970339668
513704784
873413779
401629393
35381689
349451288
983134958
208582057
607238345
461186099
54198209
237088194
392641437
808073334
494933534
925643416
344018718
157126664
608534908
90376724
550565025
778682488
444240815
643342649
236581902
799478866
268872685
61260372
875236808
852344525
77191278
157041903
220894132
55845765
528720792
382132756
9334034
253273175
862939533
265232141
623070069
256877858
894994875
833981478
131118153
331747987
429527566
567546203
352514869
239025991
690586665
40186241
103592291
372283590
15729871
825624143
738385334
695064323
7
733010845
493137348
482618878
772045260
840823213
400954146
137132510
631238921
391412791
33134939
759821699
189979848
975383681
404455791
548452775
928547684
319118718
383446834
543723544
101494935
393658254
36198320
958998820
263619937
139232271
862733189
731060707
779156760
40647208
391586446
167144246
181422186
155995812
713398519
990591350
41978955
729346559
405200341
923537006
269111674
161086211
652883531
485429399
685810243
733451045
660535089
232523824
460042460
801326874
768768623
357501859
934928160
780626525
586098011
14860158
353080079
513184150
10623532
261864802
741627445
918335353
855177906
853116352
505623484
198213836
472797667
707727955
287849901
976918993
219216117
600860466
24147516
695388098
916038305
482171574
884314769
75189888
517069035
968752568
696597486
16021628
879371095
168324118
333640663
227059255
822132914
933103274
765231918
322615169
595963162
819819819
65638841
800790390
655548720
768986850
905728392
553805564
241181014
374438243
478518341
579481597
541827449
767652182
772390173
531873554
269397440
696674358
658229809
514048763
641650119
115898595
774407477
1
873890533
816966365
517434819
277600499
523359653
328626095
28603551
242758179
378716094
475957700
265043340
340056217
650319110
32740218
13561720
291152683
392626798
245662071
751612061
236985421
641273638
557424434
670237967
818901584
525200388
810339445
241143990
238821759
269731310
709510750
306055379
103148429
256947773
608196505
409802403
965046365
321667744
344678078
49631943
308406984
583535245
218520876
956446312
198235933
60178152
340226358
539682586
136327995
582463357
23046604
515504225
628454300
140600681
596473971
124341836
141507803
636918705
987802994
101585939
40331557
321848764
574827216
572390861
68313899
178166873
17447077
547086850
204641356
497007714
849049119
576042003
175869052
126390002
82506981
269731310
905553943
970626875
807739773
40331557
70499707
739788996
24993182
32062023
334397934
645358980
93510182
275475948
301738954
237448300
970146885
507236181
38872265
967490645
7
223302308
337314408
789759234
143001095
19220522
432767637
264719689
325290479
551358788
687540487
328171318
672367635
817981210
325290479
256083130
452136745
232651663
373068657
550591129
606503086
993137966
438324221
49915270
334397934
704945507
842846509
263444870
447260301
70383225
130635457
205079289
923773328
391519984
769024573
38220103
307840881
811874927
796738848
200305968
129029691
903546843
33584031
232990498
237533005
947530212
325773297
599656038
635662187
865847699
518646975
60178152
284135596
873890533
219153562
3009009
63503437
512047077
837638977
791332110
94979320
731654524
203601958
585937146
57616510
613924068
374513866
130635457
652956292
80919393
170263826
410024800
663176935
512876367
640311013
533891755
232323556
215936031
668871491
538649250
601662921
455527570
343675075
489079919
183212188
894298435
993137966
779467059
241896248
905531416
601593025
570395890
947085157
571126879
785693891
519065751
446604616
934643219
501448935
932645241
855089458
694189810
244216095
44312411
448402208
675192513
179334876
619412711
207757721
976842171
864106103
93510182
223053265
282221013
5
658906089
978192515
773173167
655636014
47073288
737557705
661296502
426622257
689444883
372751522
27981708
990083066
875135796
363847274
492515652
531643489
334243142
630061604
430425327
408858920
843736688
792217059
170359835
878302721
553284127
218542247
149130557
306243568
120945200
778172003
627768574
718484216
44234243
43638149
204635343
156326546
861452999
782188374
801631918
146840481
973905682
973708646
410723606
394493088
488392362
799465289
633503645
365140163
737603533
144568539
188811917
991726294
682841104
660521598
412423448
340523200
664167910
658806953
966061465
583281799
316775436
751425179
223302308
481187261
660806108
291381779
383167313
979804459
632225358
19203897
67175039
539686620
128916928
144163883
347047755
329877388
426546
99545284
273439052
349442587
615073132
920356374
304625518
318865667
963064984
73696471
580501050
581530192
351178427
697827106
982273305
789540511
967484338
839135874
818596901
462380662
402809214
974513715
864768852
88092315
502630271
858703640
955583380
794411928
49857254
586182810
979588908
74675407
798278662
507299378
930286819
434266271
19220522
375357161
682231776
709801156
821154593
660119635
273091196
767547892
824202720
516213166
323934369
1365696
859762319
733451045
797475
367340182
482872732
668581757
371805431
715361201
977046530
926106178
510605318
236604528
723181343
615538213
401474957
370703592
558089549
729029545
176541477
136835393
559580742
364160109
916944384
514919879
437054886
843931160
46581684
38535815
170233459
212349557
561665200
129085565
263363571
571928124
293848112
721086044
669409
980833761
521344448
784627483
548341563
984730388
473063272
599747665
271075007
293422399
779805307
227446130
628091569
493086810
311612340
515128417
949045604
710063708
755929246
183905975
420650144
111680764
717276444
451301118
544490516
935363397
848242141
629326983
408532466
380907760
337647254
829315102
553122742
538062616
564793256
641387119
474784830
749536713
92765657
511191004
827165964
510277276
577695544
696674358
518294558
374367932
94868688
581835416
620001475
186334204
494542848
959889827
764716386
222903467
171852683
545971567
181008734
204400231
832137303
209673788
472944236
510355562
5015015
366701307
783099950
272052839
118870760
84108761
927764835
427265153
949775468
235510778
500695963
10030030
676121875
292315785
520692705
489897306
461340275
9018
86272134
54182642
637048674
285346202
1011144
196313399
948994989
506965516
183202298
345965141
384201314
453731800
504819173
505623484
594038452
357479013
552229932
945128566
603821364
458110454
550562827
741055656
441120380
948606520
909259282
14293555
804468438
318036328
230411751
292483572
576253636
478044973
249395143
762380157
889999815
831190540
934104725
636837
923506683
855485738
721529324
284715114
905918232
109311307
447545363
489556989
955754962
281898772
882360431
218148657
70076096
490467714
946930035
942815554
824149005
492678128
394326607
372498085
135652980
310776871
268730884
881283940
250200751
531873554
422898123
21169152
842777934
234926725
752825012
261723019
82506981
285934947
134846061
385679201
757686152
158987570
76003307
320091274
965410177
685479808
940633268
935438613
439681958
803588341
305854912
204398688
509246676
837766381
571283835
900610396
553134418
432987001
566480848
445280391
211888977
151569075
113026833
614724000
633882145
353914928
910187169
323956490
12093229
204286712
812974267
779467059
168995510
482481416
510173170
782051906
858667442
820299068
763098270
803851639
713882396
59466070
532929506
606905355
873838765
95262952
207184582
207184582
402706441
190984840
790694975
730511809
581507852
985963033
674212612
426393072
610513437
774198399
626943511
435167662
133476212
30621689
335760843
365986287
655074505
77382090
458779114
973163268
15741069
30774009
804110749
960818058
260180179
283132744
267157498
294714367
643942948
410837310
807218090
572772312
142482654
451301118
31074902
92845863
578615962
217549069
733451045
630862999
973462583
861339889
205553091
377623768
279033389
661244567
100335432
764033586
581129599
610920129
530131918
759222175
331773493
881593087
831987863
141715126
774407477
44119839
371999268
26225420
559567430
442041812
525159315
165413582
402541965
187836919
656067334
569116965
446604616
468525777
770801863
863321531
232124695
955900653
481740488
341467396
913416194
92684585
213944204
460146355
17317377
934643690
426187867
864303864
507132872
742982504
916698198
409022524
989907423
848585221
156939648
271717342
93698781
905531416
94669130
576056306
917177423
387994742
880739392
657156515
882018754
515195488
584777417
404492486
284135596
643407855
298452338
430171680
477877481
647467135
825945575
370925081
141269640
583235421
912655287
693039152
631546314
447654385
608319709
656624499
470476158
45490743
16538667
97486131
657745894
976289020
854670144
385575872
525739286
294709951
262675919
5010
685970607
387339255
692902872
703391536
631514202
809188591
141430330
25908430
645193438
156767964
789296863
955003775
105786541
113117428
203601958
264111218
145478035
435245590
709394079
861286068
650175198
261232854
651469447
271442232
487915865
693547327
618228828
993193206
905651096
920274840
41016843
802346181
117499862
450223260
140578439
395682109
30157444
134163925
849246425
148105196
331080952
709394079
366348234
728671967
125002348
95924596
36774885
944465583
801003459
383790556
559380159
140966041
374146466
123194580
875130842
996542224
370050924
49434
722968008
402581662
626031272
205079289
853054726
613225234
720150516
969237599
945128566
598522593
341726002
157579322
141984795
234258490
538334279
295515700
333640663
296384787
612982618
934458159
9
574955088
216121313
405270853
639670348
325298830
755929246
659822472
176013118
639115695
205079289
160401969
65417344
737669973
317444544
89693775
19648065
143430342
7014
863030106
810247464
131735062
827416245
909683335
306460713
985297946
851475107
815882919
427559409
440752943
520170156
2008227
306587148
724927635
86349250
884316927
844436239
255644789
434503146
532328967
510605318
621994320
499739601
657153781
4176317
889999815
500989276
341506535
584717201
468806885
403698049
908278710
451654802
253585361
772167495
393978049
723601392
305645214
754444460
485280030
870486663
928081892
212408609
686521533
55815102
802634921
195339309
133932526
779641139
641014551
662696931
744869857
923670236
372502240
750133893
390540097
175869053
19123520
29559053
716477911
204906405
578655913
329165814
339812188
475623681
386774650
973638301
599852992
994076794
638113392
435188328
684607676
364656828
756529510
392626798
851464095
733451045
125002348
464498776
714317195
397091877
793461609
9729792
757695718
312850037
592561974
513061353
251709996
261367306
372470528
90197385
965167367
745634057
980517661
388321337
2
465043547
644575544
934104725
463383665
35298436
990612440
528344936
846833173
946488651
897428949
426783703
405895393
794187118
907435519
188381996
354755375
37721513
930575408
827311554
449414793
41126835
289466979
558452053
508372086
993137966
556592220
677554440
311191837
443439346
576536971
242758179
840353432
802322239
40331557
441181061
707831860
71278636
720153667
511126658
181422185
376999452
356749736
926077826
202543576
94476025
836258096
128427581
114976437
980586713
84625294
914126051
170233459
868851976
538463488
678257560
12093229
21866368
398232479
672795494
541574641
232286253
401926104
320473683
424726631
164968361
117499862
674522582
810827525
637048674
528397793
619128828
427559409
324530335
634695749
392626798
571928124
355052255
181169640
698757582
521828698
551141930
773674980
79397068
694431901
320795459
278014317
501899146
586283000
938744509
57616510
550565025
651131431
710932147
584937239
681527780
922952825
846032607
835408147
704830205
675621964
255201003
51854859
357189260
634060868
537288172
554720863
154881662
309905141
962751929
973462583
733451045
337623342
965920711
89361527
176634905
923629871
911569843
242114491
864237443
996563636
5015015
836108232
343086373
439270726
117617540
797525944
959975341
463383665
336445672
125837755
181169640
393835585
726480696
816501415
619837724
334178544
72905232
336412902
891542490
240878839
601508569
296385789
341735558
129468608
997888115
454302440
457101078
898760295
120321884
346989631
465116342
934992655
520702839
873034544
504739154
373216840
717484823
926561874
386439780
644275927
141321633
341663536
130238297
951091471
130609070
804110749
944326143
270807218
329024618
652883531
153767993
569042601
405074628
385277205
122538482
882362122
633882145
576196696
159205508
885034890
985291221
336022685
819407046
63572800
496009479
343791984
772104392
531628642
535482142
677896010
349821500
941992635
221139327
872738909
517432348
726852085
338725694
268730088
73035705
147665140
31745499
909610463
139636196
107645617
924849536
439270726
150011920
186334202
330235191
271255202
212048532
365845547
202764223
885711270
420209819
510378600
557159799
362265414
16282423
93272360
935523380
117655748
10781945
422365138
67340658
328626095
648874459
254017043
100529910
973618144
4012012
911255175
213839744
307172062
722099435
157057129
618046042
17952598
56332211
960949955
661524601
405611164
90936133
573636083
527021159
620913776
744604398
198037532
282201682
439865838
81013091
926456318
269111674
569628747
784445593
960673834
709394079
720645656
57461989
16382792
244132622
917223721
549950938
936094222
142994527
671453770
853819216
593002437
470266379
122881800
586631286
279458970
815157235
238821759
355906254
509725107
450232487
35381689
12456943
325298830
357132218
333207528
14293555
366903891
868723563
99375297
303139596
665194899
755616025
666858843
476037982
35058885
812011922
426622257
221672791
8047432
161838786
335797245
758069314
362265414
426661803
227297618
151580431
51854859
604258544
682188316
402258482
59414786
15045045
1003003
384736149
450771130
192775717
296385789
267088968
574758156
120485112
298981043
524005349
17282949
427559409
662391356
165675104
801175856
66073677
460700583
418147842
30021837
22316237
342224584
261232854
948502825
496833819
775762716
411809992
337647254
527098202
22146205
15729871
163540880
628089969
929126773
697632770
306905925
633882145
860420399
869470579
564693024
75189888
649004379
85920673
674465633
189214599
926106178
374275508
301484166
463401191
989931701
782188374
702881260
346425455
23631352
462490242
203404619
364626684
817950177
102869445
177440989
497819391
845163286
446882267
261232854
772167495
46482084
339657327
878222684
354553271
101528292
400667566
851475107
900366214
372982482
549594034
661524601
963526037
628440281
10020
238821759
544127289
987476621
110030489
329165814
231487843
645697171
543781841
121445538
573886113
194636174
649844675
646107136
285679156
782743765
533017859
549091909
13746530
784445593
710199194
531789391
71736617
819762897
829933830
768020325
678624969
487018629
447774255
181132707
161351201
945264769
4
855840255
733385065
755185521
235612294
796553758
265850038
865847699
581413763
729362717
285390357
268582378
763016583
188194069
951072737
411365585
906436120
944590656
197012218
481417881
449177128
385309153
52726831
874714500
161558706
827999907
255667981
232523824
883792237
44312411
394483860
7
355659001
159438976
195339309
880774469
124651858
599405052
440111355
877972740
264979285
442114444
265451225
747164058
867657768
207579144
720293023
891441386
428872800
437184371
470705770
119221634
640457351
400954146
786070298
703246524
484517226
135282987
938177493
337227880
737603533
491482966
325805613
922665507
774522002
153152547
382858440
10574111
528278731
330006407
6018018
767652182
936469922
13961051
232286253
141943460
395817391
787318529
671250084
690586665
297656648
759473596
66391372
305479648
514324643
730782042
951144036
741293046
539828493
574670980
648349712
109223335
13746530
955754962
834836797
743460067
176107841
610105317
232523824
378398408
729951209
95725411
526354501
819713450
255644789
58364027
39746818
127271004
586098011
178314643
713880823
455894766
485673487
321167753
217818062
135804170
647113028
235062445
901188326
409713959
195739170
563479958
189347122
540375667
902584432
678151988
380935951
592054254
531121850
159965712
300653513
621939928
648786157
566220516
198964361
505626578
557071474
314608254
25685186
262301154
651642494
383736708
856015097
193744043
844136371
267802861
14814587
817981210
134113251
684100807
310936124
135522966
326795782
664050738
762556266
51308024
330190214
650703819
79882250
804276986
131453925
815459771
968204295
902602236
173501198
610912446
861779014
954822696
581849421
270863626
253273175
937927977
77346450
307841901
136142102
326795782
652004591
940738299
44588227
94195475
629635024
188520051
418227928
763711361
231802724
499028014
769388511
959835792
557071474
7
763744232
697809727
925849366
668831008
527649204
964490069
980516090
108464810
579826881
954115325
333570242
65415460
474353397
892778346
891883440
746476529
861749166
562321813
923666478
991664284
932792650
470058225
872330949
763124258
317436910
852215464
199520072
685924501
403347276
17174080
64331515
441022008
798031876
439930167
662175422
786097122
547594220
11453940
633656105
663347294
412562364
403637581
883222058
953519661
734499015
283050574
298533278
579040994
997406627
126886728
468525777
650977687
380152116
992871708
620779320
933809432
799994346
241417129
933938868
723355427
911420562
863030106
355659001
809386052
256591537
118893018
163594074
161838786
1
749709558
831445448
714618641
684028929
84108761
667144263
155665650
284103054
800728123
618102174
112289426
716082856
709202909
77855387
267163507
813098274
535066131
218063721
55261285
963214675
781320393
164404806
598837105
643000789
311267857
770691867
181422186
570800123
520702839
159232891
698412224
278106183
861305012
180880814
972185955
439270726
94468824
540257924
254017043
618863863
313357067
696674358
3009009
333640663
265335678
81128421
852215464
221728574
864845295
927320969
830555634
112190439
332126189
89338579
444127676
552144933
500649513
753773569
142014576
929270827
496962528
516688293
115504894
3
510605318
19220522
202760723
35752564
359964307
334930811
110030489
608701088
256104685
272837589
637886226
590063889
164341019
824149005
186334204
254153758
528513525
875721436
808581293
447260301
319251889
894229018
209844603
115406218
778284304
650877724
52149729
841195503
474896600
797158314
168902929
49230834
593482272
480062129
569927
713122117
349909470
562663900
482176777
594992524
630061604
961238681
299419816
133466019
495482302
894016448
488161699
626665701
544456475
179818279
295865231
233846061
29294160
933455453
920000860
372525156
761536612
147418223
668581756
859149546
12456943
495482302
532636483
89692625
736292284
567115561
945128566
934359532
380269972
977923256
2
519054244
161782901
143631537
430425327
565450001
626574487
732889898
218148657
371358312
268106226
230088786
825556369
673343497
14293555
682115320
501348285
820300070
613350645
585013434
181856503
510607242
915214334
543035784
857014299
13746530
447535287
347054553
770340899
6
607122844
456848833
355358357
686788443
962179814
736639617
208150894
819167408
780040530
50561255
261232854
177743820
617795281
800304122
390799863
288489187
762380157
320884028
330980147
276755121
82267381
541176557
850922318
102998175
824149005
268839143
528619265
696237735
733369681
638667723
798269202
120321884
22240091
300840229
292758929
363931201
351738106
144568539
767935708
384516282
141393204
478219537
390588557
500785848
182714152
439270726
466090453
60213124
659589730
787268528
387421868
160401969
612530989
533017859
873044705
916662735
260630758
711272638
767261854
969877412
600331291
815331159
273607615
818324879
324244781
813125995
135449043
269111674
581285550
996251865
292702018
185547143
485639878
283649863
407561529
554985115
567002011
848585221
441300523
148354826
929198505
109991254
173103130
478589377
583622125
735067877
638859901
164444733
532328967
683501931
964137582
618046042
161086211
777906998
219635363
237448300
672219068
893540492
889138036
333640663
774198399
3006
779471208
124633578
703896955
957868410
321848764
846032607
186185001
973462583
34730725
83945124
249954941
497086529
426810487
66079808
366090981
250765725
577887546
612822358
716023443
769926734
602302007
953556385
971373252
674003382
180665876
905059640
190756007
778004209
212349558
413840287
260836581
760926428
773670708
606127440
838551611
743594146
321269799
45490743
217546830
169370360
673183741
601593025
911624680
584555050
837512848
466595331
500162581
137359549
33243452
443835078
860750857
318958490
888087640
725194396
977602641
652883531
860899421
261983054
761553600
35010299
18111409
533452874
926529552
331080952
889308566
226021316
465146353
481404676
860631256
610577315
452764706
817701230
978175441
335648890
101585939
555584477
804110749
670953854
565450001
793516870
265129841
717138080
796615154
496345791
142468980
15778578
947875960
909090456
331001164
605677116
202445614
409814383
573981028
129029691
210695752
26683425
641434636
616022573
631611819
623967234
28494738
50545270
285180477
54425784
15030
777228384
977055844
847405258
161864656
869965097
531693680
167024048
577394987
271398603
436571973
414085846
670367382
320177147
608583631
948463442
921970297
545971567
604742598
328673622
989874298
434010894
920273259
262874183
615237867
667543707
916394874
222149773
163355882
477202029
64765180
45108510
151342161
532231793
101992945
309634908
813125995
956554896
879952009
944788448
818985309
673962567
829087739
366073902
557071474
135971327
427441803
961816431
520524255
818723089
510696307
516213166
753629541
117357836
955754962
283826206
862756270
351745463
427265153
980806527
219182957
597193845
876558731
534947770
553106687
855840255
488163930
332126189
67554986
645521060
30129954
440332514
977851855
178219659
668599293
453512522
416753511
858024445
796553758
275712874
163540880
771059204
954194158
931761057
334979481
607828459
215001577
915557119
156578325
4012012
187095678
808370084
783692098
4008
662175422
94195475
562608293
914154574
420431513
845163286
87960651
302218052
415718640
628454300
553299696
243188214
968416881
324244781
592005996
177151173
480130455
180505436
399839039
603430912
43449485
182706269
155258528
131662398
813098274
826217201
240390557
790208389
969237599
42921975
61715651
371143178
137722411
857644636
338969747
917870410
237448300
548104832
480908651
796142824
8593726
636461710
52595271
179502973
212853225
505413939
933617943
451485025
404298579
76306041
573399429
300313804
494092343
273554291
105961799
822403372
522301780
591469092
349588360
495217765
559834160
254712574
302062031
791763023
550272103
793331178
801450461
283131742
910762993
865398091
169230537
974178237
239025991
997812406
122828285
854928063
269004772
166093303
321848764
836614883
4804588
766824235
544042166
160983764
923670236
392963220
12093229
563126613
990655327
332427620
36589505
605027830
514789922
489161268
157041903
836601918
959579878
530619463
803085748
482802290
93698781
936916379
115898595
466646135
150644121
146710619
193538334
531873554
618762170
702222003
141509053
249728310
683597630
335986023
666112809
985190581
264979285
493578716
275248742
936710460
843274499
555506466
101585939
21610045
276920981
390585625
949157624
953418728
413719695
184719070
267576800
141496806
856827193
296063343
937927977
15
231074080
130026465
311267857
2
994840095
446527200
798808777
50545270
987762543
415843541
13746530
527273968
605408521
990591350
208611344
768006973
361138912
527939234
493180825
165069879
61956403
201157592
72261754
915213126
719459857
103532923
207871866
690586665
478771790
748930442
923172012
984718693
650687424
555617994
617989018
755154495
342497490
850643599
775158544
26724401
3
787954758
354452054
843785889
283132744
61657858
369127144
738385334
48168689
799711478
421389383
901564037
934583428
600012621
930835955
918335353
866222707
755251692
273548225
10
77030557
393956032
626206136
244589226
206997378
382687779
357305725
586905188
847088555
153255101
288989721
372802031
140889228
603154385
923632061
205079289
378924960
191475080
444159475
649282856
182640462
73969564
968812856
683597630
541091638
253273175
338278251
890614047
942152160
133495334
997994534
205163299
149201686
874714500
1571912
228564458
671902074
205904996
964314396
776505194
659822472
474550171
43752356
971913550
993137966
948832161
833769293
190536601
741293046
232558624
759473596
50913241
945419049
527813711
717841870
5767921
185266831
141420200
213013142
589166749
365944550
612456089
532328967
860420399
594992524
980863239
822066088
852215464
675783111
684025699
265666157
374147640
883736285
633935695
74968335
590056495
682903099
388810590
88213503
205341321
261355527
845163286
648024833
438540258
479228561
193592343
841534442
7014
97293290
301782459
589371146
872117628
265291268
512517551
7021021
966996873
153505024
599908127
724345214
541787432
69805533
614782118
622149033
521774631
969749516
410556161
403280831
131829377
539722797
155897258
105991714
926106178
40869219
806826949
962404810
101317859
267151507
221148603
431698950
977525243
221862556
224399304
871601187
853819216
178197200
626857917
664612553
475730271
172708565
312642659
90592242
385921503
824370409
764784079
254017043
841496706
193939049
336166069
30857306
856585570
527808102
902116285
853819216
604592810
950013279
2500150
931713701
845903346
179984057
560148928
275001669
178613603
634449431
899327051
758429891
474896600
603555343
104798327
743207566
775846038
348565084
237128383
713880823
321633321
881142742
791444852
853846102
745140039
112391640
149758249
186334204
883091539
258234034
669409
658712930
326692693
685754989
93056843
736292285
76347651
619567715
434420699
785316952
219330621
490198344
496657525
19512941
188732073
470079803
352806785
133608113
625469386
654697134
719728331
834370492
7670527
247679726
482134477
14020479
178233694
553647944
2322792
7014
662175422
12456943
241896248
783853702
45490743
684553179
277127073
666204116
442114444
163540880
474374338
583870309
58281027
876897637
432162040
28494738
222642367
659822472
544266558
590974364
807104604
549268539
360936219
898681932
427459983
525663605
847088555
482752140
208460559
141943460
302071514
980833821
489556989
926371609
628639371
146383279
827855957
776650236
16958677
115940991
888517990
696453972
877120841
647059065
416823391
286488127
243990858
881233816
907743127
478162488
929936263
599852992
758951773
815622345
547701022
632713998
437330358
252448763
644733343
178875466
728625411
10030030
904407125
632112898
318333409
596031415
66258752
591522660
638559675
991189884
260530280
725103977
13533742
945128566
532328967
995905867
728793202
672179575
157579322
362320011
691890690
574697707
177845522
446297685
645353951
641185951
256474176
40769444
637048674
90585955
193683539
249907991
637843048
351916535
601593025
584073776
159680634
190858310
784786466
787112703
83589191
965964952
942332181
320985747
90971802
550003338
807431277
906152757
420986889
513289720
954117793
10514060
722580760
784445593
609977145
743782876
160983764
669409
464748765
987851011
890564314
204438235
361069460
82562736
136649209
211300062
996901804
194214286
212568948
425972128
207184582
728436156
947132009
484745219
139232271
319643824
733385065
257100026
449736470
501723079
309634908
437747331
255644787
24947131
412423448
906436120
973237700
445506509
769551684
618217398
891343971
618924516
299121044
598324292
899348781
472564283
94101426
911569843
388217827
914126051
426562476
687976107
412530663
458334930
240590265
126666163
334322036
232523824
346716183
109074501
128859687
89221933
693576029
803148774
182444670
256877858
638327977
931527221
674065628
48061958
657705804
557071473
718916662
228214838
980018445
446167588
283132744
878775687
29040400
64082469
975155245
725127590
328131475
461007919
7
981982446
419448496
22990162
23561380
188357775
568876370
187895030
342795389
518769046
57461988
7021021
372819495
925486923
479744025
698115171
638671683
944125563
111881451
618409758
139611066
747123647
619964842
183025296
83945124
914126051
82506981
145345237
282489749
689230279
209993249
802634921
2668496
441715364
958669522
931334805
603430912
472527125
279668866
393974030
750978391
700295475
240743024
846921634
290412356
831187219
231908097
374479715
120321690
23158909
455481130
923280567
920356374
783336486
676226206
496657525
121218161
804110749
527622211
705906873
568851509
767086482
492159393
423978323
162935942
617585813
555048629
616982297
468618037
942714498
102401403
1338818
779625981
619012964
591508477
435016190
771051228
979874507
131703561
656644035
899644511
499127970
105991713
158188904
251329916
225984159
19368140
118240142
394339036
241362708
540961603
936683603
607808049
943112254
319187480
730485748
994712009
411825675
59402981
762244744
404570611
651586644
548360698
455851943
616804254
217932197
593712864
201335105
927990113
288035157
551974074
846032607
2322792
877120842
128916928
613042437
732889567
983450279
140966041
583763017
698748300
57589606
194207588
819135438
305746415
981669065
72467856
828671963
373833516
986329371
232523824
321998418
759539892
883361882
741580645
988995190
3347045
477877481
681353547
459588450
908015423
113129309
826958130
128271942
758323643
56438717
144501361
845711318
416779472
556492240
65572318
817701230
297054266
935898760
16382792
79466798
275372270
912823818
993945638
27550628
642777149
640206688
623337768
574489564
478771790
326795782
449039169
391640530
784445593
983084152
983624778
392626798
736292285
960949955
401027935
630209899
546390976
615448008
659589730
433461232
894305773
392146298
702429864
655230182
580251193
874714500
847088555
232523824
400729135
14534448
231120875
821405561
808179768
521929355
950878022
891545597
759648931
308843184
134865655
663567832
454372183
464642154
997219791
581341292
492178006
962052804
374109264
861005091
253341576
3241553
409217458
918335353
346530818
596473971
380400989
93040018
549809217
508399253
488509806
766868514
253189528
56172295
60176002
743594146
937927977
445280391
692030569
246860600
88426711
547741302
481876646
501596901
712984690
133410260
84153351
790970819
647776497
610055647
690503461
508689957
366216387
883884226
454155741
874438537
607462324
638667723
88575058
636926824
996251865
458779114
346045564
434389068
465116342
15030
405566513
141145380
452509964
882145090
561861437
38214727
911624680
27125395
683746817
11
351738106
63378161
10
557214883
702469567
934156459
641515661
272743640
289754919
149416469
35308120
196313399
707628790
495482302
105436330
905629552
365460492
141322257
492111758
395682109
349625959
241240708
956047529
353943445
490095896
805825469
592084836
477183785
945830149
764505393
402471427
306966602
827276057
733285200
675567683
255644789
404455791
6483879
535847210
446604616
677993572
446604616
489079919
888688973
10857055
911495238
983517887
780403951
846952232
818206842
747175807
802270139
94870107
803183966
454302440
124761890
888264901
993152111
565145988
797957648
417455974
698346208
798381968
349612628
917382989
84108761
634590919
297313523
791512899
900568532
376582617
770054795
804110749
328839593
667259514
550976764
615237867
390876993
479618985
573549569
866037874
874714500
760790091
970791225
470059714
40888916
191508716
887587245
406219980
419788822
240390557
246538300
333640663
851742120
666253076
572390861
739981221
641387119
562454855
430894611
15045045
797400223
802634921
595746289
115940991
677546213
239888127
19677747
956806133
959805762
868883602
770655560
29119930
886190910
120106144
311267857
751130114
835994835
463008553
422898123
90585955
504819173
749808341
240816085
257615969
351745463
879817780
277982870
243361703
350650703
6918731
210902245
831967268
512879518
55710558
211230058
9617575
693353574
590075834
28494738
17283951
881443123
228785094
337221981
419430027
769926734
589492442
188811917
45594192
946271394
843785889
160983764
149758249
609977145
349785876
954636763
198235933
622768314
784445593
19677747
305694761
265769443
453831511
889088457
50533467
824539093
277239111
76338859
48228181
971550779
578207528
332546207
905531416
677728917
543135183
951888856
131224439
937927977
430228029
58924813
231004121
255793243
174164288
337336820
111808614
430894611
92529410
514945492
298197232
549601086
196313399
532482347
934104725
813098274
675565679
16282423
111216150
843038358
126731221
180196642
845163286
148621019
879227885
401939960
573841386
441774369
924958598
315142866
421136340
102070815
818454831
285805607
873342404
797836986
484184495
595318206
167421867
547884096
276199933
594320924
972998365
882589673
945436213
325127273
596031415
404455791
821529034
721771390
