188919
188412
195772
188539
191902
191421
185630
185941
197654
187284
189470
194370
194881
186774
186550
187724
196455
196549
186876
191848
186989
186099
191279
196878
195126
184278
185388
195110
193901
190613
191414
194881
187374
193901
185677
191845
197274
197920
192464
183863
187132
194573
198582
189629
192003
189853
183372
188544
190254
198564
184405
196723
191212
187914
187880
185806
194437
194254
188866
194521
192252
186835
186349
189628
198896
188284
198461
189137
197874
196984
186310
197116
192548
186301
187017
186008
189144
193634
188809
197796
186059
194215
185858
184470
188560
186036
193014
195811
191822
192675
193982
193527
198624
189125
183727
197307
191185
192978
187287
190361
190191
191494
194972
190327
193500
185290
197267
185333
185303
197851
195571
191613
187709
190979
187768
186006
185312
198412
197087
188938
184641
196984
191678
186774
185643
197214
191507
183488
185998
184187
189663
199352
197581
192623
187218
194774
187481
189144
186228
197998
196282
187709
190904
190059
195764
186588
191772
195099
192045
189764
184151
189273
187357
195764
194113
187939
196728
196455
186501
197958
197002
198756
190695
191815
186521
191085
187686
192708
185005
186060
196983
187795
198729
192158
197184
185429
191863
195281
197313
191003
194507
188016
183526
185193
194126
192350
194938
195099
183307
188919
184489
197112
189044
197971
192549
186486
184380
187431
188938
191433
191777
185663
195008
186815
189039
191543
197002
186053
189151
191212
185677
194670
185303
186572
186830
194508
187530
197908
193395
189119
187301
189027
187394
187760
184470
186663
188598
191609
196525
189315
197953
190812
198404
186021
198564
189787
190153
188584
185621
187232
186015
186639
191331
187650
185915
187492
187609
188569
193365
197998
183336
188647
185758
193664
185429
184248
191719
185806
197313
192102
189194
187704
187047
196868
187881
189220
196494
190000
186109
189148
188866
186260
186126
185818
188385
187390
191185
183282
193136
185850
190938
194448
197224
193757
190000
193740
192061
186310
186649
189973
189399
197679
185986
183727
186486
188725
195103
198573
194560
185645
184229
197053
187911
189145
185687
196672
192219
193614
185451
185891
185941
190191
184509
191212
197524
189973
187262
187368
188871
196959
185685
187650
186208
190014
183275
185916
183089
190009
189736
194113
196941
189262
191566
191546
193029
188861
188590
187615
183342
193809
189262
191955
187055
191543
187287
193483
184981
197645
198750
186035
186892
192076
196341
195151
192359
189020
191414
192708
188120
186658
187374
187144
189097
195126
187511
183089
186064
198684
186550
187733
191085
187342
194562
190296
193498
197004
187566
185645
186086
188252
188997
199554
188680
197179
188861
191445
187905
194384
186609
197919
190452
186268
185689
188725
190296
185943
186846
187357
197112
193011
191613
196640
193345
197050
186208
185891
197057
187939
191931
194593
186465
183606
187390
197053
187270
197161
196640
193901
189038
188119
193574
185858
186195
185701
186390
194286
193321
191849
185724
192143
185624
186946
183316
189128
197116
190938
196977
186097
196641
186587
198655
191950
191740
199264
188544
186501
189085
189900
185434
194154
184695
187668
190310
185866
193901
190153
188063
183275
191296
185716
191546
191963
185306
193527
192978
186054
185173
194881
194186
194404
189083
188548
186111
187733
183218
187400
197646
191799
196959
191852
195979
185910
183283
197618
189196
192635
191704
198940
192037
186228
195077
186497
189083
186649
187300
188261
184358
186082
191947
186845
186577
192206
188252
197183
190628
193014
186572
191858
196868
184405
192043
190979
197424
185863
193574
191626
187232
191494
188485
190420
187244
187778
188661
189736
184250
191279
186248
193483
185761
197246
191691
192091
189707
187026
191931
191212
186069
193718
190443
186970
186208
185673
188494
196371
194448
195074
185451
185891
186134
195979
197267
185914
185943
187530
186658
192419
185839
186839
184187
194554
185621
192623
197183
186423
183278
186257
189024
183863
188760
195571
186128
186478
196564
188759
187383
187047
186040
189629
185818
198865
186308
191185
189249
186265
187854
185460
190452
190310
196941
185601
196417
185757
190628
189144
185772
191799
187760
192350
197581
191873
188560
185025
187295
186832
194688
194938
187724
197112
193626
191557
191341
191964
195103
198896
199341
184080
191296
191728
191716
186713
187073
188590
191902
186685
189379
185914
187295
189196
192124
191815
199179
188759
188622
194518
188599
186658
187905
194437
185057
186465
187301
193718
184526
187481
185851
194254
196333
194507
187055
192174
190545
185955
188261
191603
189194
194404
187880
197878
189039
189447
185808
193538
199341
186853
194980
197738
190192
192061
185843
194001
192017
185624
197953
194167
192037
198023
192174
191331
191963
188260
190921
192297
191630
184447
190443
191773
196793
198750
191661
190361
186105
192297
194604
188558
183095
186069
184194
191964
191550
189026
187431
185333
189035
187982
186557
197172
191563
192988
185478
194518
185716
192443
189418
193732
198896
186946
189020
198655
187615
189045
189024
193518
183138
192208
188519
194962
187192
189185
194154
184407
183283
183755
184380
184981
194688
188760
187276
193011
197685
195227
197161
198573
194167
186926
188260
186313
186835
187021
186713
187308
184070
185290
189125
185885
196511
186257
196371
184134
193757
197298
197645
183194
191955
198955
185057
184229
194186
188611
194670
187686
193530
186715
187870
197679
186021
191185
187778
197584
186097
189628
193321
191380
185790
189220
196341
192108
191917
193518
188647
186265
190739
186054
195103
191691
191550
186845
191672
191661
185056
197183
196371
189778
196564
189637
190565
189145
191848
188412
189631
197018
187638
186613
193734
187919
191590
194560
183174
185885
186086
185400
186109
186815
186035
185917
189765
193011
187672
187668
189707
185449
195852
189128
184352
197908
192896
188919
188262
196494
194891
196942
192998
185966
184803
194593
193809
193821
186587
197964
189187
185626
194554
196020
186375
183574
199674
187400
186812
188874
189026
189778
193626
191341
187728
197919
186729
193415
183307
187610
198690
187351
187244
197796
192158
196454
186989
189745
194972
191947
185839
196020
191917
186478
194902
185643
188797
186767
193469
186297
186590
194866
187176
191758
189137
193538
189151
197524
195867
191614
184070
193764
191212
187256
196735
189160
196058
197878
185998
196393
185986
187278
191719
187284
189185
194604
189664
188016
188539
186876
197346
187648
198404
191436
183111
183488
191634
196333
183218
197851
198702
194962
190904
194362
189163
189393
197274
189663
185540
198624
188797
195571
193469
186613
192084
186308
197119
185452
187132
188485
186059
193656
186134
188849
185685
191798
191845
189273
192798
186111
189097
197037
191603
197037
186116
187638
186839
188871
187452
188494
197536
184352
187648
188241
193806
186036
186126
197920
189900
196672
191950
192043
190347
191537
192635
183578
191003
187351
192896
185056
186968
185556
194384
194001
191893
191630
183556
194370
191041
186091
190059
199674