1977245
1965601
1968341
1978458
1959244
1991393
1993486
1961420
1980630
1963126
1973164
1956620
1951420
1981251
1959052
1977583
1999485
1960269
1967656
1976764
1998306
1956396
1983187
1949665
1955977
1992692
1965639
1974895
1961868
1963370
1992028
1992352
1972187
1987588
1962844
1970647
1974901
1963083
1990600
1962901
1959922
1958307
1977620
1959468
1964149
1993010
1987257
1951981
1975733
1963982
1981831
1962799
1979599
1958427
1972428
1964112
1974354
1999370
1992542
1965009
1987206
1978064
1992375
1957018
1960871
1970193
1960568
1992097
1983667
1970383
1981348
1958669
1952192
1997926
1958906
1975272
1969177
1961231
1963378
1953100
1978800
1955287
1988067
1994754
1977903
1960703
1959922
1979733
1986754
1957879
1977656
1988552
1962873
1959336
1954615
1973060
1963494
1971538
1968006
1988899
1990055
1962868
1956710
1986327
1975029
1961266
1989518
1975291
1976246
1961723
1960559
1965911
1961659
1958370
1962023
1996093
1991787
1987256
1992197
1967669
1965926
1989399
1964291
1965554
1959928
1996126
1966717
1957935
1972707
1950218
1962626
1954066
1982993
1969025
1978378
1964265
1952991
1958697
1987863
1992392
1960083
1974781
1995975
1959260
1979716
1972777
1955108
1973354
1977882
1977697
1960045
1970977
1957412
1991370
1976923
1968679
1966022
1953278
1960494
1988250
1965667
1962280
1979376
1956910
1987849
1999575
1953914
1995414
1966022
1948859
1958389
1978293
1956449
1993404
1959542
1990570
1952334
1949875
1972723
1989859
1968332
1959801
1981436
1963626
1978931
1949404
1959414
1998710
1976679
1965915
1957105
1997530
1968297
1996634
1967529
1950111
1974604
1961230
1957838
1969025
1968442
1952532
1958240
1949869
1985127
1959074
1956003
1962520
1958871
1987161
1987386
1958179
1965035
1960269
1952631
1966475
1977593
1969077
1962219
1969713
1960982
1976471
1972680
1952555
1957204
1964119
1958992
1959391
1975828
1962833
1962574
1970528
1963738
1962051
1987135
1981048
1963065
1950755
1978523
1948628
1956122
1967031
1977237
1962095
1957419
1971374
1970998
1963398
1961551
1951055
1961905
1963246
1975534
1968447
1967575
1958231
1958142
1961177
1953760
1958384
1992748
1960323
1965777
1990768
1999314
1963425
1964284
1970022
1967869
1988557
1966224
1966016
1966267
1992846
1991239
1951300
1964166
1972809
1954608
1970785
1991508
1987827
1975623
1999628
1953426
1975565
1974309
1979674
1959523
1989025
1952461
1966071
1966483
1965802
1960098
1952996
1969545
1989554
1983903
1991663
1958294
1965831
1958271
1959532
1965839
1981650
1996762
1977393
1953347
1985538
1977341
1957462
1956169
1991786
1957443
1987849
1949459
1991612
1964456
1990136
1952909
1960057
1956965
1990714
1991202
1968435
1949956
1991430
1986471
1960053
1978703
1982593
1974718
1957851
1995927
1965010
1957828
1989873
1948876
1956388
1960820
1999429
1955521
1983711
1949286
1992605
1976076
1957122
1971089
1958435
1959422
1969858
1955660
1972040
1974302
1953064
1964959
1954893
1973023
1976445
1965396
1972826
1979810
1969348
1968629
1971000
1957795
1968985
1983306
1971780
1969157
1987891
1979937
1968638
1980204
1979098
1976549
1986967
1965700
1988185
1963161
1958955
1974591
1972652
1957913
1954770
1982306
1961399
1957959
1992063
1992577
1956099
1962672
1967662
1991285
1975476
1991520
1961059
1948929
1968148
1966630
1957237
1960873
1982472
1955925
1959818
1965503
1963229
1949310
1966191
1958019
1974715
1949586
1975139
1958871
1962017
1966262
1964582
1971064
1965391
1972461
1988123
1983102
1979184
1992093
1956326
1951224
1999304
1969093
1978806
1963550
1966732
1986538
1957931
1963818
1970112
1960199
1965145
1988444
1969866
1973750
1974207
1968826
1990965
1978169
1986471
1948786
1957104
1982877
1968837
1957687
1951429
1951099
1966103
1980805
1988882
1950788
1963291
1952050
1970093
1990550
1967775
1974712
1960146
1992976
1959794
1962659
1999800
1987635
1956442
1991248
1989064
1956746
1954876
1988285
1973354
1999122
1988381
1991260
1989060
1956433
1980393
1960230
1958502
1960793
1992517
1963841
1957402
1991965
1974463
1982066
1985111
1970518
1988540
1971441
1955079
1968690
1969109
1992201
1995282
1958313
1956668
1974548
1957981
1974471
1960461
1984999
1967306
1977307
1972753
1952368
1967742
1978576
1959469
1973686
1962363
1970976
1949716
1989542
1948722
1957903
1989260
1969996
1952950
1982787
1977864
1949757
1991882
1965336
1958746
1952362
1958260
1958031
1965542
1959230
1957412
1951765
1969263
1974685
1995988
1993191
1992918
1986237
1977251
1995754
1956322
1950806
1978821
1963981
1960814
1962053
1965493
1998349
1987343
1987445
1973327
1973385
1955532
1976687
1961222
1954509
1958281
1983001
1982627
1987170
1992063
1956420
1947687
1984621
1999135
1969175
1974943
1961113
1977384
1974292
1955339
1992557
1983306
1977525
1958638
1956729
1954541
1949419
1959151
1970699
1969015
1998058
1963328
1956345
1959818
1992914
1952414
1974585
1988168
1969730
1946778
1977100
1949289
1991182
1948616
1971169
1977251
1960099
1977566
1962037
1959256
1957895
1951986
1999035
1960953
1990019
1996072
1950443
1960751
1980196
1959945
1956117
1957737
1960686
1963639
1964976
1957130
1958064
1980247
1993031
1957112
1951095
1960924
1960245
1955856
1955913
1968799
1970789
1952604
1977722
1967535
1958278
1990571
1952811
1950715
1974828
1997580
1972714
1957972
1982555
1959222
1956091
1971407
1947903
1972990
1956119
1964754
1956850
1977712
1992445
1975260
1954770
1973750
1948607
1952192
1968825
1963551
1970053
1984954
1965537
1957649
1975005
1954037
1999800
1955310
1975616
1963834
1970674
1952417
1991161
1964127
1970016
1956293
1961230
1955624
1958748
1958131
1998451
1965721
1972546
1967491
1952747
1999642
1975972
1957331
1964184
1953586
1956011
1957510
1958398
1957383
1971775
1997224
1957711
1955712
1963831
1951125
1964362
1998928
1965391
1959471
1977965
1981892
1987514
1991618
1969109
1966203
1949571
1957246
1959151
1971441
1973072
1999520
1987918
1954290
1949037
1984416
1956326
1993299
1961684
1958627
1977768
1960686
1963551
1961395
1989919
1961625
1967620
1963175
1954625
1987968
1977800
1958001
1967117
1965587
1980309
1993321
1967872
1982507
1960250
1991662
1973184
1981812
1962850
1990904
1953904
1979184
1957106
1952534
1958129
1973652
1992294
1973020
1992066
1964659
1958754
1974173
1963981
1975627
1957823
1976808
1979509
1953354
1963315
1989982
1974845
1950627
1965975
1979731
1966208
1953529
1978019
1957728
1971978
1958342
1961076
1991379
1967379
1956420
1981082
1972428
1977448
1957016
1967631
1981077
1962251
1948450
1989134
1982249
1954532
1968858
1960375
1960379
1958203
1954200
1953920
1978750
1978689
1990381
1947846
1981306
1998836
1998975
1991148
1964265
1971830
1955590
1958437
1974317
1957070
1958945
1950011
1966947
1964804
1958564
1957250
1985127
1962958
1963109
1968549
1989115
1958880
1992983
1957462
1980863
1989908
1958101
1968775
1963331
1976588
1958148
1971592
1960797
1977836
1964561
1957997
1982377
1954606
1992148
1997576
1964061
1980614
1959973
1996668
1991311
1965959
1962657
1999373
1989651
1989571
1967650
1956388
1959039
1969383
1949101
1965655
1951906
1977192
1960902
1949592
1999011
1960785
1987931
1957964
1949785
1962854
1958394
1957458
1967623
1988054
1952209
1971416
1950490
1995455
1998333
1957651
1956938
1964281
1979771
1955590
1997699
1990438
1977384
1952639
1974689
1986666
1961281
1990709
1976396
1999094
1984032
1980212
1965470
1976603
1990522
1983887
1978622
1989243
1950523
1980315
1954926
1962769
1949681
1959322
1955965
1999627
1977585
1957772
1959796
1963587
1958596
1968495
1960720
1999246
1972566
1972058
1959458
1949275
1977320
1992475
1958938
1956887
1987228
1971610
1979397
1958506
1969325
1978536
1956373
1982671
1953366
1954473
1954942
1957347
1966570
1958481
1957822
1972814
1980837
1980339
1954692
1987580
1957654
1968186
1989727
1978011
1965412
1982962
1967754
1977032
1976626
1972088
1956214
1962962
1990991
1966337
1969084
1969784
1974697
1977130
1982739
1956498
1973023
1970206
1988667
1992242
1970890
1973507
1950906
1972566
1991587
1950784
1993615
1972208
1957860
1958902
1983120
1999628
1975313
1952610
1957786
1971009
1967184
1965777
1974249
1963373
1955422
1982509
1977392
1968385
1993189
1953018
1954862
1956872
1968505
1983086
1968208
1957013
1958014
1961146
1982008
1956108
1992024
1989106
1952668
1995885
1976063
1961865
1966365
1991414
1968435
1954999
1981307
1958515
1993539
1978785
1990928
1988444
1968602
1974470
1949653
1959053
1989246
1982607
1959951
1971020
1957097
1962474
1962626
1991611
1992528
1992748
1965828
1952815
1996567
1973023
1960745
1970610
1972996
1957906
1996668
1987161
1991932
1970177
1961342
1982746
1962028
1949592
1988836
1951423
1997744
1980382
1960196
1993530
1956449
1976549
1990269
1958783
1956558
1974422
1960043
1961468
1961177
1981767
1958357
1970484
1969265
1991843
1990633
1978063
1986996
1972910
1996767
1958098
1951788
1952652
1979533
1967777
1964266
1969051
1950416
1959215
1963023
1968572
1982628
1958522
1950601
1977995
1957743
1964129
1952583
1985806
1985754
1960146
1963613
1961075
1950998
1979108
1957655
1981713
1968823
1963435
1988414
1947411
1959973
1963710
1956543
1961230
1960769
1966816
1965506
1962356
1968980
1973909
1974587
1957555
1970262
1969354
1983857
1958026
1962993
1972642
1960900
1949498
1992855
1960094
1982642
1983049
1961461
1961566
1955053
1973105
1958216
1978726
1962805
1997938
1965786
1977732
1970410
1957789
1999757
1963026
1998117
1983507
1949191
1983723
1959130
1980926
1960890
1947882
1987388
1962832
1958035
1962667
1990251
1982709
1976516
1972415
1967020
1951977
1962322
1956854
1958887
1989773
1957913
1952616
1966253
1995839
1977688
1948484
1982592
1975334
1955180
1969774
1959347
1998869
1982410
1962343
1953529
1968862
1949891
1989526
1959753
1978793
1974540
1969728
1956983
1972163
1957018
1979182
1996642
1976473
1998027
1999545
1988144
1965690
1991696
1961401
1991508
1962149
1957186
1955262
1987188
1995999
1957571
1962543
1955375
1981969
1964826
1987096
1966536
1968515
1972153
1981186
1991021
1952447
1969712
1952140
1954066
1977092
1992587
1987051
1960769
1996634
1960687
1979940
1959446
1982591
1968380
1992505
1974671
1970433
1957411
1974131
1995350
1964030
1988144
1960346
1959790
1958771
1957520
1948607
1993243
1950568
1992585
1955438
1974091
1981260
1997420
1969914
1993342
1965843
1974478
1955911
1969855
1957595
1966242
1991414
1998943
1971008
1960014
1956252
1986148
1985653
1972969
1995706
1970019
1969950
1956066
1977728
1957678
1962789
1961053
1961619
1974971
1980328
1969811
1987276
1968524
1972017
1960665
1959468
1983132
1962821
1958558
1959878
1959318
1951717
1972574
1964518
1974993
1993615
1992507
1948013
1968564
1975367
1968559
1971655
1982413
1981437
1969737
1956464
1982653
1963748
1982413
1952820
1992327
1970006
1964281
1959880
1958060
1968442
1961272
1965792
1975240
1974920
1959379
1957388
1970129
1982962
1968402
1998127
1962490
1981169
1991149
1993010
1959725
1955287
1979939
1996643
1970375
1992078
1948852
1966989
1954739
1959445
1960220
1960092
1991414
1950457
1954448
1965475
1956386
1960362
1968676
1959957
1967023
1992016
1984428
1952568
1958631
1971420
1958131
1977523
1959245
1974585
1952636
1984215
1958507
1972735
1964944
1948752
1979522
1969741
1967636
1993092
1987228
1960199
1955391
1957488
1991988
1970993
1967543
1971249
1988424
1978722
1971479
1959859
1995539
1961950
1954968
1999212
1963034
1960812
1955316
1969084
1993136
1974711
1957636
1956875
1963626
1991364
1963166
1970845
1968671
1958822
1999627
1949685
1957646
1988170
1955000
1991202
1953712
1952912
1979022
1969050
1993202
1968813
1989903
1979377
1982543
1958240
1981785
1969892
1971113
1975482
1993295
1973528
1957520
1974119
1961640
1977985
1980396
1947998
1990171
1983097
1949033
1962804
1954289
1949869
1978168
1958436
1966304
1992773
1988941
1954270
1950766
1967457
1973149
1966348
1987457
1960855
1965975
1961395
1953836
1983097
1986236
1968118
1960051
1993204
1969757
1962221
1948460
1968164
1959616
1960627
1952400
1955995
1993530
1947498
1978477
1998837
1991892
1969313
1954635
1968127
1977693
1974038
1958051
1978913
1984906
1970244
1971992
1977099
1960601
1963710
1996489
1947903
1996532
1968255
1960444
1980311
1986028
1969710
1962810
1959053
1957839
1965583
1959794
1959037
1972413
1991889
1992721
1958566
1948551
1987885
1967623
1992783
1998836
1978542
1975968
1950878
1972913
1984946
1962856
1983576
1977085
1971089
1967767
1971019
1956129
1977799
1973753
1971118
1982562
1957367
1995586
1974478
1952847
1958707
1954608
1956982
1956526
1950194
1960798
1960713
1984409
1959067
1949714
1966083
1972628
1993335
1974667
1988557
1983529
1957544
1991932
1965814
1987095
1957537
1949571
1979193
1974425
1999481
1965027
1952449
1973781
1955317
1963892
1970956
1960289
1962390
1959479
1970613
1957979
1970372
1974380
1999800
1962816
1959958
1976420
1959422
1959814
1969765
1960927
1961219
1958264
1968135
1970636
1961631
1958008
1955929
1998691
1977611
1961696
1965822
1955271
1968530
1972065
1954679
1983728
1962958
1972067
1985184
1959245
1971923
1959844
1949404
1954949
1962898
1968286
1979454
1972960
1966764
1982571
1956621
1960808
1962405
1952869
1973261
1971640
1998719
1974200
1999508
1962698
1964546
1954977
1968524
1951092
1954444
1969345
1963841
1988620
1964310
1956366
1973020
1969964
1998489
1977732
1970383
1993216
1949344
1957281
1974943
1992958
1963971
1989620
1975141
1965837
1972996
1960687
1976769
1970518
1950006
1987268
1952496
1978285
1965792
1955416
1953028
1992253
1973721
1989518
1999752
1997341
1995605
1981513
1959901
1955364
1960379
1960483
1978666
1962671
1976473
1949036
1958825
1968641
1963581
1977456
1964129
1959976
1956442
1968692
1990025
1973622
1972628
1991374
1990302
1988630
1958746
1966059
1967581
1958381
1959139
1951619
1988941
1980732
1958627
1959975
1956381
1958714
1990835
1949445
1972334
1999800
1970034
1963127
1973011
1992877
1956121
1958502
1966139
1967898
1958427
1965700
1982671
1968345
1987935
1999408
1965569
1977182
1987119
1965962
1991882
1966673
1959967
1991888
1977477
1987935
1960703
1959652
1984428
1978016
1965752
1968315
1956959
1988975
1965569
1970143
1955336
1968875
1998212
1947971
1958066
1972174
1993161
1999726
1992891
1980248
1953945
1962411
1959252
1977697
1953437
1969809
1962365
1973252
1953552
1965035
1987256
1953907
1957150
1980706
1967585
1978960
1952547
1962743
1954134
1968679
1992374
1987295
1956871
1988659
1958577
1975045
1964239
1982671
1977296
1964837
1950601
1997464
1966118
1966226
1974131
1959148
1982240
1973532
1950872
1962871
1965891
1972763
1975257
1972028
1987250
1975971
1977882
1965989
1972222
1961959
1973023
1961468
1961196
1965038
1969964
1948915
1949727
1958482
1953087
1984244
1991923
1974604
1952371
1979688
1966493
1982670
1969817
1983934
1965456
1954739
1979123
1962081
1979068
1984999
1988119
1964332
1996603
1959054
1957658
1961555
1979436
1977397
1968385
1965547
1968971
1971656
1962533
1953091
1987666
1999230
1971672
1954750
1981768
1960368
1996792
1966533
1962817
1966118
1987669
1961969
1969830
1980706
1957647
1955368
1950749
1960562
1989555
1967441
1996668
1966322
1957760
1967751
1991938
1948890
1960701
1978531
1985499
1981978
1991380
1972875
1958931
1964072
1949412
1956901
1970244
1983915
1972989
1958150
1981409
1971830
1975268
1948810
1957270
1971029
1955370
1998049
1961277
1970296
1964006
1996184
1958389
1974049
1977099
1988225
1954448
1988094
1978260
1953827
1958486
1985538
1971377
1973328
1955075
1983401
1980042
1958744
1999800
1958020
1954985
1952577
1987230
1972336
1963000
1967300
1959953
1956108
1977147
1948424
1976418
1966632
1982350
1979522
1978785
1992137
1967023
1958440
1979464
1960449
1964447
1971081
1988865
1955925
1962135
1980814
1981105
1974298
1983199
1990516
1964153
1957390
1992096
1957773
1967780
1977810
1971291
1981607
1964508
1998946
1963090
1958133
1973184
1958055
1979809
1949088
1989884
1949660
1952270
1980805
1952688
1997884
1988148
1951934
1991719
1949627
1961843
1960814
1971970
1962678
1991608
1976549
1991938
1965006
1979599
1967852
1952185
1958381
1972470
1951084
1949655
1971096
1960229
1950840
1977594
1958017
1998049
1964999
1960589
1954712
1995975
1949012
1998691
1962722
1962801
1958533
1989329
1959958
1966016
1957281
1969890
1956675
1980796
1956423
1980255
1958313
1982589
1972328
1984452
1950986
1952540
1962004
1955006
1992093
1993321
1959334
1975111
1978471
1951981
1963475
1973278
1971884
1953386
1951095
1992363
1976124
1972953
1963788
1979945
1953629
1971377
1958240
1966736
1955998
1988378
1970890
1970349
1963671
1960854
1949818
1971904
1957585
1990180
1978523
1992503
1989542
1961978
1999024
1987849
1962253
1958261
1970458
1998372
1996763
1973723
1961855
1994989
1968341
1989875
1959906
1959219
1972179
1971587
1964888
1958243
1971906
1959062
1968789
1978098
1958377
1963646
1969928
1990216
1962017
1988200
1972465
1953579
1988056
1954179
1972222
1971707
1958836
1948948
1956346
1980805
1987445
1968939
1965655
1991105
1974503
1988170
1970024
1977964
1958523
1972428
1959389
1977529
1990587
1979624
1968903
1969741
1957552
1989538
1973554
1982614
1978703
1950773
1992503
1977105
1977951
1968507
1990505
1954723
1965293
1956955
1960953
1977489
1989908
1974753
1972539
1958640
1970281
1972071
1992011
1953565
1960796
1967653
1959975
1963535
1988414
1991983
1956442
1981147
1970034
1960708
1960994
1972723
1957682
1957742
1957668
1962763
1970965
1950608
1973359
1992235
1982381
1959297
1966559
1963057
1958238
1978335
1956658
1953111
1982482
1960754
1968723
1972642
1948824
1978172
1960851
1954822
1996743
1964165
1985515
1966818
1960170
1969109
1993323
1957339
1985665
1951789
1953435
1962817
1959383
1963774
1966194
1992626
1992218
1978117
1955856
1992004
1965454
1957186
1981812
1996575
1970993
1975938
1982671
1965185
1956319
1998715
1996905
1991878
1952468
1977208
1975796
1956411
1986506
1971081
1992266
1960668
1950980
1970845
1965569
1959017
1991526
1999508
1966359
1991253
1990824
1962835
1957908
1952382
1993128
1987327
1965212
1958348
1970108
1946739
1960018
1958003
1997455
1960663
1966337
1960938
1961723
1954739
1957975
1977536
1955954
1961912
1953042
1977586
1962018
1993530
1967497
1992998
1969052
1977182
1981939
1955513
1950618
1952724
1991246
1951742
1990019
1952914
1966549
1990858
1978082
1967638
1970393
1953042
1960806
1949152
1976325
1968871
1968889
1967694
1958487
1970538
1995149
1981486
1970271
1978282
1961544
1996591
1969557
1973369
1967381
1972779
1958904
1955119
1962974
1957437
1957018
1967700
1987807
1966043
1977517
1966971
1992633
1952326
1992004
1963006
1970546
1981260
1959881
1993377
1996743
1977454
1950788
1952631
1976588
1973277
1979711
1960040
1956499
1952590
1962230
1949592
1981116
1987849
1987686
1964057
1953325
1960806
1973922
1996603
1975971
1996418
1972963
1986419
1966262
1982874
1956257
1961155
1959281
1956090
1955592
1957785
1956566
1961395
1958039
1968734
1970045
1988100
1998673
1992878
1949642
1990530
1972797
1972079
1956638
1984115
1999235
1951126
1956907
1957817
1996279
1989687
1977112
1975138
1955183
1992189
1956257
1963587
1953386
1996465
1979392
1961308
1955636
1969867
1970060
1999235
1957728
1952575
1956602
1956944
1964126
1981186
1954518
1958945
1954676
1948810
1959244
1978678
1999520
1992460
1960991
1984474
1999575
1955636
1958558
1985709
1982649
1958079
1967482
1948553
1992419
1983218
1970425
1983857
1976611
1974868
1971221
1957405
1952805
1970456
1980935
1987285
1986666
1956871
1992743
1987607
1962944
1964588
1959389
1979324
1952456
1969930
1969110
1970018
1961908
1966533
1957696
1970489
1963425
1960848
1963631
1968789
1973853
1986810
1999520
1993289
1991688
1966989
1972017
1965965
1995679
1988147
1962490
1958751
1977748
1965911
1995383
1962127
1954569
1995181
1968847
1958389
1986083
1955168
1960808
1958695
1974709
1998993
1947906
1990112
1957576
1999497
1954156
1949914
1961883
1956350
1974383
1956660
1963309
1986981
1977174
1967117
1982982
1972067
1987913
1993117
1962887
1999571
1998212
1968242
1980255
1958224
1999800
1950728
1956898
1982066
1957200
1960542
1975347
1986805
1966661
1983353
1990858
1957215
1978575
1985674
1951902
1963584
1991229
1972428
1991891
1967770
1958487
1980641
1963246
1978621
1960042
1977011
1992264
1982880
1967180
1996491
1970095
1973023
1959553
1968164
1972528
1969081
1977277
1983102
1972706
1954798
1957233
1961892
1969431
1998187
1991021
1964122
1997108
1957798
1983394
1956713
1969326
1965790
1996107
1973057
1988941
1956359
1996668
1949066
1977429
1957036
1960687
1997369
1961187
1950823
1968547
1947689
1980182
1968473
1977352
1966659
1966202
1969872
1986336
1951958
1958782
1992377
1961938
1958418
1988379
1972518
1990812
1973346
1985293
1968408
1963271
1954949
1974450
1958166
1996078
1951081
1978210
1987807
1970276
1999096
1954791
1974004
1967933
1960489
1978090
1961508
1948164
1961911
1981525
1973783
1959660
1983429
1998418
1974927
1959533
1949253
1975045
1954860
1991862
1957724
1998624
1982369
1971737
1973755
1977094
1953087
1967039
1978320
1952711
1949124
1979406
1989266
1953366
1949912
1987563
1997893
1956985
1974868
1954233
1969379
1955398
1971630
1957067
1965379
1972698
1955532
1986236
1968928
1969737
1948048
1974422
1965741
1986436
1958631
1964062
1949120
1982432
1959422
1974308
1980191
1959646
1972821
1958176
1996524
1954482
1992976
1995162
1957948
1952210
1959404
1982507
1972136
1951789
1995264
1993115
1997858
1952210
1977694
1956250
1965284
1970080
1948444
1948482
1992016
1992876
1971407
1961892
1978170
1973225
1986509
1992139
1994754
1976808
1956903
1999498
1987750
1977611
1986373
1969014
1955594
1965753
1962304
1989115
1960417
1972415
1965448
1978169
1953724
1992406
1987501
1989675
1968299
1966213
1997579
1973245
1957365
1987243
1996235
1965667
1957583
1987813
1950719
1949974
1953629
1956494
1954578
1999420
1969152
1977600
1969063
1971906
1995665
1962873
1960778
1981456
1966208
1958443
1961890
1999503
1998771
1966551
1974344
1996087
1985500
1988147
1965891
1948420
1968122
1964376
1956603
1962103
1999497
1973675
1971008
1969714
1983777
1975975
1972598
1993540
1996778
1977511
1966461
1975401
1969018
1949155
1963354
1954659
1989922
1993483
1990538
1973064
1991087
1976714
1998418
1991252
1977384
1975080
1964970
1950889
1966621
1953848
1987172
1965802
1958296
1969350
1963842
1987368
1963349
1968286
1982773
1991710
1960313
1974082
1987877
1999110
1963147
1954616
1974845
1999147
1960027
1987607
1997402
1987688
1999704
1975905
1963114
1977600
1983423
1967273
1973894
1974164
1964580
1962038
1993444
1948409
1959619
1990435
1970141
1991161
1971739
1949530
1975908
1969033
1987172
1993323
1971253
1973251
1973328
1958854
1960676
1988285
1987422
1956386
1990644
1958690
1959607
1987703
1978662
1959016
1974685
1958532
1955971
1957115
1997703
1949303
1970908
1974895
1958454
1975206
1968881
1982349
1972179
1960847
1952143
1961521
1967636
1987863
1969744
1979624
1991251
1960915
1995758
1948652
1956976
1950809
1949785
1958938
1956470
1953606
1957411
1975201
1967983
1999285
1957653
1960081
1960849
1958869
1949561
1984019
1958154
1971893
1982671
1992242
1990821
1970011
1996208
1974580
1965959
1956110
1967694
1958036
1968927
1989672
1948178
1972826
1977960
1956534
1970578
1962527
1991138
1969263
1951931
1996480
1959285
1983182
1954532
1982567
1955844
1981092
1993430
1998892
1957872
1956675
1964672
1963307
1977401
1968431
1965145
1970274
1992515
1978757
1997402
1958062
1999220
1961659
1963971
1965020
1971029
1961987
1970114
1953387
1957386
1989983
1953638
1965664
1983500
1988309
1957876
1968927
1960562
1962413
1987386
1985064
1992121
1969341
1967843
1949727
1971869
1982240
1951908
1982628
1969694
1967384
1962098
1990858
1987689
1980996
1981822
1970047
1953463
1987849
1986810
1955322
1988332
1952888
1981963
1970959
1972206
1963862
1958720
1959263
1963481
1969521
1957949
1992394
1961655
1968858
1963791
1993530
1948974
1960661
1997277
1951286
1990761
1963178
1961331
1967769
1979807
1958528
1973677
1986028
1993530
1962751
1960279
1996414
1955929
1967287
1983198
1963569
1959616
1971562
1980423
1950737
1965056
1963847
1991265
1981387
1968408
1962405
1953511
1980463
1953060
1952400
1971859
1975219
1978100
1963357
1958001
1958381
1948975
1988412
1991891
1953471
1967895
1957927
1972329
1967491
1981648
1980872
1983069
1956140
1958019
1949247
1988163
1990112
1970123
1999595
1949369
1962282
1958074
1982590
1962041
1969379
1959876
1958072
1970162
1967719
1965019
1957815
1960926
1958783
1961126
1958515
1968324
1978809
1970400
1977341
1979736
1968657
1951717
1953528
1979685
1948023
1971746
1999196
1983809
1985500
1958627
1956375
1958764
1993615
1974603
1961188
1963853
1988285
1977712
1987144
1958729
1980802
1990138
1983132
1970012
1972944
1972483
1987445
1965496
1958686
1972358
1974542
1977768
1997376
1999638
1962038
1958766
1961465
1993187
1963710
1954601
1948852
1963374
1961932
1956567
1980368
1989108
1965282
1974231
1966935
1963069
1961887
1968962
1978376
1948420
1988865
1957960
1958986
1985774
1969713
1967627
1992495
1964802
1982737
1949112
1948948
1998340
1991587
1972319
1993191
1952143
1972264
1958097
1999757
1986468
1996414
1957711
1979732
1983500
1992328
1998893
1970086
1970674
1960995
1976256
1974774
1970810
1960747
1958144
1985150
1957791
1975916
1968405
1964757
1992644
1948943
1957717
1991755
1968269
1990412
1960916
1988365
1988047
1957860
1971056
1968081
1956293
1951179
1992597
1963989
1978057
1957555
1963296
1967653
1960698
1974380
1956169
1962806
1971568
1956775
1952357
1949841
1999278
1958030
1992855
1963293
1976446
1953870
1948646
1953961
1971845
1965752
1962923
1977955
1975367
1969954
1972935
1998237
1970205
1955382
1997369
1965625
1970808
1968402
1996762
1959273
1988057
1990187
1961954
1988270
1958623
1990663
1956382
1977092
1993171
1981438
1980967
1973753
1966749
1965918
1991618
1976294
1976991
1989088
1985685
1966971
1990628
1956775
1968316
1956432
1982401
1958340
1955166
1988075
1977775
1963328
1991758
1972735
1998993
1958060
1957514
1958825
1949032
1959486
1968535
1967640
1961619
1955061
1966345
1958282
1954750
1972386
1983076
1964611
1964314
1982671
1976177
1985320
1955878
1964641
1949647
1966434
1952790
1982617
1998259
1949197
1966623
1963720
1982709
1962343
1956537
1991950
1959352
1959131
1995168
1997696
1986468
1988450
1960148
1964127
1951266
1976396
1955293
1974444
1953721
1978090
1959087
1959818
1991994
1953091
1981844
1973327
1954245
1951958
1962405
1963065
1995852
1954450
1983023
1953591
1958174
1979266
1992481
1997569
1952827
1970492
1953920
1973809
1980347
1949091
1963090
1978527
1977079
1965968
1967903
1950773
1958170
1973909
1969235
1978204
1974709
1962033
1992082
1995872
1972763
1964028
1953038
1970424
1993530
1953048
1964554
1968293
1954023
1983730
1955120
1957194
1996772
1988667
1954491
1955624
1953673
1988193
1996859
1995372
1994989
1993615
1978745
1969567
1952468
1965072
1993142
1971428
1974471
1984386
1985563
1969374
1955456
1987769
1973716
1961233
1992635
1990176
1950584
1959443
1987273
1962722
1980542
1974675
1960751
1957011
1950465
1958418
1991219
1970076
1966343
1996658
1955262
1957544
1960797
1988999
1968918
1971913
1998737
1975738
1961808
1968564
1959535
1968512
1956363
1951977
1976620
1960693
1990451
1977750
1966328
1981482
1966691
1960461
1987407
1976426
1976571
1962850
1970294
1952694
1958026
1982196
1964373
1967993
1960119
1958041
1952395
1970383
1981067
1984470
1972319
1989060
1995814
1949648
1955075
1980935
1968665
1970011
1979271
1989922
1964584
1950405
1959060
1965915
1970205
1978471
1949642
1992284
1968624
1980312
1962248
1947822
1949514
1953934
1975831
1969679
1974200
1958907
1963175
1961661
1980339
1992945
1991246
1992477
1987221
1960571
1975710
1978644
1962051
1974673
1956895
1981598
1954444
1988207
1957773
1966344
1951974
1991958
1956218
1991750
1961881
1958471
1982573
1954601
1961710
1965655
1980043
1957878
1997497
1968021
1955330
1953354
1973469
1955040
1978931
1986137
1965546
1977818
1962104
1959285
1986782
1951084
1988269
1957247
1955784
1970578
1957565
1955142
1970352
1985475
1979226
1962751
1959967
1950584
1955416
1977583
1978685
1959206
1971681
1959782
1963871
1962655
1950490
1992408
1955000
1971204
1970060
1975257
1980177
1960497
1984041
1967441
1950980
1992886
1956334
1963370
1967430
1965655
1997847
1958955
1969766
1988379
1988860
1960870
1977939
1968299
1989866
1958009
1955188
1956417
1951822
1966559
1959469
1987993
1990522
1993263
1970383
1974259
1975232
1958294
1978335
1956402
1996807
1952334
1983208
1953404
1963414
1963308
1969325
1969459
1991248
1991407
1987571
1968810
1966610
1984946
1974363
1988160
1951962
1964049
1958391
1959708
1970181
1977951
1983021
1983759
1967030
1997249
1961202
1951713
1971028
1999800
1996489
1988940
1953616
1958000
1970505
1982705
1959635
1999150
1958178
1951300
1981694
1970237
1992692
1979380
1999601
1970812
1980753
1970537
1951509
1999458
1963586
1975942
1948984
1989875
1990774
1954696
1997352
1949203
1981148
1960195
1960277
1982671
1966967
1962833
1992549
1969313
1962845
1974356
1975234
1960228
1997584
1956928
1992143
1956051
1959458
1977484
1968633
1991178
1953934
1956669
1987972
1991374
1969939
1980396
1959770
1979809
1999628
1979587
1987963
1950749
1960578
1973804
1950855
1957777
1966154
1964508
1957807
1963892
1960444
1948921
1964049
1980186
1968624
1970258
1950966
1965075
1981196
1959523
1962759
1977034
1955058
1993030
1980559
1967252
1973023
1998579
1968758
1970573
1997571
1976603
1955929
1978057
1990571
1987660
1968402
1959081
1990097
1962574
1970678
1967653
1959970
1979236
1982418
1963787
1949507
1990473
1968446
1974993
1976442
1958064
1986766
1966348
1998825
1971282
1977401
1949522
1966751
1965052
1954822
1973255
1957024
1991173
1954625
1957771
1946762
1977199
1976816
1965293
1964560
1974344
1971441
1958940
1990607
1958281
1977393
1979800
1970424
1967498
1980347
1992790
1968985
1962801
1961900
1961477
1977594
1960829
1970538
1968895
1989376
1977644
1982645
1981650
1982546
1993051
1957491
1977639
1989875
1967497
1949327
1950194
1966453
1958058
1964986
1949938
1973214
1987119
1990787
1977410
1953694
1963359
1959106
1985999
1962750
1967336
1963492
1991161
1962263
1989134
1978072
1990863
1992902
1986672
1983577
1992571
1963481
1999208
1949704
1992218
1956628
1987934
1957807
1965095
1957202
1997437
1989905
1956893
1978672
1992320
1968503
1969295
1949704
1955929
1978980
1960248
1958673
1976034
1987877
1960562
1975972
1956411
1973783
1958264
1951388
1963761
1965413
1957935
1953440
1964003
1958848
1958458
1951132
1956904
1967117
1958474
1963514
1992988
1999800
1952014
1969868
1959605
1977456
1972413
1988936
1951665
1960018
1982249
1978523
1971831
1959712
1972825
1991171
1987273
1983069
1958569
1972518
1969914
1982746
1999150
1980587
1978923
1965940
1972766
1951988
1999078
1953836
1957767
1968258
1968857
1988940
1974431
1957399
1949232
1973804
1991526
1991857
1956442
1951025
1954942
1962502
1977402
1953151
1977277
1962644
1974701
1958883
1969730
1954849
1958133
1970789
1978448
1995839
1960086
1998149
1979868
1993142
1959260
1962924
1970998
1999720
1999230
1957381
1970199
1973420
1958258
1961909
1964582
1958260
1992934
1967458
1983445
1957874
1992954
1986541
1964847
1964815
1970271
1976802
1971942
1971845
1966203
1946768
1969763
1966092
1952212
1977929
1999800
1997516
1949704
1957411
1973786
1981172
1971283
1974097
1991220
1996020
1953905
1967355
1962149
1976356
1968345
1990411
1990162
1966717
1975828
1949133
1956898
1960119
1961909
1989449
1957751
1953687
1949191
1949124
1999776
1979391
1957679
1968998
1983199
1957507
1951765
1968792
1999174
1954606
1947507
1963898
1963831
1960273
1961710
1991379
1987343
1992460
1986039
1972969
1961256
1987305
1962066
1955608
1998153
1985096
1973012
1959561
1979533
1987221
1983845
1971620
1982324
1958640
1964700
1995417
1990633
1948019
1962912
1969930
1982492
1964165
1974359
1992856
1955712
1992045
1953456
1960119
1965928
1955163
1979787
1949928
1964035
1977394
1969459
1982349
1950737
1964105
1959491
1989873
1977396
1978639
1995721
1948631
1973528
1960697
1970138
1962256
1952668
1968918
1964284
1947958
1970067
1983552
1996238
1957763
1966294
1969790
1956954
1967109
1961980
1964999
1978048
1958271
1962789
1980220
1970138
1951261
1963720
1992958
1988391
1987666
1995583
1968730
1968510
1969338
1948553
1959814
1963346
1957023
1972621
1949446
1959769
1976885
1980498
1955230
1954776
1996199
1957214
1980328
1982874
1973149
1991412
1974301
1968598
1992901
1996259
1999015
1970257
1965077
1968928
1997645
1974248
1970184
1964255
1959121
1951868
1987669
1969343
1953016
1977531
1953464
1960232
1973401
1990438
1977160
1966126
1979736
1965487
1957327
1987701
1999712
1998249
1950798
1999609
1966885
1968850
1971386
1953398
1980008
1974643
1962891
1984572
1980342
1963908
1981833
1974591
1991364
1961955
1989348
1949551
1958012
1968538
1947411
1952504
1967296
1957879
1992377
1999070
1972539
1995460
1947507
1967912
1989055
1995411
1972222
1963494
1958778
1961196
1998122
1963492
1960676
1978923
1947998
1977249
1969475
1983745
1973023
1992080
1992988
1972603
1961030
1960223
1953504
1986237
1967391
1977462
1975136
1955119
1949672
1996107
1971113
1959361
1975312
1970261
1993189
1962854
1981902
1965625
1988143
1952540
1959264
1968097
1970808
1967183
1983558
1977490
1970977
1974432
1978960
1968582
1952604
1989778
1951055
1976256
1970257
1960849
1959001
1978260
1951081
1985515
1963037
1968012
1977708
1988046
1958579
1955740
1958924
1985665
1948745
1966230
1987931
1958830
1991265
1982360
1985215
1977497
1974699
1991666
1962917
1949656
1948464
1988419
1984446
1953390
1962799
1973155
1969694
1992244
1961803
1955192
1970582
1999714
1952508
1982478
1973576
1962033
1969790
1988276
1980332
1969830
1990451
1977943
1969109
1957767
1971257
1957481
1970099
1968507
1958379
1987272
1959981
1974681
1988140
1970901
1953230
1990991
1971672
1969763
1959607
1954774
1980604
1953827
1966137
1982575
1953233
1984436
1977502
1985395
1977356
1992314
1966139
1968386
1988250
1977429
1978793
1956304
1987688
1978537
1991327
1978616
1962011
1961892
1963326
1973988
1999172
1973080
1954647
1995291
1950560
1971655
1963673
1973023
1968685
1956638
1967125
1958707
1947012
1997880
1952260
1979771
1969307
1965911
1971701
1956618
1980248
1960934
1971067
1981895
1956913
1958503
1981685
1961417
1965098
1971298
1996184
1958174
1958571
1972132
1987317
1981973
1983001
1957800
1957277
1949906
1966267
1964681
1971118
1956417
1969304
1999299
1952590
1970383
1978672
1948636
1969763
1960788
1956172
1959323
1992220
1995832
1978098
1958416
1962887
1953092
1992080
1996575
1990904
1964480
1973226
1965497
1975549
1964079
1957458
1987358
1972632
1962314
1969712
1959652
1989183
1961227
1993182
1966586
1968677
1962961
1968547
1951906
1966457
1963354
1957912
1975776
1954764
1958620
1967239
1961977
1996642
1997576
1991407
1960851
1979347
1948636
1978371
1977531
1990625
1956534
1960083
1949749
1997496
1968347
1977585
1951713
1962314
1969765
1958458
1966411
1954025
1976595
1967889
1975370
1991876
1969710
1998007
1968758
1979019
1989908
1972507
1977397
1977220
1975736
1962212
1971727
1958832
1956655
1981694
1997847
1948742
1961517
1981586
1974819
1970570
1958372
1957558
1976202
1959926
1968127
1956945
1957237
1962613
1997645
1972694
1997929
1987144
1966536
1954625
1962089
1970965
1970143
1957981
1992451
1961955
1971581
1952396
1952143
1958748
1962768
1992558
1992143
1964538
1960214
1998673
1949440
1958377
1958313
1957636
1953330
1966736
1968761
1964057
1964306
1982021
1970325
1992962
1969944
1990839
1962023
1972531
1957250
1967005
1980415
1963701
1965742
1965285
1965475
1972054
1991986
1986979
1992280
1979144
1981071
1985710
1992769
1989982
1998656
1982428
1974317
1958879
1958807
1969530
1963161
1992743
1984572
1983377
1971402
1981758
1962181
1978273
1985774
1987749
1992235
1979534
1968347
1959052
1967367
1961829
1964970
1972329
1999408
1949928
1962118
1964265
1975889
1959132
1966857
1960014
1949549
1968840
1976769
1991252
1960905
1984416
1987924
1962071
1970080
1967184
1986712
1982916
1991983
1953464
1953462
1966673
1964704
1979423
1970383
1993051
1956414
1981738
1979843
1948019
1962212
1984155
1961881
1963291
1997224
1970125
1964012
1983531
1964626
1962624
1970020
1990516
1993615
1956944
1965396
1978725
1953857
1961841
1974608
1962929
1963167
1977066
1956620
1997569
1962153
1952399
1963871
1956387
1988236
1952472
1976560
1967719
1958407
1999714
1962242
1982589
1981731
1988378
1999659
1965456
1957891
1972355
1965092
1980487
1971005
1965599
1988069
1962769
1991877
1985905
1989402
1967001
1961813
1982538
1989531
1950668
1998903
1949752
1965861
1998719
1965580
1957402
1957112
1977579
1956901
1957503
1995713
1974560
1963492
1968005
1948450
1972991
1949681
1980332
1958250
1948546
1979804
1960949
1973003
1984875
1965627
1980641
1988192
1957011
1995806
1966586
1958221
1961428
1987845
1955439
1960279
1980272
1994934
1995975
1965675
1982371
1977593
1963349
1973782
1960221
1957654
1950666
1968684
1952412
1998704
1957823
1976111
1985012
1964201
1983522
1964538
1972816
1955308
1969097
1986981
1964641
1968704
1957784
1968999
1979098
1959881
1960467
1987281
1977217
1999001
1970102
1966304
1955439
1983511
1998337
1961508
1970998
1958063
1984005
1968881
1968290
1997584
1968602
1993051
1962035
1970785
1971848
1959814
1991923
1952326
1956032
1963748
1962554
1958856
1959210
1970674
1949892
1968975
1987339
1978790
1972960
1986021
1974321
1998149
1981341
1991611
1999800
1985679
1981119
1997862
1993171
1955784
1972755
1975460
1983397
1952609
1962218
1956970
1974672
1961145
1977768
1978639
1993010
1959725
1986847
1973346
1984900
1988684
1958369
1966012
1957707
1971893
1992220
1957070
1991629
1975056
1949327
1952747
1960758
1965409
1967204
1992892
1969763
1977882
1995439
1971961
1968549
1962807
1967767
1996767
1990479
1990607
1990942
1986108
1964284
1995830
1971043
1955987
1997913
1985012
1953538
1953390
1988054
1973576
1992775
1964487
1995733
1983825
1957717
1969966
1989790
1992482
1970426
1975337
1975334
1979609
1958931
1992891
1964756
1952950
1964240
1960665
1995633
1997883
1967611
1967575
1961395
1959893
1985786
1957016
1958271
1964350
1976473
1958183
1958338
1969226
1981877
1959708
1967116
1991710
1960997
1961245
1953897
1978204
1965126
1985612
1974601
1953769
1962901
1952400
1948646
1958502
1975313
1961366
1977593
1967528
1964147
1959419
1983668
1958925
1961521
1962321
1983831
1997489
1951181
1981119
1955866
1956328
1957936
1959414
1952288
1987702
1960887
1996745
1960573
1959082
1972507
1976625
1963491
1977026
1963260
1960285
1997227
1991286
1985287
1980542
1968728
1982416
1970613
1968439
1958940
1970099
1958381
1958051
1974865
1977768
1992385
1965704
1981009
1969867
1954326
1970972
1959341
1975384
1958015
1991182
1959480
1986852
1961350
1997510
1982761
1978696
1963510
1949994
1999071
1986945
1956772
1971139
1989626
1964245
1962353
1956877
1969557
1984900
1964251
1990524
1967585
1971207
1995721
1984326
1986808
1990055
1963432
1998358
1963430
1989860
1963347
1983190
1958880
1976246
1978940
1955953
1963716
1966208
1950821
1978547
1957507
1965958
1987588
1971765
1956390
1952652
1986108
1992644
1988148
1992793
1992320
1952393
1952436
1965935
1959811
1952014
1995469
1957646
1972398
1962914
1987086
1958079
1972873
1987379
1973064
1995497
1957738
1956471
1980797
1961783
1956936
1983399
1958822
1961279
1989778
1974119
1960609
1978340
1980968
1980350
1964255
1993142
1955955
1987332
1991697
1970451
1968800
1992329
1992365
1956359
1975419
1991260
1992879
1981341
1977022
1964013
1982982
1992781
1958689
1975467
1963388
1950839
1981227
1964840
1992640
1978063
1974214
1988942
1970398
1958015
1974536
1965537
1983202
1959022
1984256
1954492
1974614
1974758
1996549
1979042
1968897
1963501
1957590
1999503
1968503
1958707
1958035
1951287
1996668
1980313
1957994
1979949
1981785
1970076
1968928
1973608
1970451
1985106
1989836
1969203
1957816
1959957
1999800
1977644
1965184
1958674
1988104
1959542
1960051
1951074
1960517
1973359
1975432
1963314
1970554
1963765
1954712
1995146
1998625
1951906
1970383
1967691
1963265
1964626
1978038
1967742
1985212
1983612
1960668
1958383
1967046
1971506
1966294
1953802
1963840
1957719
1969956
1992366
1999082
1965863
1960057
1989905
1969964
1949394
1952382
1959684
1982693
1968460
1976506
1992902
1976445
1969088
1952212
1960074
1949507
1959035
1995791
1967843
1958258
1977446
1974861
1992048
1973164
1979868
1983931
1985443
1957667
1964291
1958689
1990730
1997903
1961468
1988147
1955392
1980732
1951277
1965054
1989620
1980081
1982399
1996072
1997514
1996766
1973021
1980350
1980954
1952543
1958938
1964022
1960196
1981434
1947906
1979688
1990529
1956444
1983244
1996075
1964804
1951619
1975054
1965503
1961222
1974967
1969661
1951902
1979711
1999800
1948679
1968351
1977620
1952903
1987972
1986336
1987526
1964045
1967254
1949749
1960926
1952436
1958014
1965443
1952209
1953799
1959333
1970841
1983423
1974760
1967046
1960212
1982429
1956658
1956983
1981067
1973771
1975240
1957389
1980684
1987178
1957523
1977728
1987991
1993324
1964214
1946762
1970015
1963630
1975872
1960630
1958036
1980182
1997455
1964650
1999638
1963947
1969093
1982432
1964185
1964718
1958016
1979847
1973894
1983135
1955310
1950093
1985992
1959414
1962844
1967887
1970015
1956099
1949112
1952651
1987944
1958329
1960093
1970582
1953907
1960210
1965491
1999800
1979731
1958571
1983809
1959632
1970189
1960081
1999393
1960772
1955323
1957913
1970484
1983518
1970998
1992482
1950674
1974214
1968483
1971227
1993231
1989064
1958369
1974552
1958058
1985239
1966019
1997846
1999179
1967355
1988285
1958879
1949686
1981713
1970410
1993530
1971169
1958754
1961911
1967092
1975272
1972187
1964240
1957237
1970912
1955456
1957399
1987208
1980536
1958880
1955310
1992757
1990467
1979517
1948522
1982548
1991543
1998667
1968822
1968665
1957692
1958698
1977607
1955626
1964119
1948563
1953708
1987203
1952912
1960046
1998097
1976446
1973745
1995514
1976626
1972825
1968003
1981586
1964524
1988659
1967205
1970093
1963260
1951169
1978848
1964640
1955660
1952540
1984199
1970543
1976923
1969922
1957297
1989842
1964379
1955914
1979945
1951126
1960485
1969941
1983483
1959520
1971788
1975971
1976186
1971678
1952589
1980116
1982025
1989214
1958075
1995009
1958466
1955977
1977679
1974426
1951934
1971416
1972546
1956328
1995801
1985732
1988527
1956379
1973177
1987934
1979941
1958520
1958670
1968443
1959984
1977636
1996057
1953963
1979337
1988047
1999026
1999334
1992492
1996112
1959712
1997950
1982877
1964358
1958410
1951898
1952356
1968816
1987250
1978219
1986782
1970674
1957018
1999523
1967520
1983831
1960839
1955608
1955904
1974931
1989929
1999609
1984218
1956118
1976659
1987203
1992846
1987021
1982324
1952845
1980081
1987387
1969304
1970123
1970153
1967205
1949091
1965959
1972640
1965405
1973005
1982993
1958398
1969693
1999601
1962872
1962743
1974603
1981728
1957774
1970927
1965019
1962825
1975150
1995860
1961417
1998489
1981512
1974722
1972816
1984155
1969123
1981376
1959681
1972271
1991688
1949520
1973778
1965542
1977836
1967754
1982025
1970469
1975904
1982455
1949517
1958959
1975699
1974037
1981927
1986990
1965920
1991831
1985501
1977523
1990311
1963630
1971700
1978616
1987913
1977356
1966324
1948783
1958307
1975883
1968625
1957406
1953416
1953538
1973715
1958008
1956122
1965601
1977644
1955427
1948164
1962540
1995424
1969733
1963685
1987273
1958041
1953416
1996208
1958947
1963492
1963893
1987313
1969377
1962827
1990858
1962695
1959303
1960911
1977345
1956970
1967145
1979996
1991663
1983745
1972934
1961780
1999323
1960134
1974608
1964986
1977799
1979318
1966325
1995146
1974134
1950839
1968618
1958859
1962739
1958771
1970958
1963947
1988893
1960578
1991444
1961349
1976285
1999690
1972478
1971141
1965758
1962958
1956189
1990173
1953379
1962794
1958906
1951665
1963620
1972038
1974974
1983076
1959318
1990216
1992263
1995608
1968185
1971345
1963612
1958634
1959950
1977943
1954836
1961395
1995831
1973349
1987647
1996078
1965831
1974428
1954563
1961922
1958039
1998621
1960207
1952666
1977094
1982518
1987563
1969152
1962671
1980177
1966118
1964061
1992543
1977588
1964447
1991239
1962670
1992934
1956435
1958902
1987202
1977034
1983893
1959633
1962218
1968148
1995221
1979283
1987543
1958868
1978967
1972951
1964350
1987643
1972331
1997929
1949445
1949154
1978088
1955585
1949336
1951509
1954650
1996091
1958433
1983931
1978792
1957071
1959472
1976620
1965790
1987787
1988225
1979542
1965982
1984402
1988216
1995372
1973672
1962490
1953040
1969801
1961146
1974578
1972989
1969047
1958704
1973242
1952534
1991683
1990529
1959467
1948801
1999131
1962750
1952294
1964022
1990025
1948406
1982324
1983836
1984070
1989005
1946768
1975056
1981632
1978117
1970681
1999235
1956839
1971314
1996591
1962125
1964826
1961727
1998149
1983244
1966362
1987579
1974323
1977398
1966944
1954613
1956965
1967498
1972269
1962280
1999180
1964801
1953290
1992633
1991148
1990097
1960940
1998943
1954638
1962292
1984298
1995881
1980014
1989793
1988899
1958706
1983500
1966269
1954860
1958388
1968998
1992876
1989836
1951899
1964130
1992548
1990206
1959700
1969500
1987700
1950771
1947958
1999152
1992065
1979168
1986945
1980552
1957996
1987904
1970400
1989214
1962547
1969295
1968982
1970027
1959527
1993143
1973740
1960575
1968652
1956021
1971480
1958101
1987695
1993004
1950627
1959604
1970500
1974750
1959486
1978536
1990761
1958281
1973023
1973177
1958532
1969343
1990571
1958379
1953863
1961401
1958170
1959468
1960226
1957013
1981168
1959037
1955971
1961944
1970674
1968380
1999180
1974635
1978685
1965092
1949327
1993204
1996661
1999595
1985499
1959880
1957785
1948921
1987555
1963916
1988381
1972882
1983443
1955183
1958079
1950202
1964185
1976977
1956694
1953386
1974683
1977260
1954676
1982609
1955561
1992769
1963006
1972630
1999776
1987849
1996230
1975267
1991422
1988395
1974750
1958083
1992895
1990503
1963791
1962019
1992385
1957737
1971377
1989063
1991563
1993404
1967770
1957958
1983385
1949494
1962371
1987849
1963249
1971803
1958434
1990014
1992119
1952417
1956812
1947879
1962805
1948551
1985774
1968168
1964090
1992877
1957935
1959611
1949909
1992834
1990224
1976661
1990246
1957932
1961866
1967806
1956655
1958486
1961889
1977154
1960916
1964641
1955999
1987214
1970972
1981648
1948802
1986313
1995464
1957918
1974828
1963935
1948752
1980397
1980563
1971135
1973197
1957301
1961860
1997862
1992272
1971833
1957016
1968868
1970842
1958246
1965550
1969175
1968297
1974891
1956046
1949494
1957670
1967367
1962583
1975312
1975800
1968269
1970088
1987849
1998064
1992495
1969057
1969900
1968857
1962577
1990928
1951071
1948846
1963714
1956573
1960812
1965612
1962684
1963696
1990824
1981168
1969866
1956296
1976883
1951375
1970674
1992614
1968021
1952231
1990787
1960018
1988236
1979108
1995633
1992582
1978577
1951105
1960151
1998358
1961950
1966947
1971523
1982435
1950855
1963885
1968638
1960226
1982478
1977011
1957270
1993250
1949327
1981902
1956982
1956371
1997581
1959955
1960762
1978533
1959604
1971551
1964284
1982614
1980235
1958397
1996325
1976625
1948023
1989622
1963051
1986808
1964022
1996020
1993444
1982343
1962806
1965569
1999016
1997564
1983406
1963960
1956877
1962135
1962490
1974601
1968728
1976186
1975123
1973139
1982847
1966551
1963314
1977936
1968328
1960987
1987891
1980638
1985876
1974091
1970383
1995817
1960833
1957767
1973101
1957751
1980196
1958725
1948646
1962626
1980323
1965667
1989205
1971913
1969338
1966434
1975203
1961986
1978860
1970016
1966267
1961701
1999011
1978967
1968702
1972483
1960046
1974082
1994985
1970418
1975464
1999573
1969093
1956381
1990524
1966944
1958880
1960700
1958883
1955721
1978449
1985905
1961673
1969801
1960105
1993069
1978937
1981758
1983198
1978678
1962816
1961640
1955421
1982583
1969069
1957598
1980265
1976954
1989038
1981551
1988160
1956747
1954696
1969521
1952565
1961631
1969094
1979752
1965520
1975340
1961107
1950246
1952589
1960700
1985939
1971739
1974721
1998656
1947906
1963335
1974768
1977643
1978834
1991071
1956884
1980382
1994784
1956494
1998117
1966801
1990062
1968695
1989163
1968782
1992079
1974774
1971749
1985563
1957949
1957758
1975005
1999800
1956379
1954876
1995791
1955120
1960053
1965604
1963057
1982535
1986021
1950024
1969838
1986766
1995830
1960364
1959186
1968826
1962343
1958014
1973909
1989981
1952399
1974493
1968086
1984966
1973905
1962365
1992272
1981116
1963753
1962961
1952285
1948412
1957018
1972398
1995950
1986754
1975025
1963293
1958517
1958403
1958440
1974394
1962769
1971428
1956140
1960476
1974484
1958517
1955120
1982394
1962057
1952914
1967806
1969484
1978769
1992764
1959790
1979639
1960068
1977546
1961490
1974706
1953559
1970141
1951134
1962125
1997762
1997564
1991407
1966351
1961872
1955710
1962834
1971978
1965149
1978725
1988365
1985111
1979787
1991393
1959923
1950823
1963993
1965091
1991730
1985999
1958541
1995255
1996102
1983998
1991679
1987445
1981486
1959256
1964334
1980043
1958637
1965452
1990858
1967482
1965656
1951169
1988160
1992096
1960594
1968862
1962109
1964513
1987643
1997550
1970181
1988166
1977011
1969100
1948707
1980863
1949279
1959368
1967543
1956169
1993530
1971775
1950806
1957149
1977600
1969169
1964143
1983225
1998649
1990400
1968310
1987983
1976560
1972208
1978082
1952140
1972073
1949032
1979416
1954832
1965092
1996634
1990550
1962102
1960630
1987387
1997789
1996592
1987337
1951898
1996235
1950157
1974895
1966479
1967906
1962672
1948029
1963003
1973608
1969767
1983728
1998669
1987710
1970231
1997352
1962804
1956939
1966543
1949878
1973359
1996097
1958486
1987379
1982482
1993174
1959497
1978467
1992582
1958443
1964763
1970959
1948192
1992128
1991989
1951230
1955363
1970617
1957779
1977176
1974231
1963255
1951570
1979771
1954799
1979388
1949369
1972351
1968679
1960812
1961477
1959609
1990774
1976289
1974238
1992481
1987849
1974865
1969613
1960670
1974639
1990171
1989088
1952540
1994934
1959530
1968617
1965012
1968816
1980339
1953857
1960913
1988923
1961059
1953282
1963509
1974351
1952714
1948337
1960640
1973876
1991697
1956887
1999398
1969610
1955195
1990008
1958044
1963109
1996377
1963534
1957948
1968598
1969600
1952294
1967852
1957584
1998094
1974431
1972481
1972512
1992434
1950732
1995181
1963506
1972358
1964087
1959491
1964122
1985083
1964840
1957211
1972343
1962817
1983934
1962992
1968310
1956775
1953837
1989634
1992699
1957512
1959328
1963046
1962768
1984606
1948967
1981911
1947763
1977477
1960497
1959351
1948929
1974712
1967091
1969081
1973866
1961188
1958934
1987233
1980513
1948695
1972639
1974394
1958051
1970617
1965790
1964679
1970004
1960002
1983900
1970383
1978466
1988309
1958019
1958617
1977245
1955108
1988166
1958918
1949520
1967159
1986802
1971707
1971923
1977831
1999628
1964118
1977529
1956603
1973909
1954929
1970012
1980309
1950562
1976926
1980428
1952335
1959803
1960237
1954650
1961783
1968975
1982429
1952304
1952193
1960720
1962135
1988604
1971727
1956433
1979688
1979519
1977737
1949445
1952686
1968747
1978556
1966242
1956910
1949452
1956042
1982787
1964096
1954064
1997713
1963225
1992911
1959889
1979771
1963868
1958059
1959790
1970546
1963147
1982606
1970544
1954706
1953799
1964384
1997938
1999228
1974280
1957771
1997602
1970370
1958505
1958176
1963382
1992930
1967671
1962362
1961203
1999721
1958174
1976816
1964035
1980334
1977694
1998771
1972630
1951248
1963548
1951080
1976926
1980633
1964417
1989285
1948483
1993490
1975374
1949539
1965288
1982746
1970383
1982377
1994998
1957838
1983900
1958719
1988285
1961912
1961149
1978099
1993530
1970505
1992342
1952388
1964945
1989873
1993310
1962846
1961490
1987473
1982653
1949713
1977776
1960900
1963223
1987399
1967584
1954585
1979038
1958959
1966259
1999752
1953617
1986731
1978627
1998991
1960924
1979572
1989266
1972584
1995383
1979843
1983187
1992918
1959648
1971184
1957077
1974545
1981264
1959814
1963347
1952568
1966362
1960105
1983507
1992542
1952033
1949205
1960641
1982916
1961399
1948489
1973786
1956645
1990644
1998991
1953049
1958355
1986850
1954638
1968736
1948684
1953436
1973118
1995758
1999672
1973721
1973840
1952420
1996594
1985106
1974942
1948646
1964849
1959131
1983668
1956746
1985083
1964801
1957932
1964006
1956387
1987702
1964062
1950694
1989929
1981147
1950426
1983921
1968539
1962304
1970068
1960871
1964754
1965520
1962161
1958435
1969475
1978857
1977105
1990184
1960148
1957425
1947961
1962180
1965645
1949434
1977189
1972561
1965152
1948484
1991807
1992781
1988100
1966593
1992856
1991254
1996097
1988201
1968792
1951388
1962644
1999737
1955192
1964454
1961592
1975971
1948753
1990479
1970108
1952776
1961350
1964454
1978931
1957773
1986991
1995929
1970128
1957771
1987388
1971700
1998063
1952909
1956498
1957935
1987623
1955995
1967037
1970268
1965827
1982357
1964262
1959017
1996080
1962665
1964584
1987372
1993530
1971409
1953379
1973672
1999523
1963195
1977643
1970016
1977708
1963309
1957200
1956063
1965521
1980372
1995784
1963217
1950523
1971486
1965077
1955408
1968987
1959862
1947369
1987693
1959446
1956346
1961673
1995345
1992445
1958796
1957032
1950190
1955564
1992069
1990663
1984019
1992029
1957195
1960689
1968822
1952339
1963219
1962726
1959165
1985734
1970027
1998903
1969265
1999317
1958630
1961465
1961938
1976558
1959578
1999129
1954776
1949152
1972205
1958973
1993342
1971184
1966019
1952688
1978371
1960151
1981685
1973225
1988019
1982609
1956375
1971620
1984679
1982413
1961407
1972432
1984886
1980326
1992079
1968703
1987422
1970002
1953374
1964552
1979361
1956558
1992362
1970576
1993298
1957118
1990538
1963875
1986898
1977272
1966878
1955953
1990863
1981097
1956875
1990211
1974591
1957301
1980814
1979771
1990150
1949044
1952551
1980108
1960043
1967183
1963787
1953669
1959665
1949275
1967869
1965612
1960092
1957419
1992891
1968347
1999676
1975968
1971829
1988559
1997530
1967427
1949454
1984465
1976111
1959923
1997237
1991831
1957953
1990496
1953924
1977079
1959547
1996091
1966983
1968800
1957743
1997674
1987921
1977242
1962815
1975384
1974580
1983130
1960303
1987849
1991608
1950093
1960239
1963916
1951113
1956386
1971998
1977717
1964959
1949956
1985060
1999311
1983856
1965409
1959003
1974493
1986410
1955188
1956250
1983829
1968527
1962944
1949197
1958934
1965909
1972571
1960991
1948918
1987943
1959805
1983829
1959733
1970206
1958474
1966507
1997655
1985774
1958230
1952472
1992337
1959042
1949749
1960146
1963861
1959951
1958989
1959733
1992674
1951398
1973840
1952368
1967124
1968712
1997674
1987386
1958150
1952455
1975370
1967601
1999097
1986099
1992664
1986037
1960496
1968598
1950627
1958478
1951248
1970469
1980570
1961519
1955449
1952367
1977939
1972861
1962471
1956707
1974553
1991681
1967686
1960627
1968357
1948538
1988787
1962684
1992962
1989040
1957118
1991954
1981113
1950666
1949517
1978184
1969094
1967939
1958551
1969502
1957488
1959430
1979941
1962002
1970095
1996741
1981474
1948544
1960751
1964118
1977044
1949698
1971444
1962678
1968021
1991161
1947906
1981467
1984552
1983946
1971291
1972061
1993414
1962205
1965508
1992194
1968481
1960788
1999147
1971839
1952517
1948550
1955068
1956076
1996668
1964071
1965807
1966111
1963878
1978604
1963729
1965496
1976063
1961954
1957247
1963244
1958682
1996279
1959021
1959443
1959218
1976802
1947941
1954200
1981108
1956923
1959368
1987191
1987096
1958785
1957593
1982196
1975908
1960245
1960027
1993530
1992348
1950618
1997703
1949698
1960600
1954635
1965063
1970537
1967807
1959471
1972528
1982562
1961428
1974375
1970027
1956055
1971135
1961118
1976401
1970304
1992681
1961800
1988901
1974697
1975141
1986795
1963576
1965982
1956964
1957097
1956927
1978173
1963584
1966242
1985693
1964224
1978488
1970067
1963398
1960655
1978913
1973778
1970492
1995239
1959131
1988200
1978531
1957759
1982509
1952436
1983426
1954875
1950246
1987849
1965656
1960892
1970153
1972347
1982524
1970927
1955076
1973023
1960923
1966789
1960788
1978792
1962322
1965655
1960634
1947008
1959626
1977683
1978484
1965982
1967957
1995637
1947028
1956893
1978750
1975077
1999721
1949942
1960058
1963798
1958127
1959981
1957996
1965786
1991994
1972584
1999131
1955537
1969093
1987660
1966346
1999726
1971139
1965056
1967520
1999659
1988063
1958710
1958771
1959365
1963908
1995756
1987441
1950033
1979517
1986855
1985395
1971538
1968679
1957723
1951025
1965727
1987370
1997880
1953638
1958838
1980310
1957106
1958636
1992422
1987599
1982880
1959898
1970828
1964773
1973112
1957821
1971162
1954048
1990062
1980465
1974355
1992392
1997249
1958201
1998956
1964874
1967273
1969949
1964154
1950376
1956534
1955421
1985995
1955766
1983115
1952143
1961325
1987616
1960036
1960670
1988836
1968992
1961613
1957777
1953685
1977810
1981713
1968084
1952389
1987144
1957751
1949289
1961912
1962783
1967598
1991182
1969565
1955297
1955330
1969049
1966843
1955293
1959665
1956471
1973741
1968913
1960820
1969744
1953862
1967762
1960641
1968535
1965837
1992110
1978320
1991172
1954899
1983759
1979818
1979201
1973465
1977511
1971003
1976928
1952412
1993161
1958243
1952929
1965517
1957509
1975654
1958024
1970243
1988418
1962004
1984334
1956048
1961187
1968712
1983397
1975869
1953579
1979945
1990188
1966889
1975776
1958226
1949761
1962992
1983483
1959946
1977882
1963028
1981153
1965599
1970271
1960090
1971568
1956928
1957998
1948482
1977850
1991285
1958590
1987787
1976887
1968913
1965721
1964456
1963161
1966570
1963201
1977748
1970207
1964756
1960956
1974715
1948901
1958856
1955995
1971715
1959365
1961420
1956927
1966083
1957526
1951223
1999401
1988860
1997699
1963763
1957814
1987870
1979266
1956102
1991877
1961855
1967581
1980033
1948909
1949351
1970349
1982350
1968093
1948100
1983098
1961308
1959465
1958881
1978811
1966137
1977073
1991173
1995948
1954619
1992965
1960519
1970050
1961059
1958697
1998618
1963857
1993263
1977302
1947763
1963734
1965720
1962698
1983542
1963506
1961259
1956011
1981131
1982518
1982438
1991943
1959796
1958662
1966202
1948779
1964125
1954764
1970060
1960980
1961883
1977960
1964362
1979123
1971749
1958210
1980338
1995852
1960751
1953347
1959419
1995363
1967709
1971314
1957817
1960830
1968281
1968095
1949539
1975893
1969930
1969322
1952100
1960196
1977742
1997108
1953323
1971249
1960289
1952903
1956493
1977490
1966218
1958383
1964404
1962901
1964315
1958124
1971138
1986918
1957786
1965469
1958758
1949286
1974305
1979639
1965695
1967939
1970257
1962135
1972881
1956380
1962426
1956534
1991912
1969819
1991928
1964149
1968867
1960902
1961297
1962759
1978725
1974585
1966208
1979887
1955176
1955116
1980996
1972334
1951223
1983406
1971958
1979144
1955293
1970002
1990411
1963840
1989262
1952713
1962535
1957878
1961076
1951179
1971682
1990877
1991089
1962138
1947413
1957678
1999770
1973023
1964096
1963626
1957569
1959486
1955721
1998532
1984336
1967529
1979991
1970362
1977605
1984100
1984679
1962103
1998248
1969445
1969052
1972386
1981436
1997395
1969928
1958590
1971587
1978467
1992505
1965905
1955091
1978454
1975914
1977440
1992429
1984926
1954039
1953064
1967751
1963244
1973853
1959950
1991611
1993430
1949233
1958758
1963601
1958567
1968184
1981089
1988285
1998651
1974313
1995544
1974711
1968242
1978918
1982671
1969613
1955480
1987555
1999278
1979771
1993615
1986218
1990481
1962695
1958018
1957906
1992571
1964332
1956817
1968559
1946768
1976420
1971257
1957772
1974585
1978748
1999228
1988903
1949974
1972927
1984600
1990552
1955306
1960146
1979216
1969678
1962079
1966269
1946892
1969049
1959100
1983239
1958986
1970496
1964757
1960920
1976473
1992328
1956609
1959139
1959218
1963511
1963657
1974536
1970012
1981246
1978556
1968867
1983836
1990858
1988247
1969326
1955147
1987367
1968810
1978143
1976131
1958881
1956423
1977011
1958973
1957874
1996905
1957565
1952784
1948909
1973112
1953058
1961865
1992122
1965918
1966024
1977749
1978256
1958634
1987226
1955904
1966158
1980272
1959016
1975138
1990808
1960768
1972814
1988115
1990423
1982593
1982555
1997420
1980365
1964802
1968443
1986137
1948446
1976418
1958425
1977177
1991494
1977474
1961142
1958907
1959757
1957935
1957034
1979318
1969020
1999800
1966284
1967932
1962098
1968847
1968905
1990116
1998655
1956319
1991386
1966479
1969744
1967872
1984606
1957913
1955469
1978458
1980614
1991843
1989817
1999584
1969478
1987272
1969946
1980067
1999524
1975260
1959684
1955079
1989518
1947284
1961892
1995830
1999195
1987368
1972707
1965142
1969033
1994762
1962411
1963960
1959131
1948192
1998655
1999595
1972944
1992497
1950756
1957777
1965861
1972990
1978644
1992910
1957812
1960032
1960121
1965456
1973003
1971370
1958440
1980408
1979182
1986190
1999500
1983966
1957512
1977444
1964513
1952869
1963548
1958559
1987105
1963293
1979454
1982573
1972163
1986850
1979342
1957583
1957537
1972714
1991380
1992520
1972271
1958035
1959971
1958034
1968316
1995870
1959926
1988015
1963782
1979490
1956884
1976549
1973057
1948941
1951074
1954326
1999580
1963155
1957686
1978604
1963852
1950416
1992422
1965698
1957966
1982591
1982524
1957950
1996480
1968913
1999687
1957651
1969348
1952735
1991892
1999129
1961324
1998187
1978806
1949733
1968583
1962871
1991611
1985475
1976883
1949894
1975833
1959314
1971970
1978011
1968823
1977301
1958454
1962186
1972061
1996057
1958466
1968758
1969172
1975733
1962950
1963026
1979940
1960243
1963823
1973905
1980501
1969135
1979597
1999135
1989952
1953202
1978980
1950891
1980198
1992581
1976884
1959132
1985774
1990505
1960042
1961376
1958676
1968035
1977388
1973469
1977663
1951080
1959002
1978444
1995460
1956055
1958963
1978841
1962095
1979733
1979810
1987536
1965867
1987942
1995529
1957655
1980528
1991502
1954156
1954906
1959520
1981105
1958137
1969018
1948859
1963868
1971186
1955868
1993010
1997346
1985215
1996924
1959553
1977292
1955076
1976466
1961868
1959533
1978099
1967320
1977763
1959971
1952449
1961142
1980203
1968512
1987787
1992266
1957719
1977272
1970256
1972431
1957895
1960379
1966092
1961399
1960806
1963869
1981632
1957503
1965862
1965958
1980310
1952456
1978699
1979681
1990438
1965178
1994998
1960777
1949869
1965448
1963110
1973252
1948086
1984821
1986279
1996745
1973704
1959022
1986863
1973015
1966623
1957711
1982654
1953559
1969047
1972981
1998007
1999508
1959106
1958041
1962353
1978523
1965508
1951515
1987007
1954836
1963636
1956854
1995497
1999526
1977359
1970644
1997858
1957773
1981121
1949841
1949763
1972873
1995663
1958516
1956822
1999601
1957292
1987214
1988634
1959352
1959472
1960117
1999299
1991295
1995921
1948684
1966213
1979939
1966158
1972222
1957997
1956567
1956042
1983500
1978966
1957301
1989313
1979735
1980215
1966438
1959303
1960267
1957469
1992451
1960044
1956824
1990246
1962794
1988351
1987725
1967048
1961841
1992721
1960743
1964394
1993414
1991725
1990136
1948620
1954414
1958466
1975623
1960573
1953432
1964040
1978937
1963509
1974305
1958507
1975699
1983394
1959304
1995806
1973942
1975419
1987823
1952636
1963798
1970383
1967336
1992959
1999519
1977984
1979629
1968775
1971739
1958522
1991688
1984212
1972821
1988351
1953064
1989039
1964115
1992542
1980063
1989311
1968168
1982538
1992777
1950111
1967634
1966264
1987580
1976640
1969334
1955006
1992113
1949551
1963034
1954479
1963493
1969644
1968312
1957776
1999016
1957910
1973281
1986218
1972302
1988019
1962520
1961721
1970229
1961866
1998649
1948722
1958202
1953040
1959595
1964743
1997858
1970104
1957789
1988550
1954969
1977260
1958356
1970912
1960676
1988075
1982343
1954687
1992041
1984279
1951464
1983399
1958292
1958201
1952288
1996992
1952646
1964358
1998762
1976270
1968671
1963810
1957056
1977962
1982693
1957720
1969377
1972102
1953697
1997851
1992374
1983730
1990887
1978486
1972617
1954569
1991161
1966630
1984277
1965753
1955674
1958041
1955954
1982899
1991248
1999539
1989008
1956506
1967669
1977962
1956438
1957843
1959652
1969341
1960090
1991229
1950878
1977792
1977535
1991986
1958347
1971830
1986996
1979840
1958440
1973401
1980618
1981513
1953339
1978184
1953963
1975953
1957682
1958097
1991560
1968314
1957763
1996588
1960731
1973021
1963435
1961281
1958030
1978662
1965577
1958440
1980534
1965054
1953374
1971985
1961818
1959178
1982472
1997464
1981108
1968341
1993530
1989982
1967751
1959242
1999373
1987845
1959348
1966801
1982567
1963852
1969596
1962825
1963127
1964030
1956091
1988496
1955856
1953800
1949056
1959906
1957593
1992664
1986480
1969322
1968652
1959252
1970261
1968734
1963551
1963620
1958506
1979324
1979376
1952508
1962371
1992874
1958547
1958757
1999638
1960156
1953622
1949205
1992475
1988193
1979587
1971000
1954645
1958883
1957720
1974426
1957876
1963530
1984886
1966358
1987709
1980872
1950195
1967157
1978019
1957978
1966391
1990381
1970006
1960277
1985556
1958720
1963203
1975871
1960905
1962153
1967885
1992139
1957218
1971005
1962119
1987277
1948625
1983723
1980186
1999015
1987689
1966391
1973064
1976294
1986847
1960708
1980043
1981147
1996344
1986509
1955040
1973245
1962749
1995162
1970845
1967694
1969053
1982555
1960847
1959333
1990839
1970200
1981363
1959696
1997629
1949994
1991248
1970069
1966605
1965944
1957351
1966577
1952444
1960070
1980315
1960726
1978978
1993092
1970271
1983527
1958403
1987514
1971903
1983921
1995784
1973220
1998893
1970636
1955564
1957233
1958197
1948030
1949351
1957651
1950012
1959609
1974432
1963491
1954134
1960575
1962428
1948917
1997510
1950861
1987313
1973128
1949037
1984621
1951222
1971934
1985272
1965601
1967843
1959480
1992451
1968557
1986400
1952847
1999785
1981559
1958498
1959218
1986805
1947920
1986768
1972672
1992892
1968865
1957966
1991775
1989773
1995803
1974436
1967834
1977473
1948444
1983518
1965142
1952594
1970425
1999400
1990659
1969872
1999800
1966298
1955062
1960074
1956017
1972511
1951061
1972073
1999361
1957918
1965954
1961366
1971934
1986845
1982428
1989202
1992266
1957979
1993018
1959047
1952561
1955307
1969431
1963626
1948861
1962407
1968743
1965944
1992375
1971701
1999800
1953311
1996345
1980372
1981282
1970041
1997430
1955066
1962924
1983426
1989950
1995291
1953423
1978678
1965072
1958197
1961395
1968242
1952713
1997612
1958486
1969502
1968480
1960221
1957080
1979283
1977786
1961076
1953432
1997611
1992342
1958061
1997203
1968328
1969678
1950728
1960731
1992970
1987387
1958051
1962135
1982539
1968809
1963613
1963159
1971992
1963178
1992353
1979082
1977217
1995944
1971985
1968798
1958437
1982777
1958243
1993131
1961667
1959733
1947970
1956232
1995733
1963265
1995239
1974768
1962827
1955128
1974353
1956414
1972179
1961196
1962081
1949494
1958697
1981973
1996291
1967875
1969057
1956949
1992011
1998462
1997780
1953800
1970482
1993116
1975046
1952364
1968903
1958058
1948483
1958160
1978168
1950649
1996760
1995066
1964837
1996668
1954473
1955374
1981113
1989952
1957998
1959878
1972054
1952288
1960974
1999423
1958032
1963063
1977855
1960668
1992216
1958041
1966383
1983130
1982671
1956363
1965667
1984474
1999560
1981976
1958618
1955504
1988130
1980346
1962312
1960093
1961376
1957751
1979247
1968035
1961846
1991508
1991327
1972142
1970274
1958921
1978779
1999097
1949668
1965465
1970248
1966328
1980422
1953520
1949561
1966040
1999603
1956656
1963126
1967009
1988285
1973495
1960713
1955351
1950608
1971267
1957292
1999293
1958302
1949124
1988162
1973718
1963311
1958938
1967109
1958055
1959660
1967854
1966907
1965587
1978196
1952656
1980311
1954618
1992357
1981551
1967622
1958469
1968849
1970248
1971204
1987135
1983146
1957938
1957351
1957062
1991644
1984011
1992969
1958498
1987953
1990876
1960919
1967430
1978847
1955389
1962242
1956170
1951181
1990777
1960232
1987700
1972512
1957821
1990180
1991244
1955323
1991896
1956489
1962237
1959215
1954482
1973554
1962834
1993418
1953124
1987295
1969318
1960214
1997308
1978311
1984821
1992681
1980796
1977611
1962321
1948652
1959430
1981703
1967100
1990571
1977118
1986984
1980066
1968949
1969776
1973015
1960663
1955823
1972483
1988091
1952555
1999637
1999498
1953387
1965585
1967100
1960245
1987890
1977683
1971640
1976611
1988147
1955971
1960004
1987261
1992116
1981348
1999303
1958064
1984428
1979701
1981307
1979701
1957858
1958176
1949686
1975337
1977611
1970068
1961279
1958585
1972351
1967956
1967116
1989243
1969178
1948504
1987277
1999196
1960812
1950889
1948120
1987161
1959399
1966242
1988007
1997880
1961892
1956775
1964417
1966116
1948017
1955823
1963978
1989088
1991679
1959944
1958032
1958555
1955262
1963046
1972698
1959568
1960689
1982763
1999429
1952388
1999401
1991178
1980312
1958179
1970271
1984215
1980528
1957668
1974410
1990479
1962539
1959399
1957658
1969492
1968312
1967124
1969930
1973677
1954625
1975574
1998276
1967801
1963374
1946739
1977260
1984800
1991878
1972142
1977750
1959277
1998337
1978621
1962738
1965463
1956822
1981128
1969379
1968242
1962667
1992216
1965503
1997573
1958752
1964575
1954289
1954241
1962300
1957585
1957035
1950062
1988826
1981077
1974636
1980128
1966818
1972797
1953712
1991161
1973792
1953575
1965604
1999045
1962071
1986330
1952906
1999571
1981939
1996377
1998941
1964017
1984920
1956335
1949515
1971479
1966218
1948030
1998651
1948546
1963953
1996138
1949818
1992451
1974348
1985774
1974355
1959510
1953685
1961220
1978831
1951287
1971904
1980339
1959530
1967040
1954819
1961890
1972022
1956910
1949550
1976263
1997594
1967381
1968527
1965052
1966194
1969417
1983968
1993115
1968084
1981139
1980453
1963616
1993271
1952596
1956596
1972797
1982021
1965927
1962835
1970053
1988124
1965742
1988577
1997752
1977949
1992365
1966126
1998955
1989335
1970383
1975119
1950548
1984446
1970123
1981456
1985732
1991412
1992549
1986039
1954798
1983711
1974097
1959264
1960941
1958357
1967989
1975246
1970256
1958682
1984875
1966284
1954798
1950603
1958061
1973854
1988826
1959002
1961846
1968825
1972269
1995324
1971468
1953565
1952050
1982455
1964185
1958921
1973715
1952419
1958475
1949327
1958296
1972753
1976193
1957737
1980240
1959218
1981449
1958511
1960524
1970129
1962872
1950755
1982555
1963551
1970260
1959015
1947687
1977260
1987647
1950264
1960248
1980563
1963716
1960658
1990835
1958202
1991378
1970198
1961156
1969078
1956345
1999716
1999584
1956573
1965895
1957361
1960462
1991934
1973116
1966559
1992451
1958438
1964575
1999184
1968081
1981306
1999283
1970189
1990570
1974971
1965793
1971377
1970930
1965284
1981892
1966260
1990858
1990777
1973720
1977154
1963894
1970362
1993530
1999796
1966116
1958162
1981217
1992478
1964061
1982700
1963636
1974344
1949668
1952606
1992512
1958494
1958238
1971197
1971390
1958676
1959359
1985806
1962019
1966816
1957910
1990876
1965667
1972672
1957050
1988957
1989860
1981801
1989004
1974717
1952008
1988541
1996532
1971884
1953488
1986365
1987337
1960781
1973365
1987273
1952209
1977365
1977818
1973565
1971211
1996501
1969819
1968324
1955626
1977800
1999800
1991286
1972132
1992509
1983184
1957777
1957247
1965421
1976509
1958030
1998946
1963833
1973869
1967912
1957647
1962761
1986253
1973023
1967421
1969637
1968097
1983383
1992078
1992069
1961074
1957966
1952393
1966033
1992024
1973349
1960320
1970094
1965221
1968255
1971227
1980298
1999110
1990400
1958456
1970307
1981878
1956518
1988942
1963828
1957044
1972264
1959326
1957773
1978659
1953432
1958432
1961992
1959178
1971020
1958769
1978305
1986509
1955999
1966967
1977099
1965762
1977768
1948679
1952467
1959770
1957595
1977110
1998039
1948506
1968214
1965412
1949765
1972347
1977709
1989106
1961906
1962168
1960785
1970410
1983796
1992314
1973622
1995663
1974450
1952610
1986777
1957666
1963810
1969853
1988119
1950656
1960933
1991548
1959819
1976263
1991384
1975971
1977459
1956119
1964219
1987188
1953282
1996567
1988151
1956850
1971829
1974496
1970060
1956625
1950960
1998579
1963637
1958065
1988115
1962843
1970998
1998904
1960911
1951286
1997696
1987883
1951868
1975347
1951976
1996330
1995950
1953099
1980498
1998106
1958443
1972652
1993289
1949552
1969758
1972153
1963083
1971000
1968962
1961803
1965452
1956335
1953224
1955374
1965282
1961357
1957918
1961978
1968402
1957767
1971941
1972940
1959794
1960196
1966598
1997624
1993194
1966399
1992189
1977594
1957591
1991299
1999176
1949107
1989311
1985239
1958072
1990384
1953824
1958440
1988235
1997571
1961663
1973255
1966388
1957651
1991287
1993530
1956976
1987649
1991750
1973758
1959273
1995417
1992919
1960689
1952651
1965017
1980235
1975671
1995773
1979681
1980805
1977053
1956121
1948656
1949069
1954730
1995956
1967030
1976815
1952426
1964640
1977587
1957207
1992855
1963046
1983215
1974383
1967869
1968610
1971491
1973023
1958284
1969950
1996473
1962739
1958883
1998678
1958204
1959532
1996573
1987417
1990206
1958904
1961934
1954634
1992892
1964456
1951971
1957913
1961149
1998618
1954687
1966118
1962883
1972323
1959487
1979347
1986855
1992879
1979117
1960915
1992911
1967783
1986845
1990403
1958292
1964369
1991993
1979534
1966333
1995754
1949344
1981585
1948628
1949501
1962631
1963871
1960177
1962670
1962763
1960036
1947008
1958118
1949279
1968671
1971426
1975946
1958523
1970018
1975351
1951955
1958564
1987983
1993483
1987202
1949024
1974672
1987211
1973162
1996330
1959446
1957903
1991787
1982324
1996668
1971500
1956872
1972987
1951423
1953454
1973197
1965438
1948802
1965413
1974920
1982799
1955180
1959015
1960658
1971783
1955116
1970958
1974323
1958357
1962554
1960743
1987942
1965920
1974865
1966154
1953082
1960350
1950655
1961282
1983489
1960568
1971426
1961256
1975948
1989873
1961379
1956573
1967157
1976295
1961122
1973718
1969077
1953018
1959818
1962079
1953520
1959059
1964031
1963326
1957112
1984563
1993422
1957981
1979708
1958678
1955558
1966083
1979587
1977566
1958347
1995004
1967458
1999436
1995577
1963423
1957851
1960902
1952285
1995149
1989157
1953323
1958987
1967691
1991944
1983857
1962885
1955271
1999071
1963161
1974354
1989520
1964359
1978422
1979464
1949749
1960798
1992013
1985674
1985170
1969484
1982700
1969890
1995677
1979964
1963511
1962890
1967653
1952608
1960071
1959428
1968539
1963734
1966118
1955513
1970644
1966224
1970281
1996533
1975201
1980226
1978526
1952929
1952904
1968424
1957724
1967694
1992070
1949452
1982548
1979705
1961728
1992821
1959528
1979708
1985810
1988019
1969941
1992866
1991548
1959375
1983612
1964280
1957459
1960663
1956565
1963195
1964419
1987154
1957475
1971844
1967020
1977473
1967755
1982418
1950426
1968005
1980967
1995756
1953928
1977242
1962540
1998455
1994787
1965905
1975971
1953170
1953462
1960587
1973844
1953202
1982371
1958474
1969051
1961219
1992066
1947028
1958924
1968875
1949101
1952776
1999179
1957361
1960086
1978454
1959343
1958081
1958992
1957255
1976595
1958137
1974049
1960165
1967554
1997921
1974343
1992316
1959823
1973844
1949648
1959945
1968813
1989564
1999412
1973140
1998106
1963809
1960350
1975783
1959465
1969513
1975938
1951515
1960669
1961986
1975797
1981082
1989285
1996778
1995339
1977593
1986436
1981173
1988130
1992095
1965138
1963639
1965009
1953461
1954927
1987523
1961029
1991989
1960409
1993243
1951134
1965690
1964130
1959004
1955307
1983531
1960313
1960119
1982498
1969374
1977949
1959976
1992640
1997600
1979904
1963738
1992492
1963000
1957016
1972927
1990544
1964153
1962527
1966700
1955913
1982324
1970024
1966916
1959060
1958024
1977429
1960781
1992549
1971207
1977742
1956506
1988787
1965288
1977237
1963853
1982360
1990613
1999800
1960733
1987358
1955330
1966961
1995791
1957459
1962992
1952678
1988807
1972157
1964091
1987225
1979377
1960229
1952362
1974278
1986095
1960726
1977509
1953278
1999314
1975893
1958112
1949878
1967683
1993430
1981179
1992280
1952504
1990638
1967009
1961398
1986979
1980954
1956990
1971844
1948928
1960869
1960383
1992045
1966234
1954862
1951261
1975077
1960081
1998825
1957555
1960933
1990423
1959438
1987041
1957204
1973065
1968006
1981017
1956602
1963161
1962990
1968247
1995291
1949310
1966932
1991891
1957686
1992224
1987191
1962055
1964338
1962053
1962048
1989211
1955776
1964764
1962109
1960687
1997364
1948620
1974639
1964508
1960747
1961029
1960273
1960237
1975869
1998094
1953396
1958281
1965470
1953961
1965741
1965911
1981833
1992901
1993343
1967320
1954776
1975998
1983723
1971890
1972465
1981450
1991170
1985612
1993117
1962666
1974722
1995870
1977382
1956479
1991943
1961268
1989063
1962799
1998814
1962253
1999176
1972914
1948654
1958914
1973748
1950443
1988450
1970648
1978769
1966621
1959242
1956526
1963550
1969761
1954906
1958832
1960070
1968713
1969728
1987878
1977509
1967895
1987491
1980008
1971958
1974725
1960027
1973064
1961410
1948522
1977105
1996668
1995564
1978038
1974901
1966113
1992855
1963815
1958662
1972739
1996075
1960587
1957214
1981663
1964996
1968214
1973101
1959976
1982416
1996588
1971477
1950659
1976977
1985606
1952790
1985867
1961667
1976418
1959535
1961171
1992458
1965867
1986873
1965552
1975872
1955521
1957211
1966161
1960920
1960938
1953325
1990467
1992874
1992935
1959602
1956110
1979117
1955382
1960092
1956938
1961900
1993274
1965639
1999292
1952365
1950765
1969798
1960571
1964239
1955168
1958496
1969824
1961379
1956382
1991862
1982590
1959056
1971090
1953760
1963309
1983796
1955585
1952356
1972040
1993116
1962194
1983972
1984336
1998027
1960018
1959314
1968200
1962992
1946739
1970028
1962828
1960346
1963869
1958466
1973139
1958985
1960016
1957150
1954509
1991200
1965145
1979271
1959782
1981844
1958449
1967652
1946739
1968408
1969049
1989038
1991365
1964700
1959953
1958314
1958510
1970222
1999546
1953082
1965547
1977345
1959096
1995577
1985150
1959819
1953098
1982394
1949034
1992793
1987703
1967296
1968414
1959022
1967895
1992788
1972218
1957269
1961818
1959322
1997376
1969693
1989531
1950560
1999303
1968675
1987885
1972328
1985679
1959757
1952444
1972495
1991918
1992856
1997959
1957599
1968918
1974753
1957535
1982670
1998955
1961097
1963534
1980044
1952724
1984215
1991736
1978806
1964310
1969798
1991220
1949892
1958148
1971043
1974995
1952467
1950720
1957594
1965137
1972143
1987695
1983227
1999001
1955914
1966259
1959830
1975654
1960997
1966716
1957032
1974742
1981227
1987993
1960926
1962559
1971422
1969758
1974631
1973101
1977804
1966749
1969901
1986365
1955370
1947808
1992716
1993026
1987883
1965653
1976799
1977929
1948460
1987154
1958314
1954799
1960473
1970956
1973128
1984277
1993170
1980326
1992477
1959326
1980802
1952154
1987516
1999148
1983894
1956386
1957783
1965674
1989949
1993310
1991662
1989502
1970069
1967040
1966224
1999387
1958148
1951405
1964166
1954209
1971028
1982671
1964385
1996231
1958830
1952400
1958836
1974544
1954886
1963569
1989179
1976325
1993174
1955998
1967065
1949056
1977085
1959853
1955961
1989402
1958179
1968325
1948890
1958924
1954832
1963576
1954470
1952210
1977607
1978811
1967475
1976466
1958533
1970198
1957400
1997397
1960668
1968412
1960640
1977208
1959285
1988936
1998676
1955965
1966751
1968095
1969175
1949014
1956410
1957816
1960057
1962276
1992506
1970548
1958637
1978113
1957839
1976285
1959888
1950309
1971707
1991251
1963847
1960705
1997520
1972497
1998249
1977602
1977358
1988911
1960878
1966359
1960127
1956170
1953837
1995608
1988120
1968675
1972894
1999255
1957821
1983987
1977053
1961891
1992577
1979184
1964849
1969982
1987669
1991419
1999387
1965017
1995773
1955391
1955316
1979948
1976004
1999436
1978800
1988222
1957917
1977099
1989329
1967427
1973116
1957964
1999540
1964552
1977302
1974499
1965285
1960915
1994915
1957692
1958690
1957552
1963989
1991171
1955774
1958388
1947369
1991207
1956901
1967736
1949966
1982899
1998340
1953386
1969966
1959520
1999800
1962940
1987968
1960562
1961551
1970043
1954977
1960054
1957663
1970019
1973072
1973652
1995814
1987933
1980328
1972725
1970262
1981097
1965677
1965336
1968583
1993257
1988593
1962225
1964058
1967627
1971397
1951822
1959723
1961954
1976885
1949240
1959561
1958437
1970042
1958133
1958357
1953869
1979038
1949012
1972354
1989346
1963388
1978072
1984199
1995830
1959602
1998805
1989039
1972797
1956479
1965587
1992029
1992512
1999070
1980067
1977214
1958313
1969567
1971458
1952187
1961959
1967611
1954482
1978219
1974553
1966253
1998914
1985992
1963004
1958782
1962929
1997496
1987688
1966224
1964125
1961227
1963720
1949154
1956390
1993462
1990885
1984249
1960094
1957906
1962951
1959771
1968386
1957766
1999754
1993216
1966346
1958517
1960640
1977579
1973934
1987913
1971831
1950249
1949322
1947971
1973741
1971402
1983353
1964552
1968713
1961684
1982004
1977348
1962516
1976447
1978134
1951807
1957977
1964348
1964361
1995564
1999540
1960934
1974344
1974351
1953227
1960128
1965443
1964899
1996533
1973206
1987649
1988063
1974249
1960250
1954926
1962110
1964996
1965493
1966740
1978572
1963475
1953897
1954023
1962959
1957821
1957016
1975883
1962171
1959473
1961074
1954999
1964641
1990638
1987807
1960873
1961868
1966352
1960987
1965425
1969220
1969939
1947882
1995564
1979196
1979638
1956990
1987813
1948409
1995194
1958064
1971337
1995339
1991365
1999024
1984920
1956668
1969078
1981697
1983973
1954039
1975565
1961729
1989518
1963833
1998669
1964794
1968294
1957160
1972951
1976764
1950218
1965698
1965379
1972611
1966040
1987913
1999573
1978748
1966284
1958469
1977079
1965468
1988094
1987457
1966855
1953049
1960054
1974207
1949552
1982592
1972232
1968925
1965875
1996231
1969924
1955441
1948901
1955066
1976312
1998837
1956632
1959210
1951254
1959986
1951853
1962951
1953064
1957389
1978048
1958623
1960747
1988057
1963809
1999495
1958944
1952714
1978088
1986991
1998956
1968782
1962533
1978526
1959148
1965793
1975206
1991793
1965659
1957036
1969627
1978790
1992970
1969627
1985774
1977768
1968677
1988285
1956565
1948529
1963119
1978931
1963586
1968546
1956875
1963890
1949873
1958707
1980408
1958314
1970141
1952454
1956490
1977644
1950655
1962666
1958129
1982671
1991244
1997950
1950847