961079816
992534460
921005640
986947554
980821476
986240583
963820447
950752271
975281893
953056909
988204701
963583866
977743797
918013131
922082469
975430707
986849388
998154713
986332374
957790554
967694838
971477244
979641796
930297868
976754030
957110033
962792604
981602036
953573735
957028358
920470489
986332374
983224420
927948553
922513297
917808568
922686957
975592825
987497193
955675028
932992817
988523940
925639629
976006119
954257101
961079816
976048908
969345879
974147206
975482219
984456264
980196577
962070350
985977091
949999412
993252912
921005640
983458656
984333899
995032307
992528503
926363995
987158752
973662229
991028892
931022678
980994145
967221070
974861662
919457690
988204701
952976276
921407734
983937606
993908371
957078811
972675956
968434005
921259415
953056909
991127591
922060095
965292127
962001678
957628611
925643359
928025433
978675583
985891342
957028358
927059259
987355532
929903889
929462232
936936623
954324701
992534460
967248779
981978547
956460429
925438040
978656676
956851895
987535368
950667775
960675672
956552050
962899556
935966163
968119352
929793631
995633195
957021517
926851689
990839703
955258827
984247265
973230953
975902200
955275747
964038256
983531929
950667775
926264534
970279230
976944996
986334351
960662319
927684455
975671672
955759125
993343046
975357446
951831084
968867059
930318983
965906918
962084430
955999386
956134971
983320236
984778112
930653413
922513297
978673114
994693533
994981795
921860090
930356981
980622556
962688381
954069784
981286887
949804813
976279909
949761514
949473343
963791581
980885389
982516882
975996400
976468830
987419781
963864552
989119916
994693533
930609707
994775651
968311818
959247179
929499330
977022630
957236082
978837991
973159699
981900755
991017551
976548504
989569480
994957674
966339695
966480472
964234213
991393072
923568716
941361221
957686704
987668385
963635282
922457212
963544812
950406299
972201464
953821484
981980116
962182448
984108331
992887548
971108023
989792319
918291412
985433269
924742422
959650621
969806322
922821632
951972056
956893115
977124898
974501391
983265744
965816129
963635282
950941341
952378160
924594594
930463596
923574843
952215922
930297868
977472301
924679013
961220031
966000659
962259545
928025433
923027274
975103082
949388659
963646417
972145835
927577303
940380747
957548209
929254388
971849641
975748066
951373205
975360554
972696001
995108117
970959763
917808568
976200871
921430423
960337587
987535368
957612654
984578663
923574843
975289731
975760300
985964583
964307770
957270795
976871629
939389228
975592825
979004029
964761262
930757017
975674824
927577303
943646338
951280001
963515067
955884948
973058667
921407028
965292127
927080243
925643359
974777536
964538936
966286611
972723511
940803821
975576966
976614962
975352883
957035374
930757017
935515071
966844722
951831084
975797392
962688381
968823559
930653413
981164682
926944039
973662229
940658587
956893115
984728942
928312692
940658587
983855718
976830365
958805407
930298088
977149309
949761514
975365730
986508150
926360351
925716423
957686704
936113687
981117743
962236322
976351583
988758706
964722538
921133847
978728396
979705556
974569224
930361045
987370552
985234472
981117743
961767710
957401102
974147206
974258850
980622556
971849641
977143117
963682806
927341056
981096648
962531854
989802296
940869599
971733660
949340010
984832401
941792817
951854185
989610444
976464638
976846044
952057620
965544700
979352277
971818820
954638434
951652823
993898318
976846044
997263217
961331393
983923908
958963865
936133680
993657310
972399849
926738746
979003099
957212401
987546105
994775651
961651320
949858232
983136799
979705556
967734617
977754346
994016621
923418138
968968512
949856857
985004466
991409985
959265999
954145480
975339055
952789416
975620951
950129809
961767710
993335299
930580849
982645685
927641146
957432276
983648928
980885389
988366055
929609000
972278755
980918227
973927707
966528537
956956443
925438040
920572595
923457430
918238086
986334351
957592996
957021517
975289731
957270795
921397709
967695123
925649004
928045696
956530233
991028892
974583905
976865196
986676598
918133116
986404962
983788186
926851689
972201464
982516882
950941341
922615241
967841219
986849388
985225956
991354186
975620951
925856105
997107569
982222485
988352949
927331852
930578899
981712882
922437133
975357446
989119916
923418138
976865196
922372053
984507213
984857777
952449640
986404962
920341208
957738077
970944972
979352277
973354079
981654928
954268234
957579498
950129809
926738746
978728396
985299221
980085440
989972122
984113591
951996770
956851895
983835787
939759762
929374197
984704489
925690517
967693472
963820447
921856834
980811155
991127591
920202205
975907225
950272667
963374498
951854185
959651252
980821476
997326705
928456594
975983710
974144635
962708175
926136176
918005043
981764987
984857777
975684759
957858452
950406299
971552720
974281991
949864513
997414227
976017399
974879582
952215922
975576966
980694420
951373205
972660377
958892316
981555294
995071893
980471839
988125431
957502324
985900091
972804722
965636593
981900755
982185387
969970766
977661926
972168209
935179490
925006260
972675956
921407734
980844048
925819442
925727795
970334897
921133847
953691417
963166738
988537490
956441560
922060095
988523940
985177093
927080243
949388659
960956888
981514260
954069784
989455201
926031745
925182152
984113591
992354843
990839703
942022583
926944039
936936623
975339055
951936420
974501391
922372053
927059259
954123187
958910706
955246997
974221522
981286887
930200095
980821927
984671471
930609707
966653209
928855161
989338201
925571714
964555506
929881661
959756506
950421615
975146183
923568716
973999589
966286611
930264431
978172258
975429790
963342042
981783490
961651320
924533131
965284945
972609989
917747461
983207551
980986664
944357765
967542698
951258251
974450390
950900476
994023490
944357765
930063333
977237370
979628769
980085440
922686957
930463596
975671672
979234737
924436347
976871629
976830365
993335299
983752985
975065621
972017507
985750485
925368093
973159699
962531854
957110033
925986680
984114205
975093950
922081969
949800850
981841803
950900476
928697011
974258850
963108695
971885207
967615659
926099107
941447950
981514260
977743797
986212512
980196577
966699995
957035374
997326705
981477628
971002893
973330343
929655061
926360351
981333463
952434601
980915535
930076059
928395968
930200095
963646417
994957674
962708175
949756618
975684759
981135676
956251758
956161793
975103082
951184101
969165866
975897616
983320236
935642046
956134971
984507213
966301414
955759125
963807741
981841803
966327883
952093309
926814605
980649707
964722538
949340010
981654928
987012095
979616291
920470489
981477628
975222221
936146210
988457655
957487589
968823559
952378160
996888605
957487589
971002893
925368093
929609000
988125431
975370107
931401293
988565475
925078253
986128783
925698434
994865697
994015418
962520946
957212401
969004791
952625604
961657722
920202205
965643185
991074080
954633658
949858232
974777536
986177985
993252912
976104606
981164682
976017399
980915535
941361221
932466403
984559089
965643185
967694838
920262867
981712882
981432874
964234213
970959763
971137480
978656676
961275259
963486132
960001323
957468891
957401102
957370998
949431455
978673114
929254388
925690517
981352380
991938808
963418794
927641146
976351583
957432276
987313768
965636593
963682806
921787788
929462232
929320683
984114205
939705617
922345494
976104606
980922130
969621189
923022300
949999412
951044911
990604332
926226173
981732111
981783490
925639629
962070350
978673379
976944996
982914089
976295306
927975008
977599713
929903889
975964490
923758304
976464638
987409759
969400219
949453993
958910706
975413568
930582336
955675028
984176345
981119085
971477244
957432035
987894821
940472177
988158390
918550554
936146210
935966163
940408293
994023490
922437133
925571714
980313408
987635075
992813852
985225956
960662319
985203899
940926743
984980321
961816062
965843375
953573735
982385026
941265087
932466403
994865697
980821927
929709601
981905774
959303266
963515067
979852461
988542754
968867059
929885654
974973768
957548209
985750485
954268234
979641796
973230953
959874452
983685845
917747461
973927707
925650855
992528503
975912611
959303266
950011390
981782371
975429790
988709717
963782126
957232019
929374197
956247158
976048908
929584916
927324186
981732111
977754346
965883898
925182152
965883898
921367093
930582336
926264534
975360554
955246997
979464552
996431735
962642146
926099107
956956443
957468891
983458656
966844722
935515071
957718845
962642146
980192823
975062549
954147784
969621189
951029035
968236968
964083179
981857803
965544186
972691821
982551885
995382155
963784734
925614648
939389228
986676598
972145835
973224299
982007394
922126106
989792319
928392852
919620116
973779587
983788186
968236968
921787788
962182448
989569480
970944972
976830392
956059450
952093309
933049514
932874738
949455090
979964113
971696922
935844765
966808380
956122750
929709601
974879582
985004466
955258827
929294308
976754030
927609920
941385872
983207551
924436347
974001010
964538936
927341056
970279230
962586122
953669930
976830392
996794627
930931951
968434005
976657717
961085152
921757925
976793580
969806322
940380747
921259415
980811155
931263444
926131228
953669930
988457655
949168148
951996770
975146183
932970461
963108695
929885654
957476170
972810149
997107569
972804722
967734617
939759762
982525491
987419781
927331852
988967422
923351896
968119352
974305161
988692567
981764987
974868383
983136799
966912903
983177470
949800850
976915690
948141312
979690091
975860613
966528537
997019414
983138350
983685845
983828889
983644261
961085152
993180954
966699995
969185029
986071515
979004029
979628769
953010784
977472301
974861662
961742349
926943369
963784734
942022583
941447950
993657310
950011390
922149886
956441560
980844048
987546105
968304096
921397709
949856857
951510977
968998683
984778112
992354843
918550554
983752985
972810149
