952242697
232731063
13111962226
3044103067
995850235
729239094
644716127
3135558556
4168486549
17104035814
828560111
7825081302
186086756
299917513
697774450
533128057
465576132
3063875857
6288217919
275999817
506845315
522706784
35069524018
2228675541
549369458
993743721
167819382
1616449314
497762452
1559591415
2250806810
267836348
4340681739
253001919
31031408
272613392
1145670349
1010456477
49970315
541572936
1113587464
237854170
1123622871
1107698422
1163787889
477761657
751123034
2261757246
342267707
220144699
2719973507
31646051108
638290281
56385309854
1582909739
3095348442
1284547112
685762394
1005913362
673259556
2436960789
1235583441
4835318039
3924045596
40395556
564660563
87107869377
326183209
19263306
1951538409
67962432474
219111530
762703242
3097829584
436364008
148280392
572007386
263662830
101929335
19633376
1081834186
5099814
166752538
665766021
1059842007
3214911857
3216889307
688119525
1822966349
867728321
1741012433
788535298
357230972
748241514
1000006504
81553424
210605961
1300020308
2815006114
16076803982
4044051331
684728387
422608103
738788674
205558228
539211417
203495825
200701695
1374213088
474253051
79197558
590728648
456932176
1881047170
773697311
143990835
1322830500
3299163740
20318479167
7229725
996789433
1682173529
433110598
40262349
1224640432
19738389959
672585332
1001681900
195571462
2186046600
1152610752
1953325430
605975881
3458105913
1018354784
7421645366
246511473
99655795
513174130
7131791583
391678441
2409734348
69007324392
539827987
890686585
1747142651
153851495
403249815
938907232
4246026778
275182742
1704544405
2151971095
549765411
671981490
171629775
5130758681
2722599594
139446458
684629855
153929782
263041078
3992921966
319244996
1598190555
750259567
35503326
918233056
399057299
3780095534
25018977570
1404562587
564613629
2016225398
552238591
642938421
173761788
498108884536
1709698675
517153661
63164895942
7607458860
931546486
758372850
776960126
374068706
140099787
808972836
846985916
684404518
573585317
2266286861
957572885
2676812103
535857021
284611848
2403733912
570005064
2503491216
11649012356
1095272260
317793274
3747000966
1018052843
3249547230
285987280
912368247
3563493351
1270644027
260677291
1531931492
662452261
48773380
583919734
1102077112
240332373
897929875
2120145747
3410707457
853239483
866150849
1630224754
862327838
2510748589
19007344825
933212881
444727508
1467241969
706244381
753236319
1657549372
1589850531
280078774
1347713219
5030021122
7682548034
940705592
7404360213
238540371
1114104288
1193322656
295079945
575210351
1599774000
485733846
298500396
3246410448
1171258721
80681701
969388463
615830877
590267044
317717334
951916951
117726195
288087749
552712633
618368420
690087495
811331280
970340730
912882416
803098794
345162719
22828837304
335591317
97752020
1947992490
1385350400
3893658593
5465735300
220053644
1592519862
949819101
251589262
1045847536
307990331
1556896949
6036244164
648804189
4228833041
275931456
713787303
1517504404
1636659652
8569159054
1415206232
1568147909
3938360699
1345988983
1318384412
2083486348
181315174
3645395929
33773169
770576609
527527742
976267316
1240855600
1342439393
13755976386
2846886672
9435376442
3996851630
696334386
1189754477
3890633874
507139659
2623012782
1542419174
28780264
1036562434
373365195
33236909678
3411872803
1291783753
1611347355
4596353243
8620552948
10173170326
111672938
1901943189
713450928
1357192422
531124644
516499822
426632890
1144716853
436480964
3293531646
2013109039
823313446
643775414
27239055
105461018
3301268980
930194994
198940532
74783062
1096826846
2105314658
5034847445
374145619
2330567289
1889092690
3002072811
1212134489
2310420173
1485950009
53806219
271330943
944836641
1345919925
13353798991
1148741733
7192265682
5367157512
1357651183
869228232
2532899580
393686922
10662207
399729662
534725671
2037114352
1010069742
788163752
442550281
493076262
866284565
1026541530
623551308
1132632763
545047945
2248574112
20230619616
387393603
192135259
3734087116
651348187
1774281866
3283139113
1299643267
491608517
258021967
8310969931
950798035
239227932
457797433
483796094
4341653635
483364962
2450501769
2097383339
2051043546
406794006
663576637
12956412212
1260640217
66201525429
132873733
88012402
3938530298
302774535
1116903746
800212143
1288707109
94481910
13005685677
3853303735
636525485
659211312
743039334
386686426
79302919
186727418
8708285724
317869826
1265011743
405959672
271600747
1153123110
3240347303
651735894
200534467
4314392447
159708852
1215798002
967544193
930934083
4372215701
4146535369
633229368
2565697823
1446589831
830126211
275768629
1062937576
63612170
1881868931
1579922267
690554364
120905176
555976594
4300353342
1916705386
4125606847
123512972
315934857
169955632
730723632
1247672348
1094179039
605208700
572854683
1206939189
1905149248
610532999
7379221380
138911930
402522412
2508298197
1699047799
496203476
2001735238
490368680
691788075
1166825982
13249850694
463197426
1285683386
474204535
666919637
724225580
2111452431
1210405408
31367961
8626131546
244880679
428020701
3376475528
7737923489
1144547725
752153793
688877333
852814239
1825277026
5669500855
1261726610
5449825358
10301939426
900437554
134723101
211160844
2902350550
405716369
8372426692
225179298
263883732
517375924
467523589
437556954
20334831126
8703702991
493604899
762874928
762969942
346334052
30938898234
1139332816
972122942
398016872
1498251900
1116115909
787936629
660832995
1081899887
503036037
333474024
661880268
1194287549
186883522
3338152
2171090388
2235797109
440774506
29767437939
1419002939
768030908
4051136284
6814740079
1235185850
792298106
271607295
661977414
9868367995
1558952298
350489081
1261695431
117402861
1546854546
412321320
2010199928
2363332728
1564750052
28294784499
528944428
11725322583
119728078
810867604
441857956
173190602
49245373313
89918826
1651478427
3598754547
34935505
1100189231
2579265491
1398442921
543420378
1305064272
60119957
327079801
397642880
3381259898
2336737215
192205404305
836936977
2141471645
4901536119
920614784
235626504
1499266356
1161332182
4845170740
5282681680
205386283
2313971426
314890095
289124485
628297009
500292197
81412343
419174450
618158311
468572016
409239845
668488244
1175732082
498813117
2265078947
4200367711
510561936
2331844080
764461192
937984206
7281035825
1507985712
31610107251
139130109
186776568
67072010
717417391
271732308
32764468
2037937494
22469601674
262285605
4189956591
527574481
1751865259
999833155
1373968635
4519286834
7526586685
150267183
535030369
1156292524
1285866318
475717030
991688523
149081712
162973958
270403129
954235970
680313113
581294213
1928229570
742655051
1069160884
2685393863
1899824228
534652265
414726308
470964953
2492322664
2916377526
1231725867
1195791084
14413314666
345855360
818557176
12930530840
125376794
714498207
92353341
2888007099
365043845
1449591428
1672741731
426721782
816690928
4917673922
7021358532
1169901128
178257011
607872856
533685350
7280419598
968550740
1163939388
468170718
1416588469
176379422
11414110974
28567252
3081567593
37125734
2360680400
2604577239
2467724944
1283723435
2561430309
116412980429
3373791922
1389056056
3188448316
3300144115
12667483995
9773797270
4270209975
3018674867
793159372
1170342432
4675151342
433350590
47610187506
1223008249
928591514
252787797
1225593904
177225775
688270833
651075128
476487508
671714249
857564865
700042884
399150238
1699611665
926689454
1165858461
2060114075
2486651691
681011897
1394019430
1244119281
2204161655
1243869065
3385410606
288953443
239992471
1005474971
37539940
184259455
6759043285
1796451800
1359813795
940166894
5736635751
953998872
1354974457
6507367136
11413233975
3979799986
1060846273
6750583580
1360822121
347167618
8857002384
751607606
7017225345
1614922440
418734317
1329458600
814411454
604682695
9240535031
6201835529
1166270674
742588749
902936993
75640251
2293113671
544350109
523762967
1134713858
28108471826
1649427420
1259558402
2381226810
842866002
227020764
544672699
4060911462
490956211
5854165269
98499601
244912681
1237337704
387554128
1936856665
1642481560
381967469
963948297
537023073
70404016
343401540
194502124
297838400
1144047286
106732238
503744266
1289401140
175511960
1583507548
293918117
404294383
289490121
2846835455
755628768
46252034
454563645
90940956
493414413
1622435375
680374185
791845571
944300281
1263476704
1450500733
512020634
7652887593
201385635
1510993285
524503967
1828955296
1367373012
810018488
1117803333
111290629
22741267518
1244937494
1291310950
742080967
168782096
436056006
302324237
3697307733
291866526
4960497012
1011528740
244726278
752468936
1303753547
2041554852
1676848911
111223436
889403082
178372978
750372522
6326858833
1137656967
1329104768
455914271
470020429
1134487288
1443443650
476122010
997078407
24769745807
1587412773
489879956
843141848
3221974722
88511532
4168219463
1420781453
183122472
643891742
1198303867
594416267
380663953
225827903
1553427882
55981153603
517112574
1226409024
851141831
1217889632
5151221274
277066260
1816978660
5132191068
1259804886
635601400
369485051
6786986518
334941300
1429364822
495708501
3441709024
7860925446
8729201231
457358564
1033165010
392452924
344564746
68668612
635514572
1405954994
7246721616
1661912376
276784985
28731077825
441342192
125704468
1009525237
178108818
79235913
1281316660
703886209
19340013045
3234203638
180582334
1505020556
466519652
5080978270
920693780
246817420
914042820
585693106
1064190294
2224897880
1523858201
510372313
1043794439
465286194
3336071109
2346424148
544673367
7152608505
1257343522
360778214
9295668234
406026336
17557311034
409180702
1020302276
2099191118
359321552
14365526328
344868284
442789307
81130199
568616460
50911353
178108739
61881638
872160920
20363201015
264904307
852564681
456817876
145765277
591577148
401555915
3578264548
664231683
1237783162
2401890224
1057872642
2292742538
789799662
264134094
5515420734
584830917
3135485655
2820712391
1425392185
678329470
6716220775
505051329
443587256
1436738661
1384165297
8513385886
4902538321
633845879
87621570
462634356
155495886
418545937
1911598924
126590917
4325748786
604671052
1442610406
44452162
341444534
787864807
789888731
797039221
344280686
942603115
3904135557
254913158
664999210
2324128310
20796933976
486178541
1374150918
1907921528
2606856482
655387809
2802396418
529612685
470823555
616726325
2999079145
875650081
735067359
6692149084
166973208
171934775
808360439
726839576
170555783
1141890748
1299030092
1258818495
1295106235
650447873
922768113
976426877
3013239899
3125185754
136410189
1415029030
